Logging to file: vrp_optimization_20251002_114213.log (steps)
Output file set: sailfish_vrp_SF2_S3_20251002_114213.txt
================================================================================
SAILFISH VRP OPTIMIZATION - ITERATION 0
================================================================================

================================================================================
1. INITIAL VARIABLES AND VRP DATA
================================================================================
Initial Parameters:
- Problem size: 18 customers
- Sailfish population: 2
- Sardine population: 3
- Maximum iterations: 5
- Parameter A: 4.0
- Epsilon: 0.001

VRP Problem Data:
==================================================
Max Capacity: 300.0
Max Vehicles: 1
Number of Customers: 18

Depot: ID=0, X=30.0, Y=40.0, Demand=0.0

Customers:
ID   X      Y      Demand  
------------------------------
1    69.0   77.0   7.0     
2    49.0   48.0   10.0    
3    77.0   73.0   23.0    
4    64.0   52.0   16.0    
5    47.0   24.0   19.0    
6    55.0   70.0   7.0     
7    26.0   41.0   11.0    
8    57.0   29.0   7.0     
9    68.0   29.0   24.0    
10   65.0   29.0   7.0     
11   69.0   76.0   9.0     
12   47.0   71.0   6.0     
13   20.0   68.0   35.0    
14   61.0   78.0   26.0    
15   63.0   63.0   32.0    
16   54.0   53.0   31.0    
17   36.0   21.0   7.0     
18   48.0   37.0   23.0    

================================================================================
2. RANDOM SAILFISH AND SARDINES
================================================================================
SAILFISH Random Values:
ID      C 1   C 2   C 3   C 4   C 5   C 6   C 7   C 8   C 9   C10   C11   C12   C13   C14   C15   C16   C17   C18   
SF1     0.468 0.000 0.802 0.328 0.409 0.447 0.969 0.977 0.651 0.135 0.931 0.767 0.531 0.846 0.599 0.899 0.571 0.247 
SF2     0.485 0.600 0.242 0.208 0.464 0.804 0.952 0.397 0.055 0.817 0.528 0.126 0.571 0.151 0.090 0.219 0.318 0.092 

SARDINE Random Values:
ID      C 1   C 2   C 3   C 4   C 5   C 6   C 7   C 8   C 9   C10   C11   C12   C13   C14   C15   C16   C17   C18   
S1      0.851 0.954 0.289 0.089 0.206 0.683 0.782 0.345 0.902 0.646 0.565 0.467 0.991 0.060 0.244 0.743 0.049 0.282 
S2      0.431 0.355 0.219 0.390 0.276 0.050 0.873 0.587 0.831 0.890 0.274 0.207 0.154 0.766 0.732 0.551 0.310 0.264 
S3      0.283 0.791 0.201 0.610 0.671 0.554 0.804 0.036 0.073 0.066 0.780 0.728 0.806 0.330 0.610 0.963 0.352 0.607 

================================================================================
3. ROUTES FOR EACH SAILFISH AND SARDINE
================================================================================
SAILFISH Routes:

===== SF1 ====================================================
Random values: [0.468, 0.0, 0.802, 0.328, 0.409, 0.447, 0.969, 0.977, 0.651, 0.135, 0.931, 0.767, 0.531, 0.846, 0.599, 0.899, 0.571, 0.247]
Routes (with depot returns): Route1: 0-2-10-18-4-5-6-1-13-17-15-9-12-3-14-16-11-7-8-0  
Route1 demand: 300.0/300.0

===== SF2 ====================================================
Random values: [0.485, 0.6, 0.242, 0.208, 0.464, 0.804, 0.952, 0.397, 0.055, 0.817, 0.528, 0.126, 0.571, 0.151, 0.09, 0.219, 0.318, 0.092]
Routes (with depot returns): Route1: 0-9-15-18-12-14-4-16-3-17-8-5-1-11-13-2-6-10-7-0  
Route1 demand: 300.0/300.0

SARDINE Routes:

===== S1 ====================================================
Random values: [0.851, 0.954, 0.289, 0.089, 0.206, 0.683, 0.782, 0.345, 0.902, 0.646, 0.565, 0.467, 0.991, 0.06, 0.244, 0.743, 0.049, 0.282]
Routes (with depot returns): Route1: 0-17-14-4-5-15-18-3-8-12-11-10-6-16-7-1-9-2-13-0  
Route1 demand: 300.0/300.0

===== S2 ====================================================
Random values: [0.431, 0.355, 0.219, 0.39, 0.276, 0.05, 0.873, 0.587, 0.831, 0.89, 0.274, 0.207, 0.154, 0.766, 0.732, 0.551, 0.31, 0.264]
Routes (with depot returns): Route1: 0-6-13-12-3-18-11-5-17-2-4-1-16-8-15-14-9-7-10-0  
Route1 demand: 300.0/300.0

===== S3 ====================================================
Random values: [0.283, 0.791, 0.201, 0.61, 0.671, 0.554, 0.804, 0.036, 0.073, 0.066, 0.78, 0.728, 0.806, 0.33, 0.61, 0.963, 0.352, 0.607]
Routes (with depot returns): Route1: 0-8-10-9-3-1-14-17-6-18-4-15-5-12-11-2-7-13-16-0  
Route1 demand: 300.0/300.0

================================================================================
4. FITNESS SUMMARY
================================================================================
SAILFISH FITNESS SCORES:
------------------------------
SF1: 630.086
SF2: 573.378 ⭐ BEST

SARDINE FITNESS SCORES:
-------------------------
S1: 706.347
S2: 633.531
S3: 545.861 ⭐ BEST

OVERALL SUMMARY:
--------------------
Best Sailfish Fitness: 573.378
Best Sardine Fitness: 545.861
Overall Best Fitness: 545.861
Best Routes: [[8, 10, 9, 3, 1, 14, 17, 6, 18, 4, 15, 5, 12, 11, 2, 7, 13, 16]]

========================================================================================================================
5. COMPREHENSIVE RESULTS TABLE
========================================================================================================================
ID   Random Values                  Routes                                   Fitness   
------------------------------------------------------------------------------------------------------------------------
SF1  ['0.468', '0.000', '0.802', '0.328', '0.409', '0.447', '0.969', '0.977', '0.651', '0.135', '0.931', '0.767', '0.531', '0.846', '0.599', '0.899', '0.571', '0.247'] [[2, 10, 18, 4, 5, 6, 1, 13, 17, 15, 9, 12, 3, 14, 16, 11, 7, 8]] 630.086   
SF2  ['0.485', '0.600', '0.242', '0.208', '0.464', '0.804', '0.952', '0.397', '0.055', '0.817', '0.528', '0.126', '0.571', '0.151', '0.090', '0.219', '0.318', '0.092'] [[9, 15, 18, 12, 14, 4, 16, 3, 17, 8, 5, 1, 11, 13, 2, 6, 10, 7]] 573.378   
S1   ['0.851', '0.954', '0.289', '0.089', '0.206', '0.683', '0.782', '0.345', '0.902', '0.646', '0.565', '0.467', '0.991', '0.060', '0.244', '0.743', '0.049', '0.282'] [[17, 14, 4, 5, 15, 18, 3, 8, 12, 11, 10, 6, 16, 7, 1, 9, 2, 13]] 706.347   
S2   ['0.431', '0.355', '0.219', '0.390', '0.276', '0.050', '0.873', '0.587', '0.831', '0.890', '0.274', '0.207', '0.154', '0.766', '0.732', '0.551', '0.310', '0.264'] [[6, 13, 12, 3, 18, 11, 5, 17, 2, 4, 1, 16, 8, 15, 14, 9, 7, 10]] 633.531   
S3   ['0.283', '0.791', '0.201', '0.610', '0.671', '0.554', '0.804', '0.036', '0.073', '0.066', '0.780', '0.728', '0.806', '0.330', '0.610', '0.963', '0.352', '0.607'] [[8, 10, 9, 3, 1, 14, 17, 6, 18, 4, 15, 5, 12, 11, 2, 7, 13, 16]] 545.861    🎯

Best Solution: 545.861
================================================================================
ITERATION 1
================================================================================
Population Decline (PD) = 1 - (2 / 5) = 0.600000

Lambda Calculations:
SF1: λ_1 = (2 × 0.342 × 0.600000) - 0.600000 = -0.189600
SF2: λ_2 = (2 × 0.673 × 0.600000) - 0.600000 = 0.207600
FORMULA: SF[i] = elite_sailfish_fitness - lambda[k] × ((random × (elite_sailfish_fitness + injured_sardine_fitness)/2) - old_sailfish)
Elite Sailfish Fitness: 573.378
Injured Sardine Fitness: 545.861
ITERATION > 0: Using replacement-specific positions for updates...
SF1 was not replaced, using original sorted position
SF2 was not replaced, using original sorted position

Updating SF1:
  Pos[1]: 573.378 - -0.189600 × ((0.563 × 559.619) - 0.485) = 633.022
  Pos[2]: 573.378 - -0.189600 × ((0.455 × 559.619) - 0.600) = 621.541
  Pos[3]: 573.378 - -0.189600 × ((0.195 × 559.619) - 0.242) = 594.022
  Pos[4]: 573.378 - -0.189600 × ((0.521 × 559.619) - 0.208) = 628.618
  Pos[5]: 573.378 - -0.189600 × ((0.968 × 559.619) - 0.464) = 675.998
  Pos[6]: 573.378 - -0.189600 × ((0.257 × 559.619) - 0.804) = 600.494
  Pos[7]: 573.378 - -0.189600 × ((0.561 × 559.619) - 0.952) = 632.721
  Pos[8]: 573.378 - -0.189600 × ((0.323 × 559.619) - 0.397) = 607.574
  Pos[9]: 573.378 - -0.189600 × ((0.949 × 559.619) - 0.055) = 674.060
  Pos[10]: 573.378 - -0.189600 × ((0.953 × 559.619) - 0.817) = 674.340
  Pos[11]: 573.378 - -0.189600 × ((0.143 × 559.619) - 0.528) = 588.450
  Pos[12]: 573.378 - -0.189600 × ((0.999 × 559.619) - 0.126) = 679.351
  Pos[13]: 573.378 - -0.189600 × ((0.597 × 559.619) - 0.571) = 636.613
  Pos[14]: 573.378 - -0.189600 × ((0.263 × 559.619) - 0.151) = 601.254
  Pos[15]: 573.378 - -0.189600 × ((0.488 × 559.619) - 0.090) = 625.139
  Pos[16]: 573.378 - -0.189600 × ((0.043 × 559.619) - 0.219) = 577.898
  Pos[17]: 573.378 - -0.189600 × ((0.776 × 559.619) - 0.318) = 655.654
  Pos[18]: 573.378 - -0.189600 × ((0.214 × 559.619) - 0.092) = 596.066
New position: ['633.022', '621.541', '594.022', '628.618', '675.998', '600.494', '632.721', '607.574', '674.060', '674.340', '588.450', '679.351', '636.613', '601.254', '625.139', '577.898', '655.654', '596.066']

Updating SF2:
  Pos[1]: 573.378 - 0.207600 × ((0.277 × 559.619) - 0.468) = 541.294
  Pos[2]: 573.378 - 0.207600 × ((0.648 × 559.619) - 0.000) = 498.095
  Pos[3]: 573.378 - 0.207600 × ((0.287 × 559.619) - 0.802) = 540.201
  Pos[4]: 573.378 - 0.207600 × ((0.658 × 559.619) - 0.328) = 497.001
  Pos[5]: 573.378 - 0.207600 × ((0.003 × 559.619) - 0.409) = 573.114
  Pos[6]: 573.378 - 0.207600 × ((0.409 × 559.619) - 0.447) = 525.954
  Pos[7]: 573.378 - 0.207600 × ((0.402 × 559.619) - 0.969) = 526.876
  Pos[8]: 573.378 - 0.207600 × ((0.863 × 559.619) - 0.977) = 473.320
  Pos[9]: 573.378 - 0.207600 × ((0.682 × 559.619) - 0.651) = 494.280
  Pos[10]: 573.378 - 0.207600 × ((0.343 × 559.619) - 0.135) = 533.557
  Pos[11]: 573.378 - 0.207600 × ((0.422 × 559.619) - 0.931) = 524.544
  Pos[12]: 573.378 - 0.207600 × ((0.205 × 559.619) - 0.767) = 549.720
  Pos[13]: 573.378 - 0.207600 × ((0.017 × 559.619) - 0.531) = 571.513
  Pos[14]: 573.378 - 0.207600 × ((0.397 × 559.619) - 0.846) = 527.431
  Pos[15]: 573.378 - 0.207600 × ((0.144 × 559.619) - 0.599) = 556.772
  Pos[16]: 573.378 - 0.207600 × ((0.839 × 559.619) - 0.899) = 476.092
  Pos[17]: 573.378 - 0.207600 × ((0.466 × 559.619) - 0.571) = 519.358
  Pos[18]: 573.378 - 0.207600 × ((0.059 × 559.619) - 0.247) = 566.574
New position: ['541.294', '498.095', '540.201', '497.001', '573.114', '525.954', '526.876', '473.320', '494.280', '533.557', '524.544', '549.720', '571.513', '527.431', '556.772', '476.092', '519.358', '566.574']

All sailfish positions updated!

FORMULA: S[i] = random × (elite_sailfish_fitness - old_sardine + AP)
Elite Sailfish Fitness: 573.378
Updating ALL sardines:

Updating S1:
  Pos[1]: 0.060 × (573.378 - 0.283 + 2.000000) = 34.506
  Pos[2]: 0.520 × (573.378 - 0.791 + 2.000000) = 298.785
  Pos[3]: 0.107 × (573.378 - 0.201 + 2.000000) = 61.544
  Pos[4]: 0.031 × (573.378 - 0.610 + 2.000000) = 17.818
  Pos[5]: 0.620 × (573.378 - 0.671 + 2.000000) = 356.318
  Pos[6]: 0.290 × (573.378 - 0.554 + 2.000000) = 166.699
  Pos[7]: 0.445 × (573.378 - 0.804 + 2.000000) = 255.685
  Pos[8]: 0.156 × (573.378 - 0.036 + 2.000000) = 89.753
  Pos[9]: 0.879 × (573.378 - 0.073 + 2.000000) = 505.693
  Pos[10]: 0.634 × (573.378 - 0.066 + 2.000000) = 364.748
  Pos[11]: 0.120 × (573.378 - 0.780 + 2.000000) = 68.952
  Pos[12]: 0.231 × (573.378 - 0.728 + 2.000000) = 132.744
  Pos[13]: 0.439 × (573.378 - 0.806 + 2.000000) = 252.237
  Pos[14]: 0.654 × (573.378 - 0.330 + 2.000000) = 376.081
  Pos[15]: 0.826 × (573.378 - 0.610 + 2.000000) = 474.758
  Pos[16]: 0.099 × (573.378 - 0.963 + 2.000000) = 56.867
  Pos[17]: 0.705 × (573.378 - 0.352 + 2.000000) = 405.393
  Pos[18]: 0.605 × (573.378 - 0.607 + 2.000000) = 347.736
New position: ['34.506', '298.785', '61.544', '17.818', '356.318', '166.699', '255.685', '89.753', '505.693', '364.748', '68.952', '132.744', '252.237', '376.081', '474.758', '56.867', '405.393', '347.736']

Updating S2:
  Pos[1]: 0.952 × (573.378 - 0.431 + 2.000000) = 547.349
  Pos[2]: 0.116 × (573.378 - 0.355 + 2.000000) = 66.703
  Pos[3]: 0.617 × (573.378 - 0.219 + 2.000000) = 354.873
  Pos[4]: 0.063 × (573.378 - 0.390 + 2.000000) = 36.224
  Pos[5]: 0.532 × (573.378 - 0.276 + 2.000000) = 305.954
  Pos[6]: 0.111 × (573.378 - 0.050 + 2.000000) = 63.861
  Pos[7]: 0.671 × (573.378 - 0.873 + 2.000000) = 385.493
  Pos[8]: 0.854 × (573.378 - 0.587 + 2.000000) = 490.871
  Pos[9]: 0.141 × (573.378 - 0.831 + 2.000000) = 81.011
  Pos[10]: 0.833 × (573.378 - 0.890 + 2.000000) = 478.548
  Pos[11]: 0.942 × (573.378 - 0.274 + 2.000000) = 541.748
  Pos[12]: 0.515 × (573.378 - 0.207 + 2.000000) = 296.213
  Pos[13]: 0.138 × (573.378 - 0.154 + 2.000000) = 79.381
  Pos[14]: 0.443 × (573.378 - 0.766 + 2.000000) = 254.553
  Pos[15]: 0.116 × (573.378 - 0.732 + 2.000000) = 66.659
  Pos[16]: 0.643 × (573.378 - 0.551 + 2.000000) = 369.613
  Pos[17]: 0.216 × (573.378 - 0.310 + 2.000000) = 124.215
  Pos[18]: 0.600 × (573.378 - 0.264 + 2.000000) = 345.068
New position: ['547.349', '66.703', '354.873', '36.224', '305.954', '63.861', '385.493', '490.871', '81.011', '478.548', '541.748', '296.213', '79.381', '254.553', '66.659', '369.613', '124.215', '345.068']

Updating S3:
  Pos[1]: 0.172 × (573.378 - 0.851 + 2.000000) = 98.819
  Pos[2]: 0.817 × (573.378 - 0.954 + 2.000000) = 469.304
  Pos[3]: 0.097 × (573.378 - 0.289 + 2.000000) = 55.784
  Pos[4]: 0.635 × (573.378 - 0.089 + 2.000000) = 365.308
  Pos[5]: 0.758 × (573.378 - 0.206 + 2.000000) = 435.980
  Pos[6]: 0.198 × (573.378 - 0.683 + 2.000000) = 113.790
  Pos[7]: 0.192 × (573.378 - 0.782 + 2.000000) = 110.322
  Pos[8]: 0.545 × (573.378 - 0.345 + 2.000000) = 313.393
  Pos[9]: 0.141 × (573.378 - 0.902 + 2.000000) = 81.001
  Pos[10]: 0.318 × (573.378 - 0.646 + 2.000000) = 182.765
  Pos[11]: 0.770 × (573.378 - 0.565 + 2.000000) = 442.606
  Pos[12]: 0.314 × (573.378 - 0.467 + 2.000000) = 180.522
  Pos[13]: 0.264 × (573.378 - 0.991 + 2.000000) = 151.638
  Pos[14]: 0.444 × (573.378 - 0.060 + 2.000000) = 255.441
  Pos[15]: 0.870 × (573.378 - 0.244 + 2.000000) = 500.366
  Pos[16]: 0.125 × (573.378 - 0.743 + 2.000000) = 71.829
  Pos[17]: 0.528 × (573.378 - 0.049 + 2.000000) = 303.773
  Pos[18]: 0.808 × (573.378 - 0.282 + 2.000000) = 464.677
New position: ['98.819', '469.304', '55.784', '365.308', '435.980', '113.790', '110.322', '313.393', '81.001', '182.765', '442.606', '180.522', '151.638', '255.441', '500.366', '71.829', '303.773', '464.677']

All sardine positions updated!

================================================================================
ITERATION 1 - STEP 4: SAILFISH-SARDINE REPLACEMENT
================================================================================
Analysis:
- Worst sailfish fitness: 630.086
- Sardines better than worst sailfish: 1

Replacement 1:
- Sardine S3 (fitness: 545.861) -> Sailfish SF1 (fitness: 630.086)

Replacement Summary: 1 replacements made

================================================================================
ITERATION 1 - STEP 1: GENERATING NEW ROUTES
================================================================================
SAILFISH Routes:

===== SF1 ====================================================
Random values: [0.283, 0.791, 0.201, 0.61, 0.671, 0.554, 0.804, 0.036, 0.073, 0.066, 0.78, 0.728, 0.806, 0.33, 0.61, 0.963, 0.352, 0.607]
Routes (with depot returns): Route1: 0-8-10-9-3-1-14-17-6-18-4-15-5-12-11-2-7-13-16-0  
Route1 demand: 300.0/300.0

===== SF2 ====================================================
Random values: [0.485, 0.6, 0.242, 0.208, 0.464, 0.804, 0.952, 0.397, 0.055, 0.817, 0.528, 0.126, 0.571, 0.151, 0.09, 0.219, 0.318, 0.092]
Routes (with depot returns): Route1: 0-9-15-18-12-14-4-16-3-17-8-5-1-11-13-2-6-10-7-0  
Route1 demand: 300.0/300.0

SARDINE Routes:

===== S1 ====================================================
Random values: [0.851, 0.954, 0.289, 0.089, 0.206, 0.683, 0.782, 0.345, 0.902, 0.646, 0.565, 0.467, 0.991, 0.06, 0.244, 0.743, 0.049, 0.282]
Routes (with depot returns): Route1: 0-17-14-4-5-15-18-3-8-12-11-10-6-16-7-1-9-2-13-0  
Route1 demand: 300.0/300.0

===== S2 ====================================================
Random values: [0.431, 0.355, 0.219, 0.39, 0.276, 0.05, 0.873, 0.587, 0.831, 0.89, 0.274, 0.207, 0.154, 0.766, 0.732, 0.551, 0.31, 0.264]
Routes (with depot returns): Route1: 0-6-13-12-3-18-11-5-17-2-4-1-16-8-15-14-9-7-10-0  
Route1 demand: 300.0/300.0

================================================================================
ITERATION 1 - STEP 3: FITNESS SUMMARY
================================================================================
SAILFISH FITNESS SCORES:
------------------------------
SF1: 545.861 ⭐ BEST
SF2: 573.378

SARDINE FITNESS SCORES:
-------------------------
S1: 706.347
S2: 633.531 ⭐ BEST

OVERALL SUMMARY:
--------------------
Best Sailfish Fitness: 545.861
Best Sardine Fitness: 633.531
Overall Best Fitness: 545.861
Best Routes: [[8, 10, 9, 3, 1, 14, 17, 6, 18, 4, 15, 5, 12, 11, 2, 7, 13, 16]]

========================================================================================================================
ITERATION 1 - COMPREHENSIVE RESULTS TABLE
========================================================================================================================
ID   Random Values                  Routes                                   Fitness   
------------------------------------------------------------------------------------------------------------------------
SF1  ['0.283', '0.791', '0.201', '0.610', '0.671', '0.554', '0.804', '0.036', '0.073', '0.066', '0.780', '0.728', '0.806', '0.330', '0.610', '0.963', '0.352', '0.607'] [[8, 10, 9, 3, 1, 14, 17, 6, 18, 4, 15, 5, 12, 11, 2, 7, 13, 16]] 545.861    🎯
SF2  ['0.485', '0.600', '0.242', '0.208', '0.464', '0.804', '0.952', '0.397', '0.055', '0.817', '0.528', '0.126', '0.571', '0.151', '0.090', '0.219', '0.318', '0.092'] [[9, 15, 18, 12, 14, 4, 16, 3, 17, 8, 5, 1, 11, 13, 2, 6, 10, 7]] 573.378   
S1   ['0.851', '0.954', '0.289', '0.089', '0.206', '0.683', '0.782', '0.345', '0.902', '0.646', '0.565', '0.467', '0.991', '0.060', '0.244', '0.743', '0.049', '0.282'] [[17, 14, 4, 5, 15, 18, 3, 8, 12, 11, 10, 6, 16, 7, 1, 9, 2, 13]] 706.347   
S2   ['0.431', '0.355', '0.219', '0.390', '0.276', '0.050', '0.873', '0.587', '0.831', '0.890', '0.274', '0.207', '0.154', '0.766', '0.732', '0.551', '0.310', '0.264'] [[6, 13, 12, 3, 18, 11, 5, 17, 2, 4, 1, 16, 8, 15, 14, 9, 7, 10]] 633.531   

Best Solution: 545.861
================================================================================
ITERATION 2
================================================================================
Population Decline (PD) = 1 - (2 / 4) = 0.500000

Lambda Calculations:
SF1: λ_1 = (2 × 0.093 × 0.500000) - 0.500000 = -0.407000
SF2: λ_2 = (2 × 0.467 × 0.500000) - 0.500000 = -0.033000
FORMULA: SF[i] = elite_sailfish_fitness - lambda[k] × ((random × (elite_sailfish_fitness + injured_sardine_fitness)/2) - old_sailfish)
Elite Sailfish Fitness: 545.861
Injured Sardine Fitness: 633.531
ITERATION > 0: Using replacement-specific positions for updates...
SF1 was replaced by S3, using S3 position
SF2 was not replaced, using original sorted position

Updating SF1:
  Pos[1]: 545.861 - -0.407000 × ((0.496 × 589.696) - 0.283) = 664.789
  Pos[2]: 545.861 - -0.407000 × ((0.869 × 589.696) - 0.791) = 754.105
  Pos[3]: 545.861 - -0.407000 × ((0.651 × 589.696) - 0.201) = 702.024
  Pos[4]: 545.861 - -0.407000 × ((0.380 × 589.696) - 0.610) = 636.816
  Pos[5]: 545.861 - -0.407000 × ((0.355 × 589.696) - 0.671) = 630.791
  Pos[6]: 545.861 - -0.407000 × ((0.797 × 589.696) - 0.554) = 736.921
  Pos[7]: 545.861 - -0.407000 × ((0.814 × 589.696) - 0.804) = 740.899
  Pos[8]: 545.861 - -0.407000 × ((0.879 × 589.696) - 0.036) = 756.812
  Pos[9]: 545.861 - -0.407000 × ((0.731 × 589.696) - 0.073) = 721.276
  Pos[10]: 545.861 - -0.407000 × ((0.568 × 589.696) - 0.066) = 682.158
  Pos[11]: 545.861 - -0.407000 × ((0.285 × 589.696) - 0.780) = 613.946
  Pos[12]: 545.861 - -0.407000 × ((0.217 × 589.696) - 0.728) = 597.646
  Pos[13]: 545.861 - -0.407000 × ((0.036 × 589.696) - 0.806) = 554.174
  Pos[14]: 545.861 - -0.407000 × ((0.917 × 589.696) - 0.330) = 765.813
  Pos[15]: 545.861 - -0.407000 × ((0.622 × 589.696) - 0.610) = 694.897
  Pos[16]: 545.861 - -0.407000 × ((0.062 × 589.696) - 0.963) = 560.350
  Pos[17]: 545.861 - -0.407000 × ((0.190 × 589.696) - 0.352) = 591.319
  Pos[18]: 545.861 - -0.407000 × ((0.808 × 589.696) - 0.607) = 739.539
New position: ['664.789', '754.105', '702.024', '636.816', '630.791', '736.921', '740.899', '756.812', '721.276', '682.158', '613.946', '597.646', '554.174', '765.813', '694.897', '560.350', '591.319', '739.539']

Updating SF2:
  Pos[1]: 545.861 - -0.033000 × ((0.449 × 589.696) - 0.485) = 554.583
  Pos[2]: 545.861 - -0.033000 × ((0.510 × 589.696) - 0.600) = 555.766
  Pos[3]: 545.861 - -0.033000 × ((0.775 × 589.696) - 0.242) = 560.935
  Pos[4]: 545.861 - -0.033000 × ((0.436 × 589.696) - 0.208) = 554.339
  Pos[5]: 545.861 - -0.033000 × ((0.096 × 589.696) - 0.464) = 547.714
  Pos[6]: 545.861 - -0.033000 × ((0.443 × 589.696) - 0.804) = 554.456
  Pos[7]: 545.861 - -0.033000 × ((0.053 × 589.696) - 0.952) = 546.861
  Pos[8]: 545.861 - -0.033000 × ((0.542 × 589.696) - 0.397) = 556.396
  Pos[9]: 545.861 - -0.033000 × ((0.842 × 589.696) - 0.055) = 562.245
  Pos[10]: 545.861 - -0.033000 × ((0.574 × 589.696) - 0.817) = 557.004
  Pos[11]: 545.861 - -0.033000 × ((0.579 × 589.696) - 0.528) = 557.111
  Pos[12]: 545.861 - -0.033000 × ((0.588 × 589.696) - 0.126) = 557.300
  Pos[13]: 545.861 - -0.033000 × ((0.306 × 589.696) - 0.571) = 551.797
  Pos[14]: 545.861 - -0.033000 × ((0.430 × 589.696) - 0.151) = 554.224
  Pos[15]: 545.861 - -0.033000 × ((0.095 × 589.696) - 0.090) = 547.707
  Pos[16]: 545.861 - -0.033000 × ((0.588 × 589.696) - 0.219) = 557.297
  Pos[17]: 545.861 - -0.033000 × ((0.428 × 589.696) - 0.318) = 554.180
  Pos[18]: 545.861 - -0.033000 × ((0.837 × 589.696) - 0.092) = 562.146
New position: ['554.583', '555.766', '560.935', '554.339', '547.714', '554.456', '546.861', '556.396', '562.245', '557.004', '557.111', '557.300', '551.797', '554.224', '547.707', '557.297', '554.180', '562.146']

All sailfish positions updated!

FORMULA: S[i] = random × (elite_sailfish_fitness - old_sardine + AP)
Elite Sailfish Fitness: 545.861
Updating ALL sardines:

Updating S1:
  Pos[1]: 0.675 × (545.861 - 0.431 + 2.000000) = 369.516
  Pos[2]: 0.397 × (545.861 - 0.355 + 2.000000) = 217.360
  Pos[3]: 0.232 × (545.861 - 0.219 + 2.000000) = 127.053
  Pos[4]: 0.817 × (545.861 - 0.390 + 2.000000) = 447.284
  Pos[5]: 0.078 × (545.861 - 0.276 + 2.000000) = 42.712
  Pos[6]: 0.339 × (545.861 - 0.050 + 2.000000) = 185.708
  Pos[7]: 0.402 × (545.861 - 0.873 + 2.000000) = 219.889
  Pos[8]: 0.102 × (545.861 - 0.587 + 2.000000) = 55.822
  Pos[9]: 0.865 × (545.861 - 0.831 + 2.000000) = 473.181
  Pos[10]: 0.686 × (545.861 - 0.890 + 2.000000) = 375.222
  Pos[11]: 0.062 × (545.861 - 0.274 + 2.000000) = 33.950
  Pos[12]: 0.552 × (545.861 - 0.207 + 2.000000) = 302.305
  Pos[13]: 0.458 × (545.861 - 0.154 + 2.000000) = 250.850
  Pos[14]: 0.955 × (545.861 - 0.766 + 2.000000) = 522.476
  Pos[15]: 0.638 × (545.861 - 0.732 + 2.000000) = 349.069
  Pos[16]: 0.503 × (545.861 - 0.551 + 2.000000) = 275.297
  Pos[17]: 0.650 × (545.861 - 0.310 + 2.000000) = 355.908
  Pos[18]: 0.946 × (545.861 - 0.264 + 2.000000) = 518.027
New position: ['369.516', '217.360', '127.053', '447.284', '42.712', '185.708', '219.889', '55.822', '473.181', '375.222', '33.950', '302.305', '250.850', '522.476', '349.069', '275.297', '355.908', '518.027']

Updating S2:
  Pos[1]: 0.422 × (545.861 - 0.851 + 2.000000) = 230.838
  Pos[2]: 0.018 × (545.861 - 0.954 + 2.000000) = 9.844
  Pos[3]: 0.461 × (545.861 - 0.289 + 2.000000) = 252.431
  Pos[4]: 0.016 × (545.861 - 0.089 + 2.000000) = 8.764
  Pos[5]: 0.356 × (545.861 - 0.206 + 2.000000) = 194.965
  Pos[6]: 0.870 × (545.861 - 0.683 + 2.000000) = 476.045
  Pos[7]: 0.806 × (545.861 - 0.782 + 2.000000) = 440.946
  Pos[8]: 0.840 × (545.861 - 0.345 + 2.000000) = 459.914
  Pos[9]: 0.223 × (545.861 - 0.902 + 2.000000) = 121.972
  Pos[10]: 0.643 × (545.861 - 0.646 + 2.000000) = 351.860
  Pos[11]: 0.804 × (545.861 - 0.565 + 2.000000) = 440.026
  Pos[12]: 0.245 × (545.861 - 0.467 + 2.000000) = 134.112
  Pos[13]: 0.720 × (545.861 - 0.991 + 2.000000) = 393.747
  Pos[14]: 0.654 × (545.861 - 0.060 + 2.000000) = 358.262
  Pos[15]: 0.036 × (545.861 - 0.244 + 2.000000) = 19.714
  Pos[16]: 0.035 × (545.861 - 0.743 + 2.000000) = 19.149
  Pos[17]: 0.006 × (545.861 - 0.049 + 2.000000) = 3.287
  Pos[18]: 0.373 × (545.861 - 0.282 + 2.000000) = 204.247
New position: ['230.838', '9.844', '252.431', '8.764', '194.965', '476.045', '440.946', '459.914', '121.972', '351.860', '440.026', '134.112', '393.747', '358.262', '19.714', '19.149', '3.287', '204.247']

All sardine positions updated!

================================================================================
ITERATION 2 - STEP 4: SAILFISH-SARDINE REPLACEMENT
================================================================================
Analysis:
- Worst sailfish fitness: 573.378
- Sardines better than worst sailfish: 0
- No replacement will occur

================================================================================
ITERATION 2 - STEP 1: GENERATING NEW ROUTES
================================================================================
SAILFISH Routes:

===== SF1 ====================================================
Random values: [0.283, 0.791, 0.201, 0.61, 0.671, 0.554, 0.804, 0.036, 0.073, 0.066, 0.78, 0.728, 0.806, 0.33, 0.61, 0.963, 0.352, 0.607]
Routes (with depot returns): Route1: 0-8-10-9-3-1-14-17-6-18-4-15-5-12-11-2-7-13-16-0  
Route1 demand: 300.0/300.0

===== SF2 ====================================================
Random values: [0.485, 0.6, 0.242, 0.208, 0.464, 0.804, 0.952, 0.397, 0.055, 0.817, 0.528, 0.126, 0.571, 0.151, 0.09, 0.219, 0.318, 0.092]
Routes (with depot returns): Route1: 0-9-15-18-12-14-4-16-3-17-8-5-1-11-13-2-6-10-7-0  
Route1 demand: 300.0/300.0

SARDINE Routes:

===== S1 ====================================================
Random values: [0.851, 0.954, 0.289, 0.089, 0.206, 0.683, 0.782, 0.345, 0.902, 0.646, 0.565, 0.467, 0.991, 0.06, 0.244, 0.743, 0.049, 0.282]
Routes (with depot returns): Route1: 0-17-14-4-5-15-18-3-8-12-11-10-6-16-7-1-9-2-13-0  
Route1 demand: 300.0/300.0

===== S2 ====================================================
Random values: [0.431, 0.355, 0.219, 0.39, 0.276, 0.05, 0.873, 0.587, 0.831, 0.89, 0.274, 0.207, 0.154, 0.766, 0.732, 0.551, 0.31, 0.264]
Routes (with depot returns): Route1: 0-6-13-12-3-18-11-5-17-2-4-1-16-8-15-14-9-7-10-0  
Route1 demand: 300.0/300.0

================================================================================
ITERATION 2 - STEP 3: FITNESS SUMMARY
================================================================================
SAILFISH FITNESS SCORES:
------------------------------
SF1: 545.861 ⭐ BEST
SF2: 573.378

SARDINE FITNESS SCORES:
-------------------------
S1: 706.347
S2: 633.531 ⭐ BEST

OVERALL SUMMARY:
--------------------
Best Sailfish Fitness: 545.861
Best Sardine Fitness: 633.531
Overall Best Fitness: 545.861
Best Routes: [[8, 10, 9, 3, 1, 14, 17, 6, 18, 4, 15, 5, 12, 11, 2, 7, 13, 16]]

========================================================================================================================
ITERATION 2 - COMPREHENSIVE RESULTS TABLE
========================================================================================================================
ID   Random Values                  Routes                                   Fitness   
------------------------------------------------------------------------------------------------------------------------
SF1  ['0.283', '0.791', '0.201', '0.610', '0.671', '0.554', '0.804', '0.036', '0.073', '0.066', '0.780', '0.728', '0.806', '0.330', '0.610', '0.963', '0.352', '0.607'] [[8, 10, 9, 3, 1, 14, 17, 6, 18, 4, 15, 5, 12, 11, 2, 7, 13, 16]] 545.861    🎯
SF2  ['0.485', '0.600', '0.242', '0.208', '0.464', '0.804', '0.952', '0.397', '0.055', '0.817', '0.528', '0.126', '0.571', '0.151', '0.090', '0.219', '0.318', '0.092'] [[9, 15, 18, 12, 14, 4, 16, 3, 17, 8, 5, 1, 11, 13, 2, 6, 10, 7]] 573.378   
S1   ['0.851', '0.954', '0.289', '0.089', '0.206', '0.683', '0.782', '0.345', '0.902', '0.646', '0.565', '0.467', '0.991', '0.060', '0.244', '0.743', '0.049', '0.282'] [[17, 14, 4, 5, 15, 18, 3, 8, 12, 11, 10, 6, 16, 7, 1, 9, 2, 13]] 706.347   
S2   ['0.431', '0.355', '0.219', '0.390', '0.276', '0.050', '0.873', '0.587', '0.831', '0.890', '0.274', '0.207', '0.154', '0.766', '0.732', '0.551', '0.310', '0.264'] [[6, 13, 12, 3, 18, 11, 5, 17, 2, 4, 1, 16, 8, 15, 14, 9, 7, 10]] 633.531   

Best Solution: 545.861
================================================================================
ITERATION 3
================================================================================
Population Decline (PD) = 1 - (2 / 4) = 0.500000

Lambda Calculations:
SF1: λ_1 = (2 × 0.469 × 0.500000) - 0.500000 = -0.031000
SF2: λ_2 = (2 × 0.413 × 0.500000) - 0.500000 = -0.087000
FORMULA: SF[i] = elite_sailfish_fitness - lambda[k] × ((random × (elite_sailfish_fitness + injured_sardine_fitness)/2) - old_sailfish)
Elite Sailfish Fitness: 545.861
Injured Sardine Fitness: 633.531
ITERATION > 0: Using replacement-specific positions for updates...
SF1 was replaced by S3, using S3 position
SF2 was not replaced, using original sorted position

Updating SF1:
  Pos[1]: 545.861 - -0.031000 × ((0.786 × 589.696) - 0.283) = 560.221
  Pos[2]: 545.861 - -0.031000 × ((0.875 × 589.696) - 0.791) = 561.832
  Pos[3]: 545.861 - -0.031000 × ((0.874 × 589.696) - 0.201) = 561.832
  Pos[4]: 545.861 - -0.031000 × ((0.217 × 589.696) - 0.610) = 549.809
  Pos[5]: 545.861 - -0.031000 × ((0.190 × 589.696) - 0.671) = 549.314
  Pos[6]: 545.861 - -0.031000 × ((0.009 × 589.696) - 0.554) = 546.009
  Pos[7]: 545.861 - -0.031000 × ((0.911 × 589.696) - 0.804) = 562.490
  Pos[8]: 545.861 - -0.031000 × ((0.586 × 589.696) - 0.036) = 556.573
  Pos[9]: 545.861 - -0.031000 × ((0.093 × 589.696) - 0.073) = 547.559
  Pos[10]: 545.861 - -0.031000 × ((0.257 × 589.696) - 0.066) = 550.557
  Pos[11]: 545.861 - -0.031000 × ((0.283 × 589.696) - 0.780) = 551.011
  Pos[12]: 545.861 - -0.031000 × ((0.130 × 589.696) - 0.728) = 548.215
  Pos[13]: 545.861 - -0.031000 × ((0.938 × 589.696) - 0.806) = 562.984
  Pos[14]: 545.861 - -0.031000 × ((0.830 × 589.696) - 0.330) = 561.024
  Pos[15]: 545.861 - -0.031000 × ((0.424 × 589.696) - 0.610) = 553.593
  Pos[16]: 545.861 - -0.031000 × ((0.999 × 589.696) - 0.963) = 564.094
  Pos[17]: 545.861 - -0.031000 × ((0.856 × 589.696) - 0.352) = 561.499
  Pos[18]: 545.861 - -0.031000 × ((0.488 × 589.696) - 0.607) = 554.764
New position: ['560.221', '561.832', '561.832', '549.809', '549.314', '546.009', '562.490', '556.573', '547.559', '550.557', '551.011', '548.215', '562.984', '561.024', '553.593', '564.094', '561.499', '554.764']

Updating SF2:
  Pos[1]: 545.861 - -0.087000 × ((0.096 × 589.696) - 0.485) = 550.744
  Pos[2]: 545.861 - -0.087000 × ((0.586 × 589.696) - 0.600) = 575.873
  Pos[3]: 545.861 - -0.087000 × ((0.611 × 589.696) - 0.242) = 577.187
  Pos[4]: 545.861 - -0.087000 × ((0.805 × 589.696) - 0.208) = 587.143
  Pos[5]: 545.861 - -0.087000 × ((0.225 × 589.696) - 0.464) = 557.364
  Pos[6]: 545.861 - -0.087000 × ((0.106 × 589.696) - 0.804) = 551.230
  Pos[7]: 545.861 - -0.087000 × ((0.957 × 589.696) - 0.952) = 594.876
  Pos[8]: 545.861 - -0.087000 × ((0.696 × 589.696) - 0.397) = 581.534
  Pos[9]: 545.861 - -0.087000 × ((0.301 × 589.696) - 0.055) = 561.299
  Pos[10]: 545.861 - -0.087000 × ((0.362 × 589.696) - 0.817) = 564.362
  Pos[11]: 545.861 - -0.087000 × ((0.810 × 589.696) - 0.528) = 587.371
  Pos[12]: 545.861 - -0.087000 × ((0.760 × 589.696) - 0.126) = 584.841
  Pos[13]: 545.861 - -0.087000 × ((0.047 × 589.696) - 0.571) = 548.223
  Pos[14]: 545.861 - -0.087000 × ((0.795 × 589.696) - 0.151) = 586.635
  Pos[15]: 545.861 - -0.087000 × ((0.057 × 589.696) - 0.090) = 548.778
  Pos[16]: 545.861 - -0.087000 × ((0.560 × 589.696) - 0.219) = 574.572
  Pos[17]: 545.861 - -0.087000 × ((0.576 × 589.696) - 0.318) = 575.385
  Pos[18]: 545.861 - -0.087000 × ((0.564 × 589.696) - 0.092) = 574.789
New position: ['550.744', '575.873', '577.187', '587.143', '557.364', '551.230', '594.876', '581.534', '561.299', '564.362', '587.371', '584.841', '548.223', '586.635', '548.778', '574.572', '575.385', '574.789']

All sailfish positions updated!

FORMULA: S[i] = random × (elite_sailfish_fitness - old_sardine + AP)
Elite Sailfish Fitness: 545.861
Updating ALL sardines:

Updating S1:
  Pos[1]: 0.171 × (545.861 - 0.431 + 2.000000) = 93.611
  Pos[2]: 0.662 × (545.861 - 0.355 + 2.000000) = 362.449
  Pos[3]: 0.087 × (545.861 - 0.219 + 2.000000) = 47.645
  Pos[4]: 0.696 × (545.861 - 0.390 + 2.000000) = 381.040
  Pos[5]: 0.313 × (545.861 - 0.276 + 2.000000) = 171.394
  Pos[6]: 0.795 × (545.861 - 0.050 + 2.000000) = 435.510
  Pos[7]: 0.869 × (545.861 - 0.873 + 2.000000) = 475.333
  Pos[8]: 0.577 × (545.861 - 0.587 + 2.000000) = 315.777
  Pos[9]: 0.684 × (545.861 - 0.831 + 2.000000) = 374.169
  Pos[10]: 0.540 × (545.861 - 0.890 + 2.000000) = 295.365
  Pos[11]: 0.390 × (545.861 - 0.274 + 2.000000) = 213.559
  Pos[12]: 0.844 × (545.861 - 0.207 + 2.000000) = 462.220
  Pos[13]: 0.717 × (545.861 - 0.154 + 2.000000) = 392.706
  Pos[14]: 0.560 × (545.861 - 0.766 + 2.000000) = 306.373
  Pos[15]: 0.603 × (545.861 - 0.732 + 2.000000) = 329.919
  Pos[16]: 0.491 × (545.861 - 0.551 + 2.000000) = 268.729
  Pos[17]: 0.015 × (545.861 - 0.310 + 2.000000) = 8.213
  Pos[18]: 0.957 × (545.861 - 0.264 + 2.000000) = 524.051
New position: ['93.611', '362.449', '47.645', '381.040', '171.394', '435.510', '475.333', '315.777', '374.169', '295.365', '213.559', '462.220', '392.706', '306.373', '329.919', '268.729', '8.213', '524.051']

Updating S2:
  Pos[1]: 0.846 × (545.861 - 0.851 + 2.000000) = 462.771
  Pos[2]: 0.605 × (545.861 - 0.954 + 2.000000) = 330.879
  Pos[3]: 0.338 × (545.861 - 0.289 + 2.000000) = 185.079
  Pos[4]: 0.822 × (545.861 - 0.089 + 2.000000) = 450.269
  Pos[5]: 0.953 × (545.861 - 0.206 + 2.000000) = 521.916
  Pos[6]: 0.475 × (545.861 - 0.683 + 2.000000) = 259.910
  Pos[7]: 0.167 × (545.861 - 0.782 + 2.000000) = 91.362
  Pos[8]: 0.002 × (545.861 - 0.345 + 2.000000) = 1.095
  Pos[9]: 0.711 × (545.861 - 0.902 + 2.000000) = 388.888
  Pos[10]: 0.225 × (545.861 - 0.646 + 2.000000) = 123.123
  Pos[11]: 0.294 × (545.861 - 0.565 + 2.000000) = 160.905
  Pos[12]: 0.965 × (545.861 - 0.467 + 2.000000) = 528.236
  Pos[13]: 0.732 × (545.861 - 0.991 + 2.000000) = 400.309
  Pos[14]: 0.352 × (545.861 - 0.060 + 2.000000) = 192.826
  Pos[15]: 0.569 × (545.861 - 0.244 + 2.000000) = 311.594
  Pos[16]: 0.942 × (545.861 - 0.743 + 2.000000) = 515.386
  Pos[17]: 0.139 × (545.861 - 0.049 + 2.000000) = 76.146
  Pos[18]: 0.426 × (545.861 - 0.282 + 2.000000) = 233.269
New position: ['462.771', '330.879', '185.079', '450.269', '521.916', '259.910', '91.362', '1.095', '388.888', '123.123', '160.905', '528.236', '400.309', '192.826', '311.594', '515.386', '76.146', '233.269']

All sardine positions updated!

================================================================================
ITERATION 3 - STEP 4: SAILFISH-SARDINE REPLACEMENT
================================================================================
Analysis:
- Worst sailfish fitness: 573.378
- Sardines better than worst sailfish: 0
- No replacement will occur

================================================================================
ITERATION 3 - STEP 1: GENERATING NEW ROUTES
================================================================================
SAILFISH Routes:

===== SF1 ====================================================
Random values: [0.283, 0.791, 0.201, 0.61, 0.671, 0.554, 0.804, 0.036, 0.073, 0.066, 0.78, 0.728, 0.806, 0.33, 0.61, 0.963, 0.352, 0.607]
Routes (with depot returns): Route1: 0-8-10-9-3-1-14-17-6-18-4-15-5-12-11-2-7-13-16-0  
Route1 demand: 300.0/300.0

===== SF2 ====================================================
Random values: [0.485, 0.6, 0.242, 0.208, 0.464, 0.804, 0.952, 0.397, 0.055, 0.817, 0.528, 0.126, 0.571, 0.151, 0.09, 0.219, 0.318, 0.092]
Routes (with depot returns): Route1: 0-9-15-18-12-14-4-16-3-17-8-5-1-11-13-2-6-10-7-0  
Route1 demand: 300.0/300.0

SARDINE Routes:

===== S1 ====================================================
Random values: [0.851, 0.954, 0.289, 0.089, 0.206, 0.683, 0.782, 0.345, 0.902, 0.646, 0.565, 0.467, 0.991, 0.06, 0.244, 0.743, 0.049, 0.282]
Routes (with depot returns): Route1: 0-17-14-4-5-15-18-3-8-12-11-10-6-16-7-1-9-2-13-0  
Route1 demand: 300.0/300.0

===== S2 ====================================================
Random values: [0.431, 0.355, 0.219, 0.39, 0.276, 0.05, 0.873, 0.587, 0.831, 0.89, 0.274, 0.207, 0.154, 0.766, 0.732, 0.551, 0.31, 0.264]
Routes (with depot returns): Route1: 0-6-13-12-3-18-11-5-17-2-4-1-16-8-15-14-9-7-10-0  
Route1 demand: 300.0/300.0

================================================================================
ITERATION 3 - STEP 3: FITNESS SUMMARY
================================================================================
SAILFISH FITNESS SCORES:
------------------------------
SF1: 545.861 ⭐ BEST
SF2: 573.378

SARDINE FITNESS SCORES:
-------------------------
S1: 706.347
S2: 633.531 ⭐ BEST

OVERALL SUMMARY:
--------------------
Best Sailfish Fitness: 545.861
Best Sardine Fitness: 633.531
Overall Best Fitness: 545.861
Best Routes: [[8, 10, 9, 3, 1, 14, 17, 6, 18, 4, 15, 5, 12, 11, 2, 7, 13, 16]]

========================================================================================================================
ITERATION 3 - COMPREHENSIVE RESULTS TABLE
========================================================================================================================
ID   Random Values                  Routes                                   Fitness   
------------------------------------------------------------------------------------------------------------------------
SF1  ['0.283', '0.791', '0.201', '0.610', '0.671', '0.554', '0.804', '0.036', '0.073', '0.066', '0.780', '0.728', '0.806', '0.330', '0.610', '0.963', '0.352', '0.607'] [[8, 10, 9, 3, 1, 14, 17, 6, 18, 4, 15, 5, 12, 11, 2, 7, 13, 16]] 545.861    🎯
SF2  ['0.485', '0.600', '0.242', '0.208', '0.464', '0.804', '0.952', '0.397', '0.055', '0.817', '0.528', '0.126', '0.571', '0.151', '0.090', '0.219', '0.318', '0.092'] [[9, 15, 18, 12, 14, 4, 16, 3, 17, 8, 5, 1, 11, 13, 2, 6, 10, 7]] 573.378   
S1   ['0.851', '0.954', '0.289', '0.089', '0.206', '0.683', '0.782', '0.345', '0.902', '0.646', '0.565', '0.467', '0.991', '0.060', '0.244', '0.743', '0.049', '0.282'] [[17, 14, 4, 5, 15, 18, 3, 8, 12, 11, 10, 6, 16, 7, 1, 9, 2, 13]] 706.347   
S2   ['0.431', '0.355', '0.219', '0.390', '0.276', '0.050', '0.873', '0.587', '0.831', '0.890', '0.274', '0.207', '0.154', '0.766', '0.732', '0.551', '0.310', '0.264'] [[6, 13, 12, 3, 18, 11, 5, 17, 2, 4, 1, 16, 8, 15, 14, 9, 7, 10]] 633.531   

Best Solution: 545.861
================================================================================
ITERATION 4
================================================================================
Population Decline (PD) = 1 - (2 / 4) = 0.500000

Lambda Calculations:
SF1: λ_1 = (2 × 0.704 × 0.500000) - 0.500000 = 0.204000
SF2: λ_2 = (2 × 0.689 × 0.500000) - 0.500000 = 0.189000
FORMULA: SF[i] = elite_sailfish_fitness - lambda[k] × ((random × (elite_sailfish_fitness + injured_sardine_fitness)/2) - old_sailfish)
Elite Sailfish Fitness: 545.861
Injured Sardine Fitness: 633.531
ITERATION > 0: Using replacement-specific positions for updates...
SF1 was replaced by S3, using S3 position
SF2 was not replaced, using original sorted position

Updating SF1:
  Pos[1]: 545.861 - 0.204000 × ((0.088 × 589.696) - 0.283) = 535.333
  Pos[2]: 545.861 - 0.204000 × ((0.001 × 589.696) - 0.791) = 545.902
  Pos[3]: 545.861 - 0.204000 × ((0.509 × 589.696) - 0.201) = 484.671
  Pos[4]: 545.861 - 0.204000 × ((0.604 × 589.696) - 0.610) = 473.326
  Pos[5]: 545.861 - 0.204000 × ((0.094 × 589.696) - 0.671) = 534.690
  Pos[6]: 545.861 - 0.204000 × ((0.316 × 589.696) - 0.554) = 507.960
  Pos[7]: 545.861 - 0.204000 × ((0.437 × 589.696) - 0.804) = 493.455
  Pos[8]: 545.861 - 0.204000 × ((0.523 × 589.696) - 0.036) = 482.953
  Pos[9]: 545.861 - 0.204000 × ((0.715 × 589.696) - 0.073) = 459.863
  Pos[10]: 545.861 - 0.204000 × ((0.999 × 589.696) - 0.066) = 425.697
  Pos[11]: 545.861 - 0.204000 × ((0.095 × 589.696) - 0.780) = 534.592
  Pos[12]: 545.861 - 0.204000 × ((0.695 × 589.696) - 0.728) = 462.403
  Pos[13]: 545.861 - 0.204000 × ((0.295 × 589.696) - 0.806) = 510.538
  Pos[14]: 545.861 - 0.204000 × ((0.333 × 589.696) - 0.330) = 505.870
  Pos[15]: 545.861 - 0.204000 × ((0.264 × 589.696) - 0.610) = 514.227
  Pos[16]: 545.861 - 0.204000 × ((0.869 × 589.696) - 0.963) = 441.519
  Pos[17]: 545.861 - 0.204000 × ((0.965 × 589.696) - 0.352) = 429.846
  Pos[18]: 545.861 - 0.204000 × ((0.200 × 589.696) - 0.607) = 521.926
New position: ['535.333', '545.902', '484.671', '473.326', '534.690', '507.960', '493.455', '482.953', '459.863', '425.697', '534.592', '462.403', '510.538', '505.870', '514.227', '441.519', '429.846', '521.926']

Updating SF2:
  Pos[1]: 545.861 - 0.189000 × ((0.764 × 589.696) - 0.485) = 460.803
  Pos[2]: 545.861 - 0.189000 × ((0.965 × 589.696) - 0.600) = 438.423
  Pos[3]: 545.861 - 0.189000 × ((0.755 × 589.696) - 0.242) = 461.760
  Pos[4]: 545.861 - 0.189000 × ((0.257 × 589.696) - 0.208) = 517.257
  Pos[5]: 545.861 - 0.189000 × ((0.162 × 589.696) - 0.464) = 527.894
  Pos[6]: 545.861 - 0.189000 × ((0.634 × 589.696) - 0.804) = 475.352
  Pos[7]: 545.861 - 0.189000 × ((0.834 × 589.696) - 0.952) = 453.090
  Pos[8]: 545.861 - 0.189000 × ((0.435 × 589.696) - 0.397) = 497.455
  Pos[9]: 545.861 - 0.189000 × ((0.168 × 589.696) - 0.055) = 527.148
  Pos[10]: 545.861 - 0.189000 × ((0.348 × 589.696) - 0.817) = 507.230
  Pos[11]: 545.861 - 0.189000 × ((0.481 × 589.696) - 0.528) = 492.353
  Pos[12]: 545.861 - 0.189000 × ((0.232 × 589.696) - 0.126) = 520.028
  Pos[13]: 545.861 - 0.189000 × ((0.400 × 589.696) - 0.571) = 501.388
  Pos[14]: 545.861 - 0.189000 × ((0.025 × 589.696) - 0.151) = 543.104
  Pos[15]: 545.861 - 0.189000 × ((0.244 × 589.696) - 0.090) = 518.684
  Pos[16]: 545.861 - 0.189000 × ((0.191 × 589.696) - 0.219) = 524.615
  Pos[17]: 545.861 - 0.189000 × ((0.142 × 589.696) - 0.318) = 530.095
  Pos[18]: 545.861 - 0.189000 × ((0.443 × 589.696) - 0.092) = 496.505
New position: ['460.803', '438.423', '461.760', '517.257', '527.894', '475.352', '453.090', '497.455', '527.148', '507.230', '492.353', '520.028', '501.388', '543.104', '518.684', '524.615', '530.095', '496.505']

All sailfish positions updated!

FORMULA: S[i] = random × (elite_sailfish_fitness - old_sardine + AP)
Elite Sailfish Fitness: 545.861
Updating ALL sardines:

Updating S1:
  Pos[1]: 0.946 × (545.861 - 0.431 + 2.000000) = 517.869
  Pos[2]: 0.486 × (545.861 - 0.355 + 2.000000) = 266.088
  Pos[3]: 0.878 × (545.861 - 0.219 + 2.000000) = 480.830
  Pos[4]: 0.727 × (545.861 - 0.390 + 2.000000) = 398.012
  Pos[5]: 0.871 × (545.861 - 0.276 + 2.000000) = 476.947
  Pos[6]: 0.705 × (545.861 - 0.050 + 2.000000) = 386.207
  Pos[7]: 0.928 × (545.861 - 0.873 + 2.000000) = 507.605
  Pos[8]: 0.958 × (545.861 - 0.587 + 2.000000) = 524.289
  Pos[9]: 0.021 × (545.861 - 0.831 + 2.000000) = 11.488
  Pos[10]: 0.989 × (545.861 - 0.890 + 2.000000) = 540.955
  Pos[11]: 0.258 × (545.861 - 0.274 + 2.000000) = 141.278
  Pos[12]: 0.213 × (545.861 - 0.207 + 2.000000) = 116.650
  Pos[13]: 0.272 × (545.861 - 0.154 + 2.000000) = 148.976
  Pos[14]: 0.325 × (545.861 - 0.766 + 2.000000) = 177.806
  Pos[15]: 0.804 × (545.861 - 0.732 + 2.000000) = 439.892
  Pos[16]: 0.843 × (545.861 - 0.551 + 2.000000) = 461.383
  Pos[17]: 0.302 × (545.861 - 0.310 + 2.000000) = 165.361
  Pos[18]: 0.780 × (545.861 - 0.264 + 2.000000) = 427.126
New position: ['517.869', '266.088', '480.830', '398.012', '476.947', '386.207', '507.605', '524.289', '11.488', '540.955', '141.278', '116.650', '148.976', '177.806', '439.892', '461.383', '165.361', '427.126']

Updating S2:
  Pos[1]: 0.248 × (545.861 - 0.851 + 2.000000) = 135.659
  Pos[2]: 0.701 × (545.861 - 0.954 + 2.000000) = 383.382
  Pos[3]: 0.639 × (545.861 - 0.289 + 2.000000) = 349.899
  Pos[4]: 0.852 × (545.861 - 0.089 + 2.000000) = 466.702
  Pos[5]: 0.866 × (545.861 - 0.206 + 2.000000) = 474.270
  Pos[6]: 0.740 × (545.861 - 0.683 + 2.000000) = 404.912
  Pos[7]: 0.454 × (545.861 - 0.782 + 2.000000) = 248.374
  Pos[8]: 0.654 × (545.861 - 0.345 + 2.000000) = 358.076
  Pos[9]: 0.845 × (545.861 - 0.902 + 2.000000) = 462.181
  Pos[10]: 0.382 × (545.861 - 0.646 + 2.000000) = 209.036
  Pos[11]: 0.381 × (545.861 - 0.565 + 2.000000) = 208.520
  Pos[12]: 0.754 × (545.861 - 0.467 + 2.000000) = 412.735
  Pos[13]: 0.915 × (545.861 - 0.991 + 2.000000) = 500.386
  Pos[14]: 0.362 × (545.861 - 0.060 + 2.000000) = 198.304
  Pos[15]: 0.302 × (545.861 - 0.244 + 2.000000) = 165.380
  Pos[16]: 0.988 × (545.861 - 0.743 + 2.000000) = 540.553
  Pos[17]: 0.184 × (545.861 - 0.049 + 2.000000) = 100.797
  Pos[18]: 0.787 × (545.861 - 0.282 + 2.000000) = 430.945
New position: ['135.659', '383.382', '349.899', '466.702', '474.270', '404.912', '248.374', '358.076', '462.181', '209.036', '208.520', '412.735', '500.386', '198.304', '165.380', '540.553', '100.797', '430.945']

All sardine positions updated!

================================================================================
ITERATION 4 - STEP 4: SAILFISH-SARDINE REPLACEMENT
================================================================================
Analysis:
- Worst sailfish fitness: 573.378
- Sardines better than worst sailfish: 0
- No replacement will occur

================================================================================
ITERATION 4 - STEP 1: GENERATING NEW ROUTES
================================================================================
SAILFISH Routes:

===== SF1 ====================================================
Random values: [0.283, 0.791, 0.201, 0.61, 0.671, 0.554, 0.804, 0.036, 0.073, 0.066, 0.78, 0.728, 0.806, 0.33, 0.61, 0.963, 0.352, 0.607]
Routes (with depot returns): Route1: 0-8-10-9-3-1-14-17-6-18-4-15-5-12-11-2-7-13-16-0  
Route1 demand: 300.0/300.0

===== SF2 ====================================================
Random values: [0.485, 0.6, 0.242, 0.208, 0.464, 0.804, 0.952, 0.397, 0.055, 0.817, 0.528, 0.126, 0.571, 0.151, 0.09, 0.219, 0.318, 0.092]
Routes (with depot returns): Route1: 0-9-15-18-12-14-4-16-3-17-8-5-1-11-13-2-6-10-7-0  
Route1 demand: 300.0/300.0

SARDINE Routes:

===== S1 ====================================================
Random values: [0.851, 0.954, 0.289, 0.089, 0.206, 0.683, 0.782, 0.345, 0.902, 0.646, 0.565, 0.467, 0.991, 0.06, 0.244, 0.743, 0.049, 0.282]
Routes (with depot returns): Route1: 0-17-14-4-5-15-18-3-8-12-11-10-6-16-7-1-9-2-13-0  
Route1 demand: 300.0/300.0

===== S2 ====================================================
Random values: [0.431, 0.355, 0.219, 0.39, 0.276, 0.05, 0.873, 0.587, 0.831, 0.89, 0.274, 0.207, 0.154, 0.766, 0.732, 0.551, 0.31, 0.264]
Routes (with depot returns): Route1: 0-6-13-12-3-18-11-5-17-2-4-1-16-8-15-14-9-7-10-0  
Route1 demand: 300.0/300.0

================================================================================
ITERATION 4 - STEP 3: FITNESS SUMMARY
================================================================================
SAILFISH FITNESS SCORES:
------------------------------
SF1: 545.861 ⭐ BEST
SF2: 573.378

SARDINE FITNESS SCORES:
-------------------------
S1: 706.347
S2: 633.531 ⭐ BEST

OVERALL SUMMARY:
--------------------
Best Sailfish Fitness: 545.861
Best Sardine Fitness: 633.531
Overall Best Fitness: 545.861
Best Routes: [[8, 10, 9, 3, 1, 14, 17, 6, 18, 4, 15, 5, 12, 11, 2, 7, 13, 16]]

========================================================================================================================
ITERATION 4 - COMPREHENSIVE RESULTS TABLE
========================================================================================================================
ID   Random Values                  Routes                                   Fitness   
------------------------------------------------------------------------------------------------------------------------
SF1  ['0.283', '0.791', '0.201', '0.610', '0.671', '0.554', '0.804', '0.036', '0.073', '0.066', '0.780', '0.728', '0.806', '0.330', '0.610', '0.963', '0.352', '0.607'] [[8, 10, 9, 3, 1, 14, 17, 6, 18, 4, 15, 5, 12, 11, 2, 7, 13, 16]] 545.861    🎯
SF2  ['0.485', '0.600', '0.242', '0.208', '0.464', '0.804', '0.952', '0.397', '0.055', '0.817', '0.528', '0.126', '0.571', '0.151', '0.090', '0.219', '0.318', '0.092'] [[9, 15, 18, 12, 14, 4, 16, 3, 17, 8, 5, 1, 11, 13, 2, 6, 10, 7]] 573.378   
S1   ['0.851', '0.954', '0.289', '0.089', '0.206', '0.683', '0.782', '0.345', '0.902', '0.646', '0.565', '0.467', '0.991', '0.060', '0.244', '0.743', '0.049', '0.282'] [[17, 14, 4, 5, 15, 18, 3, 8, 12, 11, 10, 6, 16, 7, 1, 9, 2, 13]] 706.347   
S2   ['0.431', '0.355', '0.219', '0.390', '0.276', '0.050', '0.873', '0.587', '0.831', '0.890', '0.274', '0.207', '0.154', '0.766', '0.732', '0.551', '0.310', '0.264'] [[6, 13, 12, 3, 18, 11, 5, 17, 2, 4, 1, 16, 8, 15, 14, 9, 7, 10]] 633.531   

Best Solution: 545.861
================================================================================
ITERATION 5
================================================================================
Population Decline (PD) = 1 - (2 / 4) = 0.500000

Lambda Calculations:
SF1: λ_1 = (2 × 0.078 × 0.500000) - 0.500000 = -0.422000
SF2: λ_2 = (2 × 0.097 × 0.500000) - 0.500000 = -0.403000
FORMULA: SF[i] = elite_sailfish_fitness - lambda[k] × ((random × (elite_sailfish_fitness + injured_sardine_fitness)/2) - old_sailfish)
Elite Sailfish Fitness: 545.861
Injured Sardine Fitness: 633.531
ITERATION > 0: Using replacement-specific positions for updates...
SF1 was replaced by S3, using S3 position
SF2 was not replaced, using original sorted position

Updating SF1:
  Pos[1]: 545.861 - -0.422000 × ((0.038 × 589.696) - 0.283) = 555.198
  Pos[2]: 545.861 - -0.422000 × ((0.792 × 589.696) - 0.791) = 742.618
  Pos[3]: 545.861 - -0.422000 × ((0.062 × 589.696) - 0.201) = 561.205
  Pos[4]: 545.861 - -0.422000 × ((0.532 × 589.696) - 0.610) = 677.993
  Pos[5]: 545.861 - -0.422000 × ((0.851 × 589.696) - 0.671) = 757.351
  Pos[6]: 545.861 - -0.422000 × ((0.197 × 589.696) - 0.554) = 594.651
  Pos[7]: 545.861 - -0.422000 × ((0.821 × 589.696) - 0.804) = 749.829
  Pos[8]: 545.861 - -0.422000 × ((0.233 × 589.696) - 0.036) = 603.829
  Pos[9]: 545.861 - -0.422000 × ((0.272 × 589.696) - 0.073) = 613.518
  Pos[10]: 545.861 - -0.422000 × ((0.717 × 589.696) - 0.066) = 724.260
  Pos[11]: 545.861 - -0.422000 × ((0.633 × 589.696) - 0.780) = 703.055
  Pos[12]: 545.861 - -0.422000 × ((0.885 × 589.696) - 0.728) = 765.788
  Pos[13]: 545.861 - -0.422000 × ((0.272 × 589.696) - 0.806) = 613.209
  Pos[14]: 545.861 - -0.422000 × ((0.043 × 589.696) - 0.330) = 556.423
  Pos[15]: 545.861 - -0.422000 × ((0.215 × 589.696) - 0.610) = 599.107
  Pos[16]: 545.861 - -0.422000 × ((0.082 × 589.696) - 0.963) = 565.861
  Pos[17]: 545.861 - -0.422000 × ((0.401 × 589.696) - 0.352) = 645.502
  Pos[18]: 545.861 - -0.422000 × ((0.174 × 589.696) - 0.607) = 588.905
New position: ['555.198', '742.618', '561.205', '677.993', '757.351', '594.651', '749.829', '603.829', '613.518', '724.260', '703.055', '765.788', '613.209', '556.423', '599.107', '565.861', '645.502', '588.905']

Updating SF2:
  Pos[1]: 545.861 - -0.403000 × ((0.562 × 589.696) - 0.485) = 679.224
  Pos[2]: 545.861 - -0.403000 × ((0.691 × 589.696) - 0.600) = 709.834
  Pos[3]: 545.861 - -0.403000 × ((0.569 × 589.696) - 0.242) = 680.985
  Pos[4]: 545.861 - -0.403000 × ((0.379 × 589.696) - 0.208) = 635.846
  Pos[5]: 545.861 - -0.403000 × ((0.983 × 589.696) - 0.464) = 779.282
  Pos[6]: 545.861 - -0.403000 × ((0.295 × 589.696) - 0.804) = 615.643
  Pos[7]: 545.861 - -0.403000 × ((0.931 × 589.696) - 0.952) = 766.728
  Pos[8]: 545.861 - -0.403000 × ((0.147 × 589.696) - 0.397) = 580.636
  Pos[9]: 545.861 - -0.403000 × ((0.572 × 589.696) - 0.055) = 681.774
  Pos[10]: 545.861 - -0.403000 × ((0.791 × 589.696) - 0.817) = 733.511
  Pos[11]: 545.861 - -0.403000 × ((0.427 × 589.696) - 0.528) = 647.124
  Pos[12]: 545.861 - -0.403000 × ((0.956 × 589.696) - 0.126) = 773.002
  Pos[13]: 545.861 - -0.403000 × ((0.124 × 589.696) - 0.571) = 575.100
  Pos[14]: 545.861 - -0.403000 × ((0.936 × 589.696) - 0.151) = 768.239
  Pos[15]: 545.861 - -0.403000 × ((0.540 × 589.696) - 0.090) = 674.155
  Pos[16]: 545.861 - -0.403000 × ((0.843 × 589.696) - 0.219) = 746.110
  Pos[17]: 545.861 - -0.403000 × ((0.348 × 589.696) - 0.318) = 628.435
  Pos[18]: 545.861 - -0.403000 × ((0.282 × 589.696) - 0.092) = 612.841
New position: ['679.224', '709.834', '680.985', '635.846', '779.282', '615.643', '766.728', '580.636', '681.774', '733.511', '647.124', '773.002', '575.100', '768.239', '674.155', '746.110', '628.435', '612.841']

All sailfish positions updated!

FORMULA: S[i] = random × (elite_sailfish_fitness - old_sardine + AP)
Elite Sailfish Fitness: 545.861
Updating ALL sardines:

Updating S1:
  Pos[1]: 0.345 × (545.861 - 0.431 + 2.000000) = 188.863
  Pos[2]: 0.394 × (545.861 - 0.355 + 2.000000) = 215.718
  Pos[3]: 0.095 × (545.861 - 0.219 + 2.000000) = 52.026
  Pos[4]: 0.224 × (545.861 - 0.390 + 2.000000) = 122.634
  Pos[5]: 0.091 × (545.861 - 0.276 + 2.000000) = 49.830
  Pos[6]: 0.739 × (545.861 - 0.050 + 2.000000) = 404.833
  Pos[7]: 0.388 × (545.861 - 0.873 + 2.000000) = 212.232
  Pos[8]: 0.512 × (545.861 - 0.587 + 2.000000) = 280.204
  Pos[9]: 0.206 × (545.861 - 0.831 + 2.000000) = 112.688
  Pos[10]: 0.378 × (545.861 - 0.890 + 2.000000) = 206.755
  Pos[11]: 0.415 × (545.861 - 0.274 + 2.000000) = 227.249
  Pos[12]: 0.680 × (545.861 - 0.207 + 2.000000) = 372.405
  Pos[13]: 0.096 × (545.861 - 0.154 + 2.000000) = 52.580
  Pos[14]: 0.456 × (545.861 - 0.766 + 2.000000) = 249.476
  Pos[15]: 0.517 × (545.861 - 0.732 + 2.000000) = 282.866
  Pos[16]: 0.681 × (545.861 - 0.551 + 2.000000) = 372.718
  Pos[17]: 0.579 × (545.861 - 0.310 + 2.000000) = 317.032
  Pos[18]: 0.299 × (545.861 - 0.264 + 2.000000) = 163.732
New position: ['188.863', '215.718', '52.026', '122.634', '49.830', '404.833', '212.232', '280.204', '112.688', '206.755', '227.249', '372.405', '52.580', '249.476', '282.866', '372.718', '317.032', '163.732']

Updating S2:
  Pos[1]: 0.295 × (545.861 - 0.851 + 2.000000) = 161.368
  Pos[2]: 0.958 × (545.861 - 0.954 + 2.000000) = 523.937
  Pos[3]: 0.245 × (545.861 - 0.289 + 2.000000) = 134.155
  Pos[4]: 0.629 × (545.861 - 0.089 + 2.000000) = 344.549
  Pos[5]: 0.933 × (545.861 - 0.206 + 2.000000) = 510.962
  Pos[6]: 0.958 × (545.861 - 0.683 + 2.000000) = 524.197
  Pos[7]: 0.304 × (545.861 - 0.782 + 2.000000) = 166.312
  Pos[8]: 0.216 × (545.861 - 0.345 + 2.000000) = 118.264
  Pos[9]: 0.179 × (545.861 - 0.902 + 2.000000) = 97.906
  Pos[10]: 0.606 × (545.861 - 0.646 + 2.000000) = 331.613
  Pos[11]: 0.872 × (545.861 - 0.565 + 2.000000) = 477.242
  Pos[12]: 0.638 × (545.861 - 0.467 + 2.000000) = 349.238
  Pos[13]: 0.251 × (545.861 - 0.991 + 2.000000) = 137.264
  Pos[14]: 0.096 × (545.861 - 0.060 + 2.000000) = 52.589
  Pos[15]: 0.371 × (545.861 - 0.244 + 2.000000) = 203.166
  Pos[16]: 0.797 × (545.861 - 0.743 + 2.000000) = 436.053
  Pos[17]: 0.397 × (545.861 - 0.049 + 2.000000) = 217.482
  Pos[18]: 0.917 × (545.861 - 0.282 + 2.000000) = 502.130
New position: ['161.368', '523.937', '134.155', '344.549', '510.962', '524.197', '166.312', '118.264', '97.906', '331.613', '477.242', '349.238', '137.264', '52.589', '203.166', '436.053', '217.482', '502.130']

All sardine positions updated!

================================================================================
ITERATION 5 - STEP 4: SAILFISH-SARDINE REPLACEMENT
================================================================================
Analysis:
- Worst sailfish fitness: 573.378
- Sardines better than worst sailfish: 0
- No replacement will occur

================================================================================
ITERATION 5 - STEP 1: GENERATING NEW ROUTES
================================================================================
SAILFISH Routes:

===== SF1 ====================================================
Random values: [0.283, 0.791, 0.201, 0.61, 0.671, 0.554, 0.804, 0.036, 0.073, 0.066, 0.78, 0.728, 0.806, 0.33, 0.61, 0.963, 0.352, 0.607]
Routes (with depot returns): Route1: 0-8-10-9-3-1-14-17-6-18-4-15-5-12-11-2-7-13-16-0  
Route1 demand: 300.0/300.0

===== SF2 ====================================================
Random values: [0.485, 0.6, 0.242, 0.208, 0.464, 0.804, 0.952, 0.397, 0.055, 0.817, 0.528, 0.126, 0.571, 0.151, 0.09, 0.219, 0.318, 0.092]
Routes (with depot returns): Route1: 0-9-15-18-12-14-4-16-3-17-8-5-1-11-13-2-6-10-7-0  
Route1 demand: 300.0/300.0

SARDINE Routes:

===== S1 ====================================================
Random values: [0.851, 0.954, 0.289, 0.089, 0.206, 0.683, 0.782, 0.345, 0.902, 0.646, 0.565, 0.467, 0.991, 0.06, 0.244, 0.743, 0.049, 0.282]
Routes (with depot returns): Route1: 0-17-14-4-5-15-18-3-8-12-11-10-6-16-7-1-9-2-13-0  
Route1 demand: 300.0/300.0

===== S2 ====================================================
Random values: [0.431, 0.355, 0.219, 0.39, 0.276, 0.05, 0.873, 0.587, 0.831, 0.89, 0.274, 0.207, 0.154, 0.766, 0.732, 0.551, 0.31, 0.264]
Routes (with depot returns): Route1: 0-6-13-12-3-18-11-5-17-2-4-1-16-8-15-14-9-7-10-0  
Route1 demand: 300.0/300.0

================================================================================
ITERATION 5 - STEP 3: FITNESS SUMMARY
================================================================================
SAILFISH FITNESS SCORES:
------------------------------
SF1: 545.861 ⭐ BEST
SF2: 573.378

SARDINE FITNESS SCORES:
-------------------------
S1: 706.347
S2: 633.531 ⭐ BEST

OVERALL SUMMARY:
--------------------
Best Sailfish Fitness: 545.861
Best Sardine Fitness: 633.531
Overall Best Fitness: 545.861
Best Routes: [[8, 10, 9, 3, 1, 14, 17, 6, 18, 4, 15, 5, 12, 11, 2, 7, 13, 16]]

========================================================================================================================
ITERATION 5 - COMPREHENSIVE RESULTS TABLE
========================================================================================================================
ID   Random Values                  Routes                                   Fitness   
------------------------------------------------------------------------------------------------------------------------
SF1  ['0.283', '0.791', '0.201', '0.610', '0.671', '0.554', '0.804', '0.036', '0.073', '0.066', '0.780', '0.728', '0.806', '0.330', '0.610', '0.963', '0.352', '0.607'] [[8, 10, 9, 3, 1, 14, 17, 6, 18, 4, 15, 5, 12, 11, 2, 7, 13, 16]] 545.861    🎯
SF2  ['0.485', '0.600', '0.242', '0.208', '0.464', '0.804', '0.952', '0.397', '0.055', '0.817', '0.528', '0.126', '0.571', '0.151', '0.090', '0.219', '0.318', '0.092'] [[9, 15, 18, 12, 14, 4, 16, 3, 17, 8, 5, 1, 11, 13, 2, 6, 10, 7]] 573.378   
S1   ['0.851', '0.954', '0.289', '0.089', '0.206', '0.683', '0.782', '0.345', '0.902', '0.646', '0.565', '0.467', '0.991', '0.060', '0.244', '0.743', '0.049', '0.282'] [[17, 14, 4, 5, 15, 18, 3, 8, 12, 11, 10, 6, 16, 7, 1, 9, 2, 13]] 706.347   
S2   ['0.431', '0.355', '0.219', '0.390', '0.276', '0.050', '0.873', '0.587', '0.831', '0.890', '0.274', '0.207', '0.154', '0.766', '0.732', '0.551', '0.310', '0.264'] [[6, 13, 12, 3, 18, 11, 5, 17, 2, 4, 1, 16, 8, 15, 14, 9, 7, 10]] 633.531   

Best Solution: 545.861

====================================================================================================
FINAL VRP OPTIMIZATION RESULTS
====================================================================================================
Algorithm Parameters:
- N Sailfish: 2
- N Sardines: 3
- Max Iter: 5
- A: 4.0
- Epsilon: 0.001

VRP Parameters:
- Max Capacity: 300.0
- Max Vehicles: 1
- Problem Size: 18
- Data File: kecil.csv

Best Solution:
- Routes: [[8, 10, 9, 3, 1, 14, 17, 6, 18, 4, 15, 5, 12, 11, 2, 7, 13, 16]]
- Total Distance: 545.861


====================================================================================================
🚚 DETAILED ROUTE ANALYSIS - VEHICLE FLOW EXPLANATION
====================================================================================================
📍 DEPOT LOCATION: (30.0, 40.0)

🚛 VEHICLE 1 ROUTE ANALYSIS
------------------------------------------------------------
📦 Route Demand: 300.0/300.0 (100.0% capacity used)
👥 Customers to visit: 18

🔄 ROUTE FLOW:
   Step 1: Vehicle starts at DEPOT (30.0, 40.0)
            Initial capacity: 300.0 units
   Step 2: Travel to Customer 8 (57.0, 29.0)
            Distance: 29.155 units
            Deliver demand: 7.0 units
            Remaining capacity: 293.0 units
   Step 3: Travel to Customer 10 (65.0, 29.0)
            Distance: 8.000 units
            Deliver demand: 7.0 units
            Remaining capacity: 286.0 units
   Step 4: Travel to Customer 9 (68.0, 29.0)
            Distance: 3.000 units
            Deliver demand: 24.0 units
            Remaining capacity: 262.0 units
   Step 5: Travel to Customer 3 (77.0, 73.0)
            Distance: 44.911 units
            Deliver demand: 23.0 units
            Remaining capacity: 239.0 units
   Step 6: Travel to Customer 1 (69.0, 77.0)
            Distance: 8.944 units
            Deliver demand: 7.0 units
            Remaining capacity: 232.0 units
   Step 7: Travel to Customer 14 (61.0, 78.0)
            Distance: 8.062 units
            Deliver demand: 26.0 units
            Remaining capacity: 206.0 units
   Step 8: Travel to Customer 17 (36.0, 21.0)
            Distance: 62.241 units
            Deliver demand: 7.0 units
            Remaining capacity: 199.0 units
   Step 9: Travel to Customer 6 (55.0, 70.0)
            Distance: 52.555 units
            Deliver demand: 7.0 units
            Remaining capacity: 192.0 units
   Step 10: Travel to Customer 18 (48.0, 37.0)
            Distance: 33.734 units
            Deliver demand: 23.0 units
            Remaining capacity: 169.0 units
   Step 11: Travel to Customer 4 (64.0, 52.0)
            Distance: 21.932 units
            Deliver demand: 16.0 units
            Remaining capacity: 153.0 units
   Step 12: Travel to Customer 15 (63.0, 63.0)
            Distance: 11.045 units
            Deliver demand: 32.0 units
            Remaining capacity: 121.0 units
   Step 13: Travel to Customer 5 (47.0, 24.0)
            Distance: 42.154 units
            Deliver demand: 19.0 units
            Remaining capacity: 102.0 units
   Step 14: Travel to Customer 12 (47.0, 71.0)
            Distance: 47.000 units
            Deliver demand: 6.0 units
            Remaining capacity: 96.0 units
   Step 15: Travel to Customer 11 (69.0, 76.0)
            Distance: 22.561 units
            Deliver demand: 9.0 units
            Remaining capacity: 87.0 units
   Step 16: Travel to Customer 2 (49.0, 48.0)
            Distance: 34.409 units
            Deliver demand: 10.0 units
            Remaining capacity: 77.0 units
   Step 17: Travel to Customer 7 (26.0, 41.0)
            Distance: 24.042 units
            Deliver demand: 11.0 units
            Remaining capacity: 66.0 units
   Step 18: Travel to Customer 13 (20.0, 68.0)
            Distance: 27.659 units
            Deliver demand: 35.0 units
            Remaining capacity: 31.0 units
   Step 19: Travel to Customer 16 (54.0, 53.0)
            Distance: 37.162 units
            Deliver demand: 31.0 units
            Remaining capacity: 0.0 units
   Step 20: Return to DEPOT (30.0, 40.0)
            Distance: 27.295 units
            Vehicle unloaded and ready for next route

📊 VEHICLE 1 SUMMARY:
   Total distance: 545.861 units
   Customers served: 18
   Demand delivered: 300.0 units
   Route efficiency: 0.550 units/distance

====================================================================================================
🎯 OVERALL OPTIMIZATION SUMMARY
====================================================================================================
Total distance traveled by all vehicles: 545.861 units
Total customers served: 18
Total demand delivered: 300.0 units
Vehicles used: 1/1
Average distance per vehicle: 545.861 units
====================================================================================================

Summary:
- Total customers served: 18/18
- Total demand served: 300.0
- Number of vehicles used: 1/1

Fitness Evolution:
- Initial: 545.861
- Final: 545.861
- Improvement: 0.000
- History: ['545.861', '545.861', '545.861', '545.861', '545.861', '545.861']

Optimization Information:
- Final Sardine Count: 2
- Final Iteration: 5
- Stop Reason: Maximum iterations reached

====================================================================================================
VRP OPTIMIZATION COMPLETED!
====================================================================================================

Optimization completed at: 2025-10-02 11:42:14

================================================================================
OPTIMIZATION RESULTS SUMMARY
================================================================================
Algorithm Parameters:
  N Sailfish: 2
  N Sardines: 3
  Max Iter: 5
  A: 4.0
  Epsilon: 0.001

VRP Parameters:
  Max Capacity: 300.0
  Max Vehicles: 1
  Problem Size: 18
  Data File: kecil.csv

Best Solution:
  Total Distance: 545.861
  Routes: [[8, 10, 9, 3, 1, 14, 17, 6, 18, 4, 15, 5, 12, 11, 2, 7, 13, 16]]

Fitness Evolution:
  Initial Fitness: 545.861
  Final Fitness: 545.861
  Improvement: 0.000

Optimization Information:
  Final Sardine Count: 2
  Final Iteration: 5
  Stop Reason: Maximum iterations reached
================================================================================
Successfully loaded data from kecil.csv
Depot: ID=0, X=30.0, Y=40.0, Demand=0.0
Customers: 18 customers loaded

====================================================================================================
🚚 DETAILED ROUTE ANALYSIS - VEHICLE FLOW EXPLANATION
====================================================================================================
📍 DEPOT LOCATION: (30.0, 40.0)

🚛 VEHICLE 1 ROUTE ANALYSIS
------------------------------------------------------------
📦 Route Demand: 300.0/300.0 (100.0% capacity used)
👥 Customers to visit: 18

🔄 ROUTE FLOW:
   Step 1: Vehicle starts at DEPOT (30.0, 40.0)
            Initial capacity: 300.0 units
   Step 2: Travel to Customer 8 (57.0, 29.0)
            Distance: 29.155 units
            Deliver demand: 7.0 units
            Remaining capacity: 293.0 units
   Step 3: Travel to Customer 10 (65.0, 29.0)
            Distance: 8.000 units
            Deliver demand: 7.0 units
            Remaining capacity: 286.0 units
   Step 4: Travel to Customer 9 (68.0, 29.0)
            Distance: 3.000 units
            Deliver demand: 24.0 units
            Remaining capacity: 262.0 units
   Step 5: Travel to Customer 3 (77.0, 73.0)
            Distance: 44.911 units
            Deliver demand: 23.0 units
            Remaining capacity: 239.0 units
   Step 6: Travel to Customer 1 (69.0, 77.0)
            Distance: 8.944 units
            Deliver demand: 7.0 units
            Remaining capacity: 232.0 units
   Step 7: Travel to Customer 14 (61.0, 78.0)
            Distance: 8.062 units
            Deliver demand: 26.0 units
            Remaining capacity: 206.0 units
   Step 8: Travel to Customer 17 (36.0, 21.0)
            Distance: 62.241 units
            Deliver demand: 7.0 units
            Remaining capacity: 199.0 units
   Step 9: Travel to Customer 6 (55.0, 70.0)
            Distance: 52.555 units
            Deliver demand: 7.0 units
            Remaining capacity: 192.0 units
   Step 10: Travel to Customer 18 (48.0, 37.0)
            Distance: 33.734 units
            Deliver demand: 23.0 units
            Remaining capacity: 169.0 units
   Step 11: Travel to Customer 4 (64.0, 52.0)
            Distance: 21.932 units
            Deliver demand: 16.0 units
            Remaining capacity: 153.0 units
   Step 12: Travel to Customer 15 (63.0, 63.0)
            Distance: 11.045 units
            Deliver demand: 32.0 units
            Remaining capacity: 121.0 units
   Step 13: Travel to Customer 5 (47.0, 24.0)
            Distance: 42.154 units
            Deliver demand: 19.0 units
            Remaining capacity: 102.0 units
   Step 14: Travel to Customer 12 (47.0, 71.0)
            Distance: 47.000 units
            Deliver demand: 6.0 units
            Remaining capacity: 96.0 units
   Step 15: Travel to Customer 11 (69.0, 76.0)
            Distance: 22.561 units
            Deliver demand: 9.0 units
            Remaining capacity: 87.0 units
   Step 16: Travel to Customer 2 (49.0, 48.0)
            Distance: 34.409 units
            Deliver demand: 10.0 units
            Remaining capacity: 77.0 units
   Step 17: Travel to Customer 7 (26.0, 41.0)
            Distance: 24.042 units
            Deliver demand: 11.0 units
            Remaining capacity: 66.0 units
   Step 18: Travel to Customer 13 (20.0, 68.0)
            Distance: 27.659 units
            Deliver demand: 35.0 units
            Remaining capacity: 31.0 units
   Step 19: Travel to Customer 16 (54.0, 53.0)
            Distance: 37.162 units
            Deliver demand: 31.0 units
            Remaining capacity: 0.0 units
   Step 20: Return to DEPOT (30.0, 40.0)
            Distance: 27.295 units
            Vehicle unloaded and ready for next route

📊 VEHICLE 1 SUMMARY:
   Total distance: 545.861 units
   Customers served: 18
   Demand delivered: 300.0 units
   Route efficiency: 0.550 units/distance

====================================================================================================
🎯 OVERALL OPTIMIZATION SUMMARY
====================================================================================================
Total distance traveled by all vehicles: 545.861 units
Total customers served: 18
Total demand delivered: 300.0 units
Vehicles used: 1/1
Average distance per vehicle: 545.861 units
====================================================================================================
