Logging to file: vrp_optimization_20251002_114422.log (steps)
Output file set: sailfish_vrp_SF2_S3_20251002_114422.txt
================================================================================
SAILFISH VRP OPTIMIZATION - ITERATION 0
================================================================================

================================================================================
1. INITIAL VARIABLES AND VRP DATA
================================================================================
Initial Parameters:
- Problem size: 18 customers
- Sailfish population: 2
- Sardine population: 3
- Maximum iterations: 5
- Parameter A: 4.0
- Epsilon: 0.001

VRP Problem Data:
==================================================
Max Capacity: 300.0
Max Vehicles: 1
Number of Customers: 18

Depot: ID=0, X=30.0, Y=40.0, Demand=0.0

Customers:
ID   X      Y      Demand  
------------------------------
1    69.0   77.0   7.0     
2    49.0   48.0   10.0    
3    77.0   73.0   23.0    
4    64.0   52.0   16.0    
5    47.0   24.0   19.0    
6    55.0   70.0   7.0     
7    26.0   41.0   11.0    
8    57.0   29.0   7.0     
9    68.0   29.0   24.0    
10   65.0   29.0   7.0     
11   69.0   76.0   9.0     
12   47.0   71.0   6.0     
13   20.0   68.0   35.0    
14   61.0   78.0   26.0    
15   63.0   63.0   32.0    
16   54.0   53.0   31.0    
17   36.0   21.0   7.0     
18   48.0   37.0   23.0    

================================================================================
2. RANDOM SAILFISH AND SARDINES
================================================================================
SAILFISH Random Values:
ID      C 1   C 2   C 3   C 4   C 5   C 6   C 7   C 8   C 9   C10   C11   C12   C13   C14   C15   C16   C17   C18   
SF1     0.577 0.477 0.891 0.219 0.994 0.249 0.844 0.867 0.484 0.309 0.637 0.207 0.914 0.819 0.214 0.760 0.239 0.647 
SF2     0.021 0.632 0.885 0.014 0.747 0.869 0.534 0.839 0.699 0.226 0.466 0.152 0.824 0.878 0.226 0.823 0.491 0.369 

SARDINE Random Values:
ID      C 1   C 2   C 3   C 4   C 5   C 6   C 7   C 8   C 9   C10   C11   C12   C13   C14   C15   C16   C17   C18   
S1      0.066 0.329 0.147 0.777 0.099 0.930 0.484 0.445 0.342 0.650 0.053 0.630 0.820 0.710 0.872 0.027 0.428 0.954 
S2      0.543 0.477 0.147 0.480 0.121 0.414 0.442 0.205 0.619 0.498 0.436 0.819 0.424 0.900 0.605 0.335 0.080 0.065 
S3      0.970 0.511 0.438 0.723 0.419 0.432 0.651 0.507 0.419 0.352 0.943 0.928 0.784 0.108 0.190 0.176 0.006 0.262 

================================================================================
3. ROUTES FOR EACH SAILFISH AND SARDINE
================================================================================
SAILFISH Routes:

===== SF1 ====================================================
Random values: [0.577, 0.477, 0.891, 0.219, 0.994, 0.249, 0.844, 0.867, 0.484, 0.309, 0.637, 0.207, 0.914, 0.819, 0.214, 0.76, 0.239, 0.647]
Routes (with depot returns): Route1: 0-12-15-4-17-6-10-2-9-1-11-18-16-14-7-8-3-13-5-0  
Route1 demand: 300.0/300.0

===== SF2 ====================================================
Random values: [0.021, 0.632, 0.885, 0.014, 0.747, 0.869, 0.534, 0.839, 0.699, 0.226, 0.466, 0.152, 0.824, 0.878, 0.226, 0.823, 0.491, 0.369]
Routes (with depot returns): Route1: 0-4-1-12-10-15-18-11-17-7-2-9-5-16-13-8-6-14-3-0  
Route1 demand: 300.0/300.0

SARDINE Routes:

===== S1 ====================================================
Random values: [0.066, 0.329, 0.147, 0.777, 0.099, 0.93, 0.484, 0.445, 0.342, 0.65, 0.053, 0.63, 0.82, 0.71, 0.872, 0.027, 0.428, 0.954]
Routes (with depot returns): Route1: 0-16-11-1-5-3-2-9-17-8-7-12-10-14-4-13-15-6-18-0  
Route1 demand: 300.0/300.0

===== S2 ====================================================
Random values: [0.543, 0.477, 0.147, 0.48, 0.121, 0.414, 0.442, 0.205, 0.619, 0.498, 0.436, 0.819, 0.424, 0.9, 0.605, 0.335, 0.08, 0.065]
Routes (with depot returns): Route1: 0-18-17-5-3-8-16-6-13-11-7-2-4-10-1-15-9-12-14-0  
Route1 demand: 300.0/300.0

===== S3 ====================================================
Random values: [0.97, 0.511, 0.438, 0.723, 0.419, 0.432, 0.651, 0.507, 0.419, 0.352, 0.943, 0.928, 0.784, 0.108, 0.19, 0.176, 0.006, 0.262]
Routes (with depot returns): Route1: 0-17-14-16-15-18-10-5-9-6-3-8-2-7-4-13-12-11-1-0  
Route1 demand: 300.0/300.0

================================================================================
4. FITNESS SUMMARY
================================================================================
SAILFISH FITNESS SCORES:
------------------------------
SF1: 653.576
SF2: 643.412 â­ BEST

SARDINE FITNESS SCORES:
-------------------------
S1: 634.069
S2: 608.804
S3: 559.724 â­ BEST

OVERALL SUMMARY:
--------------------
Best Sailfish Fitness: 643.412
Best Sardine Fitness: 559.724
Overall Best Fitness: 559.724
Best Routes: [[17, 14, 16, 15, 18, 10, 5, 9, 6, 3, 8, 2, 7, 4, 13, 12, 11, 1]]

========================================================================================================================
5. COMPREHENSIVE RESULTS TABLE
========================================================================================================================
ID   Random Values                  Routes                                   Fitness   
------------------------------------------------------------------------------------------------------------------------
SF1  ['0.577', '0.477', '0.891', '0.219', '0.994', '0.249', '0.844', '0.867', '0.484', '0.309', '0.637', '0.207', '0.914', '0.819', '0.214', '0.760', '0.239', '0.647'] [[12, 15, 4, 17, 6, 10, 2, 9, 1, 11, 18, 16, 14, 7, 8, 3, 13, 5]] 653.576   
SF2  ['0.021', '0.632', '0.885', '0.014', '0.747', '0.869', '0.534', '0.839', '0.699', '0.226', '0.466', '0.152', '0.824', '0.878', '0.226', '0.823', '0.491', '0.369'] [[4, 1, 12, 10, 15, 18, 11, 17, 7, 2, 9, 5, 16, 13, 8, 6, 14, 3]] 643.412   
S1   ['0.066', '0.329', '0.147', '0.777', '0.099', '0.930', '0.484', '0.445', '0.342', '0.650', '0.053', '0.630', '0.820', '0.710', '0.872', '0.027', '0.428', '0.954'] [[16, 11, 1, 5, 3, 2, 9, 17, 8, 7, 12, 10, 14, 4, 13, 15, 6, 18]] 634.069   
S2   ['0.543', '0.477', '0.147', '0.480', '0.121', '0.414', '0.442', '0.205', '0.619', '0.498', '0.436', '0.819', '0.424', '0.900', '0.605', '0.335', '0.080', '0.065'] [[18, 17, 5, 3, 8, 16, 6, 13, 11, 7, 2, 4, 10, 1, 15, 9, 12, 14]] 608.804   
S3   ['0.970', '0.511', '0.438', '0.723', '0.419', '0.432', '0.651', '0.507', '0.419', '0.352', '0.943', '0.928', '0.784', '0.108', '0.190', '0.176', '0.006', '0.262'] [[17, 14, 16, 15, 18, 10, 5, 9, 6, 3, 8, 2, 7, 4, 13, 12, 11, 1]] 559.724    ðŸŽ¯

Best Solution: 559.724
================================================================================
ITERATION 1
================================================================================
Population Decline (PD) = 1 - (2 / 5) = 0.600000

Lambda Calculations:
SF1: Î»_1 = (2 Ã— 0.059 Ã— 0.600000) - 0.600000 = -0.529200
SF2: Î»_2 = (2 Ã— 0.451 Ã— 0.600000) - 0.600000 = -0.058800
FORMULA: SF[i] = elite_sailfish_fitness - lambda[k] Ã— ((random Ã— (elite_sailfish_fitness + injured_sardine_fitness)/2) - old_sailfish)
Elite Sailfish Fitness: 643.412
Injured Sardine Fitness: 559.724
ITERATION > 0: Using replacement-specific positions for updates...
SF1 was not replaced, using original sorted position
SF2 was not replaced, using original sorted position

Updating SF1:
  Pos[1]: 643.412 - -0.529200 Ã— ((0.677 Ã— 601.568) - 0.021) = 858.924
  Pos[2]: 643.412 - -0.529200 Ã— ((0.576 Ã— 601.568) - 0.632) = 826.447
  Pos[3]: 643.412 - -0.529200 Ã— ((0.385 Ã— 601.568) - 0.885) = 765.508
  Pos[4]: 643.412 - -0.529200 Ã— ((0.207 Ã— 601.568) - 0.014) = 709.303
  Pos[5]: 643.412 - -0.529200 Ã— ((0.044 Ã— 601.568) - 0.747) = 657.024
  Pos[6]: 643.412 - -0.529200 Ã— ((0.250 Ã— 601.568) - 0.869) = 722.540
  Pos[7]: 643.412 - -0.529200 Ã— ((0.121 Ã— 601.568) - 0.534) = 681.650
  Pos[8]: 643.412 - -0.529200 Ã— ((0.343 Ã— 601.568) - 0.839) = 752.162
  Pos[9]: 643.412 - -0.529200 Ã— ((0.075 Ã— 601.568) - 0.699) = 666.918
  Pos[10]: 643.412 - -0.529200 Ã— ((0.900 Ã— 601.568) - 0.226) = 929.807
  Pos[11]: 643.412 - -0.529200 Ã— ((0.699 Ã— 601.568) - 0.466) = 865.692
  Pos[12]: 643.412 - -0.529200 Ã— ((0.602 Ã— 601.568) - 0.152) = 834.978
  Pos[13]: 643.412 - -0.529200 Ã— ((0.523 Ã— 601.568) - 0.824) = 809.473
  Pos[14]: 643.412 - -0.529200 Ã— ((0.960 Ã— 601.568) - 0.878) = 948.563
  Pos[15]: 643.412 - -0.529200 Ã— ((0.439 Ã— 601.568) - 0.226) = 783.048
  Pos[16]: 643.412 - -0.529200 Ã— ((0.358 Ã— 601.568) - 0.823) = 756.946
  Pos[17]: 643.412 - -0.529200 Ã— ((0.685 Ã— 601.568) - 0.491) = 861.222
  Pos[18]: 643.412 - -0.529200 Ã— ((0.851 Ã— 601.568) - 0.369) = 914.132
New position: ['858.924', '826.447', '765.508', '709.303', '657.024', '722.540', '681.650', '752.162', '666.918', '929.807', '865.692', '834.978', '809.473', '948.563', '783.048', '756.946', '861.222', '914.132']

Updating SF2:
  Pos[1]: 643.412 - -0.058800 Ã— ((0.317 Ã— 601.568) - 0.577) = 654.591
  Pos[2]: 643.412 - -0.058800 Ã— ((0.281 Ã— 601.568) - 0.477) = 653.323
  Pos[3]: 643.412 - -0.058800 Ã— ((0.007 Ã— 601.568) - 0.891) = 643.607
  Pos[4]: 643.412 - -0.058800 Ã— ((0.372 Ã— 601.568) - 0.219) = 656.558
  Pos[5]: 643.412 - -0.058800 Ã— ((0.187 Ã— 601.568) - 0.994) = 649.968
  Pos[6]: 643.412 - -0.058800 Ã— ((0.235 Ã— 601.568) - 0.249) = 651.710
  Pos[7]: 643.412 - -0.058800 Ã— ((0.782 Ã— 601.568) - 0.844) = 671.023
  Pos[8]: 643.412 - -0.058800 Ã— ((0.394 Ã— 601.568) - 0.867) = 657.298
  Pos[9]: 643.412 - -0.058800 Ã— ((0.365 Ã— 601.568) - 0.484) = 656.294
  Pos[10]: 643.412 - -0.058800 Ã— ((0.867 Ã— 601.568) - 0.309) = 674.061
  Pos[11]: 643.412 - -0.058800 Ã— ((0.196 Ã— 601.568) - 0.637) = 650.307
  Pos[12]: 643.412 - -0.058800 Ã— ((0.754 Ã— 601.568) - 0.207) = 670.070
  Pos[13]: 643.412 - -0.058800 Ã— ((0.291 Ã— 601.568) - 0.914) = 653.652
  Pos[14]: 643.412 - -0.058800 Ã— ((0.025 Ã— 601.568) - 0.819) = 644.248
  Pos[15]: 643.412 - -0.058800 Ã— ((0.614 Ã— 601.568) - 0.214) = 665.118
  Pos[16]: 643.412 - -0.058800 Ã— ((0.627 Ã— 601.568) - 0.760) = 665.546
  Pos[17]: 643.412 - -0.058800 Ã— ((0.246 Ã— 601.568) - 0.239) = 652.099
  Pos[18]: 643.412 - -0.058800 Ã— ((0.841 Ã— 601.568) - 0.647) = 673.122
New position: ['654.591', '653.323', '643.607', '656.558', '649.968', '651.710', '671.023', '657.298', '656.294', '674.061', '650.307', '670.070', '653.652', '644.248', '665.118', '665.546', '652.099', '673.122']

All sailfish positions updated!

FORMULA: S[i] = random Ã— (elite_sailfish_fitness - old_sardine + AP)
Elite Sailfish Fitness: 643.412
Updating ALL sardines:

Updating S1:
  Pos[1]: 0.893 Ã— (643.412 - 0.970 + 2.000000) = 575.487
  Pos[2]: 0.112 Ã— (643.412 - 0.511 + 2.000000) = 72.229
  Pos[3]: 0.256 Ã— (643.412 - 0.438 + 2.000000) = 165.113
  Pos[4]: 0.041 Ã— (643.412 - 0.723 + 2.000000) = 26.432
  Pos[5]: 0.718 Ã— (643.412 - 0.419 + 2.000000) = 463.105
  Pos[6]: 0.226 Ã— (643.412 - 0.432 + 2.000000) = 145.765
  Pos[7]: 0.073 Ã— (643.412 - 0.651 + 2.000000) = 47.068
  Pos[8]: 0.982 Ã— (643.412 - 0.507 + 2.000000) = 633.297
  Pos[9]: 0.475 Ã— (643.412 - 0.419 + 2.000000) = 306.372
  Pos[10]: 0.183 Ã— (643.412 - 0.352 + 2.000000) = 118.046
  Pos[11]: 0.528 Ã— (643.412 - 0.943 + 2.000000) = 340.280
  Pos[12]: 0.371 Ã— (643.412 - 0.928 + 2.000000) = 239.104
  Pos[13]: 0.196 Ã— (643.412 - 0.784 + 2.000000) = 126.347
  Pos[14]: 0.381 Ã— (643.412 - 0.108 + 2.000000) = 245.861
  Pos[15]: 0.428 Ã— (643.412 - 0.190 + 2.000000) = 276.155
  Pos[16]: 0.450 Ã— (643.412 - 0.176 + 2.000000) = 290.356
  Pos[17]: 0.633 Ã— (643.412 - 0.006 + 2.000000) = 408.542
  Pos[18]: 0.216 Ã— (643.412 - 0.262 + 2.000000) = 139.352
New position: ['575.487', '72.229', '165.113', '26.432', '463.105', '145.765', '47.068', '633.297', '306.372', '118.046', '340.280', '239.104', '126.347', '245.861', '276.155', '290.356', '408.542', '139.352']

Updating S2:
  Pos[1]: 0.202 Ã— (643.412 - 0.543 + 2.000000) = 130.264
  Pos[2]: 0.091 Ã— (643.412 - 0.477 + 2.000000) = 58.689
  Pos[3]: 0.786 Ã— (643.412 - 0.147 + 2.000000) = 507.178
  Pos[4]: 0.236 Ã— (643.412 - 0.480 + 2.000000) = 152.204
  Pos[5]: 0.619 Ã— (643.412 - 0.121 + 2.000000) = 399.435
  Pos[6]: 0.455 Ã— (643.412 - 0.414 + 2.000000) = 293.474
  Pos[7]: 0.403 Ã— (643.412 - 0.442 + 2.000000) = 259.923
  Pos[8]: 0.319 Ã— (643.412 - 0.205 + 2.000000) = 205.821
  Pos[9]: 0.468 Ã— (643.412 - 0.619 + 2.000000) = 301.763
  Pos[10]: 0.486 Ã— (643.412 - 0.498 + 2.000000) = 313.428
  Pos[11]: 0.148 Ã— (643.412 - 0.436 + 2.000000) = 95.456
  Pos[12]: 0.029 Ã— (643.412 - 0.819 + 2.000000) = 18.693
  Pos[13]: 0.251 Ã— (643.412 - 0.424 + 2.000000) = 161.892
  Pos[14]: 0.035 Ã— (643.412 - 0.900 + 2.000000) = 22.558
  Pos[15]: 0.562 Ã— (643.412 - 0.605 + 2.000000) = 362.382
  Pos[16]: 0.819 Ã— (643.412 - 0.335 + 2.000000) = 528.318
  Pos[17]: 0.681 Ã— (643.412 - 0.080 + 2.000000) = 439.471
  Pos[18]: 0.048 Ã— (643.412 - 0.065 + 2.000000) = 30.977
New position: ['130.264', '58.689', '507.178', '152.204', '399.435', '293.474', '259.923', '205.821', '301.763', '313.428', '95.456', '18.693', '161.892', '22.558', '362.382', '528.318', '439.471', '30.977']

Updating S3:
  Pos[1]: 0.557 Ã— (643.412 - 0.066 + 2.000000) = 359.458
  Pos[2]: 0.159 Ã— (643.412 - 0.329 + 2.000000) = 102.568
  Pos[3]: 0.201 Ã— (643.412 - 0.147 + 2.000000) = 129.698
  Pos[4]: 0.853 Ã— (643.412 - 0.777 + 2.000000) = 549.874
  Pos[5]: 0.730 Ã— (643.412 - 0.099 + 2.000000) = 471.078
  Pos[6]: 0.307 Ã— (643.412 - 0.930 + 2.000000) = 197.856
  Pos[7]: 0.337 Ã— (643.412 - 0.484 + 2.000000) = 217.341
  Pos[8]: 0.945 Ã— (643.412 - 0.445 + 2.000000) = 609.494
  Pos[9]: 0.771 Ã— (643.412 - 0.342 + 2.000000) = 497.349
  Pos[10]: 0.271 Ã— (643.412 - 0.650 + 2.000000) = 174.730
  Pos[11]: 0.256 Ã— (643.412 - 0.053 + 2.000000) = 165.212
  Pos[12]: 0.237 Ã— (643.412 - 0.630 + 2.000000) = 152.813
  Pos[13]: 0.130 Ã— (643.412 - 0.820 + 2.000000) = 83.797
  Pos[14]: 0.809 Ã— (643.412 - 0.710 + 2.000000) = 521.564
  Pos[15]: 0.105 Ã— (643.412 - 0.872 + 2.000000) = 67.677
  Pos[16]: 0.454 Ã— (643.412 - 0.027 + 2.000000) = 293.005
  Pos[17]: 0.461 Ã— (643.412 - 0.428 + 2.000000) = 297.338
  Pos[18]: 0.371 Ã— (643.412 - 0.954 + 2.000000) = 239.094
New position: ['359.458', '102.568', '129.698', '549.874', '471.078', '197.856', '217.341', '609.494', '497.349', '174.730', '165.212', '152.813', '83.797', '521.564', '67.677', '293.005', '297.338', '239.094']

All sardine positions updated!

================================================================================
ITERATION 1 - STEP 4: SAILFISH-SARDINE REPLACEMENT
================================================================================
Analysis:
- Worst sailfish fitness: 653.576
- Sardines better than worst sailfish: 3

Replacement 1:
- Sardine S3 (fitness: 559.724) -> Sailfish SF1 (fitness: 653.576)

Replacement 2:
- Sardine S2 (fitness: 608.804) -> Sailfish SF2 (fitness: 643.412)

Replacement Summary: 2 replacements made

================================================================================
ITERATION 1 - STEP 1: GENERATING NEW ROUTES
================================================================================
SAILFISH Routes:

===== SF1 ====================================================
Random values: [0.97, 0.511, 0.438, 0.723, 0.419, 0.432, 0.651, 0.507, 0.419, 0.352, 0.943, 0.928, 0.784, 0.108, 0.19, 0.176, 0.006, 0.262]
Routes (with depot returns): Route1: 0-17-14-16-15-18-10-5-9-6-3-8-2-7-4-13-12-11-1-0  
Route1 demand: 300.0/300.0

===== SF2 ====================================================
Random values: [0.543, 0.477, 0.147, 0.48, 0.121, 0.414, 0.442, 0.205, 0.619, 0.498, 0.436, 0.819, 0.424, 0.9, 0.605, 0.335, 0.08, 0.065]
Routes (with depot returns): Route1: 0-18-17-5-3-8-16-6-13-11-7-2-4-10-1-15-9-12-14-0  
Route1 demand: 300.0/300.0

SARDINE Routes:

===== S1 ====================================================
Random values: [0.066, 0.329, 0.147, 0.777, 0.099, 0.93, 0.484, 0.445, 0.342, 0.65, 0.053, 0.63, 0.82, 0.71, 0.872, 0.027, 0.428, 0.954]
Routes (with depot returns): Route1: 0-16-11-1-5-3-2-9-17-8-7-12-10-14-4-13-15-6-18-0  
Route1 demand: 300.0/300.0

================================================================================
ITERATION 1 - STEP 3: FITNESS SUMMARY
================================================================================
SAILFISH FITNESS SCORES:
------------------------------
SF1: 559.724 â­ BEST
SF2: 608.804

SARDINE FITNESS SCORES:
-------------------------
S1: 634.069 â­ BEST

OVERALL SUMMARY:
--------------------
Best Sailfish Fitness: 559.724
Best Sardine Fitness: 634.069
Overall Best Fitness: 559.724
Best Routes: [[17, 14, 16, 15, 18, 10, 5, 9, 6, 3, 8, 2, 7, 4, 13, 12, 11, 1]]

========================================================================================================================
ITERATION 1 - COMPREHENSIVE RESULTS TABLE
========================================================================================================================
ID   Random Values                  Routes                                   Fitness   
------------------------------------------------------------------------------------------------------------------------
SF1  ['0.970', '0.511', '0.438', '0.723', '0.419', '0.432', '0.651', '0.507', '0.419', '0.352', '0.943', '0.928', '0.784', '0.108', '0.190', '0.176', '0.006', '0.262'] [[17, 14, 16, 15, 18, 10, 5, 9, 6, 3, 8, 2, 7, 4, 13, 12, 11, 1]] 559.724    ðŸŽ¯
SF2  ['0.543', '0.477', '0.147', '0.480', '0.121', '0.414', '0.442', '0.205', '0.619', '0.498', '0.436', '0.819', '0.424', '0.900', '0.605', '0.335', '0.080', '0.065'] [[18, 17, 5, 3, 8, 16, 6, 13, 11, 7, 2, 4, 10, 1, 15, 9, 12, 14]] 608.804   
S1   ['0.066', '0.329', '0.147', '0.777', '0.099', '0.930', '0.484', '0.445', '0.342', '0.650', '0.053', '0.630', '0.820', '0.710', '0.872', '0.027', '0.428', '0.954'] [[16, 11, 1, 5, 3, 2, 9, 17, 8, 7, 12, 10, 14, 4, 13, 15, 6, 18]] 634.069   

Best Solution: 559.724
================================================================================
ITERATION 2
================================================================================
Population Decline (PD) = 1 - (2 / 3) = 0.333333

Lambda Calculations:
SF1: Î»_1 = (2 Ã— 0.175 Ã— 0.333333) - 0.333333 = -0.216667
SF2: Î»_2 = (2 Ã— 0.43 Ã— 0.333333) - 0.333333 = -0.046667
FORMULA: SF[i] = elite_sailfish_fitness - lambda[k] Ã— ((random Ã— (elite_sailfish_fitness + injured_sardine_fitness)/2) - old_sailfish)
Elite Sailfish Fitness: 559.724
Injured Sardine Fitness: 634.069
ITERATION > 0: Using replacement-specific positions for updates...
SF1 was replaced by S3, using S3 position
SF2 was replaced by S2, using S2 position

Updating SF1:
  Pos[1]: 559.724 - -0.216667 Ã— ((0.361 Ã— 596.897) - 0.970) = 606.201
  Pos[2]: 559.724 - -0.216667 Ã— ((0.210 Ã— 596.897) - 0.511) = 586.772
  Pos[3]: 559.724 - -0.216667 Ã— ((0.201 Ã— 596.897) - 0.438) = 585.624
  Pos[4]: 559.724 - -0.216667 Ã— ((0.251 Ã— 596.897) - 0.723) = 592.029
  Pos[5]: 559.724 - -0.216667 Ã— ((0.322 Ã— 596.897) - 0.419) = 601.277
  Pos[6]: 559.724 - -0.216667 Ã— ((0.501 Ã— 596.897) - 0.432) = 624.424
  Pos[7]: 559.724 - -0.216667 Ã— ((0.098 Ã— 596.897) - 0.651) = 572.257
  Pos[8]: 559.724 - -0.216667 Ã— ((0.644 Ã— 596.897) - 0.507) = 642.901
  Pos[9]: 559.724 - -0.216667 Ã— ((0.710 Ã— 596.897) - 0.419) = 651.456
  Pos[10]: 559.724 - -0.216667 Ã— ((0.807 Ã— 596.897) - 0.352) = 664.015
  Pos[11]: 559.724 - -0.216667 Ã— ((0.198 Ã— 596.897) - 0.943) = 585.127
  Pos[12]: 559.724 - -0.216667 Ã— ((0.259 Ã— 596.897) - 0.928) = 593.019
  Pos[13]: 559.724 - -0.216667 Ã— ((0.096 Ã— 596.897) - 0.784) = 571.970
  Pos[14]: 559.724 - -0.216667 Ã— ((0.909 Ã— 596.897) - 0.108) = 677.260
  Pos[15]: 559.724 - -0.216667 Ã— ((0.975 Ã— 596.897) - 0.190) = 685.778
  Pos[16]: 559.724 - -0.216667 Ã— ((0.701 Ã— 596.897) - 0.176) = 650.345
  Pos[17]: 559.724 - -0.216667 Ã— ((0.103 Ã— 596.897) - 0.006) = 573.044
  Pos[18]: 559.724 - -0.216667 Ã— ((0.298 Ã— 596.897) - 0.262) = 598.207
New position: ['606.201', '586.772', '585.624', '592.029', '601.277', '624.424', '572.257', '642.901', '651.456', '664.015', '585.127', '593.019', '571.970', '677.260', '685.778', '650.345', '573.044', '598.207']

Updating SF2:
  Pos[1]: 559.724 - -0.046667 Ã— ((0.273 Ã— 596.897) - 0.543) = 567.303
  Pos[2]: 559.724 - -0.046667 Ã— ((0.809 Ã— 596.897) - 0.477) = 582.237
  Pos[3]: 559.724 - -0.046667 Ã— ((0.733 Ã— 596.897) - 0.147) = 580.135
  Pos[4]: 559.724 - -0.046667 Ã— ((0.990 Ã— 596.897) - 0.480) = 587.279
  Pos[5]: 559.724 - -0.046667 Ã— ((0.616 Ã— 596.897) - 0.121) = 576.877
  Pos[6]: 559.724 - -0.046667 Ã— ((0.061 Ã— 596.897) - 0.414) = 561.404
  Pos[7]: 559.724 - -0.046667 Ã— ((0.963 Ã— 596.897) - 0.442) = 586.528
  Pos[8]: 559.724 - -0.046667 Ã— ((0.309 Ã— 596.897) - 0.205) = 568.322
  Pos[9]: 559.724 - -0.046667 Ã— ((0.353 Ã— 596.897) - 0.619) = 569.528
  Pos[10]: 559.724 - -0.046667 Ã— ((0.085 Ã— 596.897) - 0.498) = 562.069
  Pos[11]: 559.724 - -0.046667 Ã— ((0.270 Ã— 596.897) - 0.436) = 567.225
  Pos[12]: 559.724 - -0.046667 Ã— ((0.508 Ã— 596.897) - 0.819) = 573.837
  Pos[13]: 559.724 - -0.046667 Ã— ((0.244 Ã— 596.897) - 0.424) = 566.501
  Pos[14]: 559.724 - -0.046667 Ã— ((0.012 Ã— 596.897) - 0.900) = 560.017
  Pos[15]: 559.724 - -0.046667 Ã— ((0.599 Ã— 596.897) - 0.605) = 576.381
  Pos[16]: 559.724 - -0.046667 Ã— ((0.012 Ã— 596.897) - 0.335) = 560.043
  Pos[17]: 559.724 - -0.046667 Ã— ((0.808 Ã— 596.897) - 0.080) = 582.228
  Pos[18]: 559.724 - -0.046667 Ã— ((0.700 Ã— 596.897) - 0.065) = 579.220
New position: ['567.303', '582.237', '580.135', '587.279', '576.877', '561.404', '586.528', '568.322', '569.528', '562.069', '567.225', '573.837', '566.501', '560.017', '576.381', '560.043', '582.228', '579.220']

All sailfish positions updated!

FORMULA: S[i] = random Ã— (elite_sailfish_fitness - old_sardine + AP)
Elite Sailfish Fitness: 559.724
Updating ALL sardines:

Updating S1:
  Pos[1]: 0.886 Ã— (559.724 - 0.066 + 2.000000) = 497.629
  Pos[2]: 0.359 Ã— (559.724 - 0.329 + 2.000000) = 201.541
  Pos[3]: 0.073 Ã— (559.724 - 0.147 + 2.000000) = 40.995
  Pos[4]: 0.697 Ã— (559.724 - 0.777 + 2.000000) = 390.980
  Pos[5]: 0.085 Ã— (559.724 - 0.099 + 2.000000) = 47.738
  Pos[6]: 0.960 Ã— (559.724 - 0.930 + 2.000000) = 538.363
  Pos[7]: 0.357 Ã— (559.724 - 0.484 + 2.000000) = 200.363
  Pos[8]: 0.299 Ã— (559.724 - 0.445 + 2.000000) = 167.823
  Pos[9]: 0.418 Ã— (559.724 - 0.342 + 2.000000) = 234.658
  Pos[10]: 0.935 Ã— (559.724 - 0.650 + 2.000000) = 524.605
  Pos[11]: 0.546 Ã— (559.724 - 0.053 + 2.000000) = 306.673
  Pos[12]: 0.659 Ã— (559.724 - 0.630 + 2.000000) = 369.761
  Pos[13]: 0.644 Ã— (559.724 - 0.820 + 2.000000) = 361.222
  Pos[14]: 0.597 Ã— (559.724 - 0.710 + 2.000000) = 334.926
  Pos[15]: 0.712 Ã— (559.724 - 0.872 + 2.000000) = 399.327
  Pos[16]: 0.134 Ã— (559.724 - 0.027 + 2.000000) = 75.267
  Pos[17]: 0.205 Ã— (559.724 - 0.428 + 2.000000) = 115.066
  Pos[18]: 0.142 Ã— (559.724 - 0.954 + 2.000000) = 79.629
New position: ['497.629', '201.541', '40.995', '390.980', '47.738', '538.363', '200.363', '167.823', '234.658', '524.605', '306.673', '369.761', '361.222', '334.926', '399.327', '75.267', '115.066', '79.629']

All sardine positions updated!

================================================================================
ITERATION 2 - STEP 4: SAILFISH-SARDINE REPLACEMENT
================================================================================
Analysis:
- Worst sailfish fitness: 608.804
- Sardines better than worst sailfish: 0
- No replacement will occur

================================================================================
ITERATION 2 - STEP 1: GENERATING NEW ROUTES
================================================================================
SAILFISH Routes:

===== SF1 ====================================================
Random values: [0.97, 0.511, 0.438, 0.723, 0.419, 0.432, 0.651, 0.507, 0.419, 0.352, 0.943, 0.928, 0.784, 0.108, 0.19, 0.176, 0.006, 0.262]
Routes (with depot returns): Route1: 0-17-14-16-15-18-10-5-9-6-3-8-2-7-4-13-12-11-1-0  
Route1 demand: 300.0/300.0

===== SF2 ====================================================
Random values: [0.543, 0.477, 0.147, 0.48, 0.121, 0.414, 0.442, 0.205, 0.619, 0.498, 0.436, 0.819, 0.424, 0.9, 0.605, 0.335, 0.08, 0.065]
Routes (with depot returns): Route1: 0-18-17-5-3-8-16-6-13-11-7-2-4-10-1-15-9-12-14-0  
Route1 demand: 300.0/300.0

SARDINE Routes:

===== S1 ====================================================
Random values: [0.066, 0.329, 0.147, 0.777, 0.099, 0.93, 0.484, 0.445, 0.342, 0.65, 0.053, 0.63, 0.82, 0.71, 0.872, 0.027, 0.428, 0.954]
Routes (with depot returns): Route1: 0-16-11-1-5-3-2-9-17-8-7-12-10-14-4-13-15-6-18-0  
Route1 demand: 300.0/300.0

================================================================================
ITERATION 2 - STEP 3: FITNESS SUMMARY
================================================================================
SAILFISH FITNESS SCORES:
------------------------------
SF1: 559.724 â­ BEST
SF2: 608.804

SARDINE FITNESS SCORES:
-------------------------
S1: 634.069 â­ BEST

OVERALL SUMMARY:
--------------------
Best Sailfish Fitness: 559.724
Best Sardine Fitness: 634.069
Overall Best Fitness: 559.724
Best Routes: [[17, 14, 16, 15, 18, 10, 5, 9, 6, 3, 8, 2, 7, 4, 13, 12, 11, 1]]

========================================================================================================================
ITERATION 2 - COMPREHENSIVE RESULTS TABLE
========================================================================================================================
ID   Random Values                  Routes                                   Fitness   
------------------------------------------------------------------------------------------------------------------------
SF1  ['0.970', '0.511', '0.438', '0.723', '0.419', '0.432', '0.651', '0.507', '0.419', '0.352', '0.943', '0.928', '0.784', '0.108', '0.190', '0.176', '0.006', '0.262'] [[17, 14, 16, 15, 18, 10, 5, 9, 6, 3, 8, 2, 7, 4, 13, 12, 11, 1]] 559.724    ðŸŽ¯
SF2  ['0.543', '0.477', '0.147', '0.480', '0.121', '0.414', '0.442', '0.205', '0.619', '0.498', '0.436', '0.819', '0.424', '0.900', '0.605', '0.335', '0.080', '0.065'] [[18, 17, 5, 3, 8, 16, 6, 13, 11, 7, 2, 4, 10, 1, 15, 9, 12, 14]] 608.804   
S1   ['0.066', '0.329', '0.147', '0.777', '0.099', '0.930', '0.484', '0.445', '0.342', '0.650', '0.053', '0.630', '0.820', '0.710', '0.872', '0.027', '0.428', '0.954'] [[16, 11, 1, 5, 3, 2, 9, 17, 8, 7, 12, 10, 14, 4, 13, 15, 6, 18]] 634.069   

Best Solution: 559.724
================================================================================
ITERATION 3
================================================================================
Population Decline (PD) = 1 - (2 / 3) = 0.333333

Lambda Calculations:
SF1: Î»_1 = (2 Ã— 0.804 Ã— 0.333333) - 0.333333 = 0.202667
SF2: Î»_2 = (2 Ã— 0.052 Ã— 0.333333) - 0.333333 = -0.298667
FORMULA: SF[i] = elite_sailfish_fitness - lambda[k] Ã— ((random Ã— (elite_sailfish_fitness + injured_sardine_fitness)/2) - old_sailfish)
Elite Sailfish Fitness: 559.724
Injured Sardine Fitness: 634.069
ITERATION > 0: Using replacement-specific positions for updates...
SF1 was replaced by S3, using S3 position
SF2 was replaced by S2, using S2 position

Updating SF1:
  Pos[1]: 559.724 - 0.202667 Ã— ((0.895 Ã— 596.897) - 0.970) = 451.652
  Pos[2]: 559.724 - 0.202667 Ã— ((0.440 Ã— 596.897) - 0.511) = 506.601
  Pos[3]: 559.724 - 0.202667 Ã— ((0.900 Ã— 596.897) - 0.438) = 450.939
  Pos[4]: 559.724 - 0.202667 Ã— ((0.292 Ã— 596.897) - 0.723) = 524.547
  Pos[5]: 559.724 - 0.202667 Ã— ((0.620 Ã— 596.897) - 0.419) = 484.807
  Pos[6]: 559.724 - 0.202667 Ã— ((0.434 Ã— 596.897) - 0.432) = 507.310
  Pos[7]: 559.724 - 0.202667 Ã— ((0.780 Ã— 596.897) - 0.651) = 465.499
  Pos[8]: 559.724 - 0.202667 Ã— ((0.891 Ã— 596.897) - 0.507) = 452.042
  Pos[9]: 559.724 - 0.202667 Ã— ((0.073 Ã— 596.897) - 0.419) = 550.978
  Pos[10]: 559.724 - 0.202667 Ã— ((0.436 Ã— 596.897) - 0.352) = 507.052
  Pos[11]: 559.724 - 0.202667 Ã— ((0.901 Ã— 596.897) - 0.943) = 450.921
  Pos[12]: 559.724 - 0.202667 Ã— ((0.140 Ã— 596.897) - 0.928) = 542.976
  Pos[13]: 559.724 - 0.202667 Ã— ((0.291 Ã— 596.897) - 0.784) = 524.681
  Pos[14]: 559.724 - 0.202667 Ã— ((0.755 Ã— 596.897) - 0.108) = 468.413
  Pos[15]: 559.724 - 0.202667 Ã— ((0.632 Ã— 596.897) - 0.190) = 483.309
  Pos[16]: 559.724 - 0.202667 Ã— ((0.455 Ã— 596.897) - 0.176) = 504.718
  Pos[17]: 559.724 - 0.202667 Ã— ((0.098 Ã— 596.897) - 0.006) = 547.870
  Pos[18]: 559.724 - 0.202667 Ã— ((0.197 Ã— 596.897) - 0.262) = 535.946
New position: ['451.652', '506.601', '450.939', '524.547', '484.807', '507.310', '465.499', '452.042', '550.978', '507.052', '450.921', '542.976', '524.681', '468.413', '483.309', '504.718', '547.870', '535.946']

Updating SF2:
  Pos[1]: 559.724 - -0.298667 Ã— ((0.806 Ã— 596.897) - 0.543) = 703.250
  Pos[2]: 559.724 - -0.298667 Ã— ((0.066 Ã— 596.897) - 0.477) = 571.348
  Pos[3]: 559.724 - -0.298667 Ã— ((0.199 Ã— 596.897) - 0.147) = 595.157
  Pos[4]: 559.724 - -0.298667 Ã— ((0.375 Ã— 596.897) - 0.480) = 626.433
  Pos[5]: 559.724 - -0.298667 Ã— ((0.378 Ã— 596.897) - 0.121) = 627.075
  Pos[6]: 559.724 - -0.298667 Ã— ((0.099 Ã— 596.897) - 0.414) = 577.250
  Pos[7]: 559.724 - -0.298667 Ã— ((0.765 Ã— 596.897) - 0.442) = 695.971
  Pos[8]: 559.724 - -0.298667 Ã— ((0.090 Ã— 596.897) - 0.205) = 575.708
  Pos[9]: 559.724 - -0.298667 Ã— ((0.907 Ã— 596.897) - 0.619) = 721.233
  Pos[10]: 559.724 - -0.298667 Ã— ((0.704 Ã— 596.897) - 0.498) = 685.080
  Pos[11]: 559.724 - -0.298667 Ã— ((0.061 Ã— 596.897) - 0.436) = 570.469
  Pos[12]: 559.724 - -0.298667 Ã— ((0.402 Ã— 596.897) - 0.819) = 631.146
  Pos[13]: 559.724 - -0.298667 Ã— ((0.545 Ã— 596.897) - 0.424) = 656.757
  Pos[14]: 559.724 - -0.298667 Ã— ((0.114 Ã— 596.897) - 0.900) = 579.779
  Pos[15]: 559.724 - -0.298667 Ã— ((0.985 Ã— 596.897) - 0.605) = 735.143
  Pos[16]: 559.724 - -0.298667 Ã— ((0.578 Ã— 596.897) - 0.335) = 662.666
  Pos[17]: 559.724 - -0.298667 Ã— ((0.329 Ã— 596.897) - 0.080) = 618.352
  Pos[18]: 559.724 - -0.298667 Ã— ((0.073 Ã— 596.897) - 0.065) = 572.719
New position: ['703.250', '571.348', '595.157', '626.433', '627.075', '577.250', '695.971', '575.708', '721.233', '685.080', '570.469', '631.146', '656.757', '579.779', '735.143', '662.666', '618.352', '572.719']

All sailfish positions updated!

FORMULA: S[i] = random Ã— (elite_sailfish_fitness - old_sardine + AP)
Elite Sailfish Fitness: 559.724
Updating ALL sardines:

Updating S1:
  Pos[1]: 0.482 Ã— (559.724 - 0.066 + 2.000000) = 270.719
  Pos[2]: 0.145 Ã— (559.724 - 0.329 + 2.000000) = 81.402
  Pos[3]: 0.636 Ã— (559.724 - 0.147 + 2.000000) = 357.163
  Pos[4]: 0.569 Ã— (559.724 - 0.777 + 2.000000) = 319.179
  Pos[5]: 0.340 Ã— (559.724 - 0.099 + 2.000000) = 190.953
  Pos[6]: 0.437 Ã— (559.724 - 0.930 + 2.000000) = 245.067
  Pos[7]: 0.766 Ã— (559.724 - 0.484 + 2.000000) = 429.910
  Pos[8]: 0.695 Ã— (559.724 - 0.445 + 2.000000) = 390.089
  Pos[9]: 0.101 Ã— (559.724 - 0.342 + 2.000000) = 56.700
  Pos[10]: 0.341 Ã— (559.724 - 0.650 + 2.000000) = 191.326
  Pos[11]: 0.606 Ã— (559.724 - 0.053 + 2.000000) = 340.373
  Pos[12]: 0.048 Ã— (559.724 - 0.630 + 2.000000) = 26.933
  Pos[13]: 0.011 Ã— (559.724 - 0.820 + 2.000000) = 6.170
  Pos[14]: 0.760 Ã— (559.724 - 0.710 + 2.000000) = 426.371
  Pos[15]: 0.256 Ã— (559.724 - 0.872 + 2.000000) = 143.578
  Pos[16]: 0.694 Ã— (559.724 - 0.027 + 2.000000) = 389.818
  Pos[17]: 0.015 Ã— (559.724 - 0.428 + 2.000000) = 8.419
  Pos[18]: 0.864 Ã— (559.724 - 0.954 + 2.000000) = 484.506
New position: ['270.719', '81.402', '357.163', '319.179', '190.953', '245.067', '429.910', '390.089', '56.700', '191.326', '340.373', '26.933', '6.170', '426.371', '143.578', '389.818', '8.419', '484.506']

All sardine positions updated!

================================================================================
ITERATION 3 - STEP 4: SAILFISH-SARDINE REPLACEMENT
================================================================================
Analysis:
- Worst sailfish fitness: 608.804
- Sardines better than worst sailfish: 0
- No replacement will occur

================================================================================
ITERATION 3 - STEP 1: GENERATING NEW ROUTES
================================================================================
SAILFISH Routes:

===== SF1 ====================================================
Random values: [0.97, 0.511, 0.438, 0.723, 0.419, 0.432, 0.651, 0.507, 0.419, 0.352, 0.943, 0.928, 0.784, 0.108, 0.19, 0.176, 0.006, 0.262]
Routes (with depot returns): Route1: 0-17-14-16-15-18-10-5-9-6-3-8-2-7-4-13-12-11-1-0  
Route1 demand: 300.0/300.0

===== SF2 ====================================================
Random values: [0.543, 0.477, 0.147, 0.48, 0.121, 0.414, 0.442, 0.205, 0.619, 0.498, 0.436, 0.819, 0.424, 0.9, 0.605, 0.335, 0.08, 0.065]
Routes (with depot returns): Route1: 0-18-17-5-3-8-16-6-13-11-7-2-4-10-1-15-9-12-14-0  
Route1 demand: 300.0/300.0

SARDINE Routes:

===== S1 ====================================================
Random values: [0.066, 0.329, 0.147, 0.777, 0.099, 0.93, 0.484, 0.445, 0.342, 0.65, 0.053, 0.63, 0.82, 0.71, 0.872, 0.027, 0.428, 0.954]
Routes (with depot returns): Route1: 0-16-11-1-5-3-2-9-17-8-7-12-10-14-4-13-15-6-18-0  
Route1 demand: 300.0/300.0

================================================================================
ITERATION 3 - STEP 3: FITNESS SUMMARY
================================================================================
SAILFISH FITNESS SCORES:
------------------------------
SF1: 559.724 â­ BEST
SF2: 608.804

SARDINE FITNESS SCORES:
-------------------------
S1: 634.069 â­ BEST

OVERALL SUMMARY:
--------------------
Best Sailfish Fitness: 559.724
Best Sardine Fitness: 634.069
Overall Best Fitness: 559.724
Best Routes: [[17, 14, 16, 15, 18, 10, 5, 9, 6, 3, 8, 2, 7, 4, 13, 12, 11, 1]]

========================================================================================================================
ITERATION 3 - COMPREHENSIVE RESULTS TABLE
========================================================================================================================
ID   Random Values                  Routes                                   Fitness   
------------------------------------------------------------------------------------------------------------------------
SF1  ['0.970', '0.511', '0.438', '0.723', '0.419', '0.432', '0.651', '0.507', '0.419', '0.352', '0.943', '0.928', '0.784', '0.108', '0.190', '0.176', '0.006', '0.262'] [[17, 14, 16, 15, 18, 10, 5, 9, 6, 3, 8, 2, 7, 4, 13, 12, 11, 1]] 559.724    ðŸŽ¯
SF2  ['0.543', '0.477', '0.147', '0.480', '0.121', '0.414', '0.442', '0.205', '0.619', '0.498', '0.436', '0.819', '0.424', '0.900', '0.605', '0.335', '0.080', '0.065'] [[18, 17, 5, 3, 8, 16, 6, 13, 11, 7, 2, 4, 10, 1, 15, 9, 12, 14]] 608.804   
S1   ['0.066', '0.329', '0.147', '0.777', '0.099', '0.930', '0.484', '0.445', '0.342', '0.650', '0.053', '0.630', '0.820', '0.710', '0.872', '0.027', '0.428', '0.954'] [[16, 11, 1, 5, 3, 2, 9, 17, 8, 7, 12, 10, 14, 4, 13, 15, 6, 18]] 634.069   

Best Solution: 559.724
================================================================================
ITERATION 4
================================================================================
Population Decline (PD) = 1 - (2 / 3) = 0.333333

Lambda Calculations:
SF1: Î»_1 = (2 Ã— 0.165 Ã— 0.333333) - 0.333333 = -0.223333
SF2: Î»_2 = (2 Ã— 0.033 Ã— 0.333333) - 0.333333 = -0.311333
FORMULA: SF[i] = elite_sailfish_fitness - lambda[k] Ã— ((random Ã— (elite_sailfish_fitness + injured_sardine_fitness)/2) - old_sailfish)
Elite Sailfish Fitness: 559.724
Injured Sardine Fitness: 634.069
ITERATION > 0: Using replacement-specific positions for updates...
SF1 was replaced by S3, using S3 position
SF2 was replaced by S2, using S2 position

Updating SF1:
  Pos[1]: 559.724 - -0.223333 Ã— ((0.577 Ã— 596.897) - 0.970) = 636.426
  Pos[2]: 559.724 - -0.223333 Ã— ((0.168 Ã— 596.897) - 0.511) = 582.006
  Pos[3]: 559.724 - -0.223333 Ã— ((0.766 Ã— 596.897) - 0.438) = 661.740
  Pos[4]: 559.724 - -0.223333 Ã— ((0.340 Ã— 596.897) - 0.723) = 604.887
  Pos[5]: 559.724 - -0.223333 Ã— ((0.106 Ã— 596.897) - 0.419) = 573.761
  Pos[6]: 559.724 - -0.223333 Ã— ((0.276 Ã— 596.897) - 0.432) = 596.421
  Pos[7]: 559.724 - -0.223333 Ã— ((0.844 Ã— 596.897) - 0.651) = 672.090
  Pos[8]: 559.724 - -0.223333 Ã— ((0.212 Ã— 596.897) - 0.507) = 587.872
  Pos[9]: 559.724 - -0.223333 Ã— ((0.730 Ã— 596.897) - 0.419) = 656.945
  Pos[10]: 559.724 - -0.223333 Ã— ((0.670 Ã— 596.897) - 0.352) = 648.961
  Pos[11]: 559.724 - -0.223333 Ã— ((0.164 Ã— 596.897) - 0.943) = 581.376
  Pos[12]: 559.724 - -0.223333 Ã— ((0.485 Ã— 596.897) - 0.928) = 624.171
  Pos[13]: 559.724 - -0.223333 Ã— ((0.245 Ã— 596.897) - 0.784) = 592.209
  Pos[14]: 559.724 - -0.223333 Ã— ((0.468 Ã— 596.897) - 0.108) = 622.088
  Pos[15]: 559.724 - -0.223333 Ã— ((0.707 Ã— 596.897) - 0.190) = 653.930
  Pos[16]: 559.724 - -0.223333 Ã— ((0.445 Ã— 596.897) - 0.176) = 619.007
  Pos[17]: 559.724 - -0.223333 Ã— ((0.531 Ã— 596.897) - 0.006) = 630.509
  Pos[18]: 559.724 - -0.223333 Ã— ((0.837 Ã— 596.897) - 0.262) = 671.244
New position: ['636.426', '582.006', '661.740', '604.887', '573.761', '596.421', '672.090', '587.872', '656.945', '648.961', '581.376', '624.171', '592.209', '622.088', '653.930', '619.007', '630.509', '671.244']

Updating SF2:
  Pos[1]: 559.724 - -0.311333 Ã— ((0.879 Ã— 596.897) - 0.543) = 722.903
  Pos[2]: 559.724 - -0.311333 Ã— ((0.851 Ã— 596.897) - 0.477) = 717.720
  Pos[3]: 559.724 - -0.311333 Ã— ((0.736 Ã— 596.897) - 0.147) = 696.452
  Pos[4]: 559.724 - -0.311333 Ã— ((0.975 Ã— 596.897) - 0.480) = 740.763
  Pos[5]: 559.724 - -0.311333 Ã— ((0.225 Ã— 596.897) - 0.121) = 601.499
  Pos[6]: 559.724 - -0.311333 Ã— ((0.764 Ã— 596.897) - 0.414) = 701.573
  Pos[7]: 559.724 - -0.311333 Ã— ((0.500 Ã— 596.897) - 0.442) = 652.504
  Pos[8]: 559.724 - -0.311333 Ã— ((0.418 Ã— 596.897) - 0.205) = 637.339
  Pos[9]: 559.724 - -0.311333 Ã— ((0.129 Ã— 596.897) - 0.619) = 583.504
  Pos[10]: 559.724 - -0.311333 Ã— ((0.669 Ã— 596.897) - 0.498) = 683.892
  Pos[11]: 559.724 - -0.311333 Ã— ((0.545 Ã— 596.897) - 0.436) = 660.868
  Pos[12]: 559.724 - -0.311333 Ã— ((0.326 Ã— 596.897) - 0.819) = 620.051
  Pos[13]: 559.724 - -0.311333 Ã— ((0.650 Ã— 596.897) - 0.424) = 680.384
  Pos[14]: 559.724 - -0.311333 Ã— ((0.247 Ã— 596.897) - 0.900) = 605.345
  Pos[15]: 559.724 - -0.311333 Ã— ((0.143 Ã— 596.897) - 0.605) = 586.110
  Pos[16]: 559.724 - -0.311333 Ã— ((0.256 Ã— 596.897) - 0.335) = 607.194
  Pos[17]: 559.724 - -0.311333 Ã— ((0.133 Ã— 596.897) - 0.080) = 584.415
  Pos[18]: 559.724 - -0.311333 Ã— ((0.805 Ã— 596.897) - 0.065) = 709.300
New position: ['722.903', '717.720', '696.452', '740.763', '601.499', '701.573', '652.504', '637.339', '583.504', '683.892', '660.868', '620.051', '680.384', '605.345', '586.110', '607.194', '584.415', '709.300']

All sailfish positions updated!

FORMULA: S[i] = random Ã— (elite_sailfish_fitness - old_sardine + AP)
Elite Sailfish Fitness: 559.724
Updating ALL sardines:

Updating S1:
  Pos[1]: 0.466 Ã— (559.724 - 0.066 + 2.000000) = 261.733
  Pos[2]: 0.418 Ã— (559.724 - 0.329 + 2.000000) = 234.663
  Pos[3]: 0.061 Ã— (559.724 - 0.147 + 2.000000) = 34.256
  Pos[4]: 0.284 Ã— (559.724 - 0.777 + 2.000000) = 159.309
  Pos[5]: 0.087 Ã— (559.724 - 0.099 + 2.000000) = 48.861
  Pos[6]: 0.467 Ã— (559.724 - 0.930 + 2.000000) = 261.891
  Pos[7]: 0.315 Ã— (559.724 - 0.484 + 2.000000) = 176.791
  Pos[8]: 0.884 Ã— (559.724 - 0.445 + 2.000000) = 496.171
  Pos[9]: 0.242 Ã— (559.724 - 0.342 + 2.000000) = 135.855
  Pos[10]: 0.749 Ã— (559.724 - 0.650 + 2.000000) = 420.245
  Pos[11]: 0.264 Ã— (559.724 - 0.053 + 2.000000) = 148.281
  Pos[12]: 0.034 Ã— (559.724 - 0.630 + 2.000000) = 19.077
  Pos[13]: 0.663 Ã— (559.724 - 0.820 + 2.000000) = 371.880
  Pos[14]: 0.315 Ã— (559.724 - 0.710 + 2.000000) = 176.720
  Pos[15]: 0.180 Ã— (559.724 - 0.872 + 2.000000) = 100.953
  Pos[16]: 0.796 Ã— (559.724 - 0.027 + 2.000000) = 447.111
  Pos[17]: 0.609 Ã— (559.724 - 0.428 + 2.000000) = 341.829
  Pos[18]: 0.053 Ã— (559.724 - 0.954 + 2.000000) = 29.721
New position: ['261.733', '234.663', '34.256', '159.309', '48.861', '261.891', '176.791', '496.171', '135.855', '420.245', '148.281', '19.077', '371.880', '176.720', '100.953', '447.111', '341.829', '29.721']

All sardine positions updated!

================================================================================
ITERATION 4 - STEP 4: SAILFISH-SARDINE REPLACEMENT
================================================================================
Analysis:
- Worst sailfish fitness: 608.804
- Sardines better than worst sailfish: 0
- No replacement will occur

================================================================================
ITERATION 4 - STEP 1: GENERATING NEW ROUTES
================================================================================
SAILFISH Routes:

===== SF1 ====================================================
Random values: [0.97, 0.511, 0.438, 0.723, 0.419, 0.432, 0.651, 0.507, 0.419, 0.352, 0.943, 0.928, 0.784, 0.108, 0.19, 0.176, 0.006, 0.262]
Routes (with depot returns): Route1: 0-17-14-16-15-18-10-5-9-6-3-8-2-7-4-13-12-11-1-0  
Route1 demand: 300.0/300.0

===== SF2 ====================================================
Random values: [0.543, 0.477, 0.147, 0.48, 0.121, 0.414, 0.442, 0.205, 0.619, 0.498, 0.436, 0.819, 0.424, 0.9, 0.605, 0.335, 0.08, 0.065]
Routes (with depot returns): Route1: 0-18-17-5-3-8-16-6-13-11-7-2-4-10-1-15-9-12-14-0  
Route1 demand: 300.0/300.0

SARDINE Routes:

===== S1 ====================================================
Random values: [0.066, 0.329, 0.147, 0.777, 0.099, 0.93, 0.484, 0.445, 0.342, 0.65, 0.053, 0.63, 0.82, 0.71, 0.872, 0.027, 0.428, 0.954]
Routes (with depot returns): Route1: 0-16-11-1-5-3-2-9-17-8-7-12-10-14-4-13-15-6-18-0  
Route1 demand: 300.0/300.0

================================================================================
ITERATION 4 - STEP 3: FITNESS SUMMARY
================================================================================
SAILFISH FITNESS SCORES:
------------------------------
SF1: 559.724 â­ BEST
SF2: 608.804

SARDINE FITNESS SCORES:
-------------------------
S1: 634.069 â­ BEST

OVERALL SUMMARY:
--------------------
Best Sailfish Fitness: 559.724
Best Sardine Fitness: 634.069
Overall Best Fitness: 559.724
Best Routes: [[17, 14, 16, 15, 18, 10, 5, 9, 6, 3, 8, 2, 7, 4, 13, 12, 11, 1]]

========================================================================================================================
ITERATION 4 - COMPREHENSIVE RESULTS TABLE
========================================================================================================================
ID   Random Values                  Routes                                   Fitness   
------------------------------------------------------------------------------------------------------------------------
SF1  ['0.970', '0.511', '0.438', '0.723', '0.419', '0.432', '0.651', '0.507', '0.419', '0.352', '0.943', '0.928', '0.784', '0.108', '0.190', '0.176', '0.006', '0.262'] [[17, 14, 16, 15, 18, 10, 5, 9, 6, 3, 8, 2, 7, 4, 13, 12, 11, 1]] 559.724    ðŸŽ¯
SF2  ['0.543', '0.477', '0.147', '0.480', '0.121', '0.414', '0.442', '0.205', '0.619', '0.498', '0.436', '0.819', '0.424', '0.900', '0.605', '0.335', '0.080', '0.065'] [[18, 17, 5, 3, 8, 16, 6, 13, 11, 7, 2, 4, 10, 1, 15, 9, 12, 14]] 608.804   
S1   ['0.066', '0.329', '0.147', '0.777', '0.099', '0.930', '0.484', '0.445', '0.342', '0.650', '0.053', '0.630', '0.820', '0.710', '0.872', '0.027', '0.428', '0.954'] [[16, 11, 1, 5, 3, 2, 9, 17, 8, 7, 12, 10, 14, 4, 13, 15, 6, 18]] 634.069   

Best Solution: 559.724
================================================================================
ITERATION 5
================================================================================
Population Decline (PD) = 1 - (2 / 3) = 0.333333

Lambda Calculations:
SF1: Î»_1 = (2 Ã— 0.9 Ã— 0.333333) - 0.333333 = 0.266667
SF2: Î»_2 = (2 Ã— 0.717 Ã— 0.333333) - 0.333333 = 0.144667
FORMULA: SF[i] = elite_sailfish_fitness - lambda[k] Ã— ((random Ã— (elite_sailfish_fitness + injured_sardine_fitness)/2) - old_sailfish)
Elite Sailfish Fitness: 559.724
Injured Sardine Fitness: 634.069
ITERATION > 0: Using replacement-specific positions for updates...
SF1 was replaced by S3, using S3 position
SF2 was replaced by S2, using S2 position

Updating SF1:
  Pos[1]: 559.724 - 0.266667 Ã— ((0.453 Ã— 596.897) - 0.970) = 487.878
  Pos[2]: 559.724 - 0.266667 Ã— ((0.799 Ã— 596.897) - 0.511) = 432.682
  Pos[3]: 559.724 - 0.266667 Ã— ((0.238 Ã— 596.897) - 0.438) = 521.958
  Pos[4]: 559.724 - 0.266667 Ã— ((0.763 Ã— 596.897) - 0.723) = 438.469
  Pos[5]: 559.724 - 0.266667 Ã— ((0.543 Ã— 596.897) - 0.419) = 473.405
  Pos[6]: 559.724 - 0.266667 Ã— ((0.171 Ã— 596.897) - 0.432) = 532.621
  Pos[7]: 559.724 - 0.266667 Ã— ((0.469 Ã— 596.897) - 0.651) = 485.246
  Pos[8]: 559.724 - 0.266667 Ã— ((0.769 Ã— 596.897) - 0.507) = 437.456
  Pos[9]: 559.724 - 0.266667 Ã— ((0.842 Ã— 596.897) - 0.419) = 425.813
  Pos[10]: 559.724 - 0.266667 Ã— ((0.552 Ã— 596.897) - 0.352) = 471.955
  Pos[11]: 559.724 - 0.266667 Ã— ((0.679 Ã— 596.897) - 0.943) = 451.898
  Pos[12]: 559.724 - 0.266667 Ã— ((0.275 Ã— 596.897) - 0.928) = 516.199
  Pos[13]: 559.724 - 0.266667 Ã— ((0.184 Ã— 596.897) - 0.784) = 530.646
  Pos[14]: 559.724 - 0.266667 Ã— ((0.545 Ã— 596.897) - 0.108) = 473.004
  Pos[15]: 559.724 - 0.266667 Ã— ((0.078 Ã— 596.897) - 0.190) = 547.360
  Pos[16]: 559.724 - 0.266667 Ã— ((0.634 Ã— 596.897) - 0.176) = 458.856
  Pos[17]: 559.724 - 0.266667 Ã— ((0.765 Ã— 596.897) - 0.006) = 437.959
  Pos[18]: 559.724 - 0.266667 Ã— ((0.899 Ã— 596.897) - 0.262) = 416.698
New position: ['487.878', '432.682', '521.958', '438.469', '473.405', '532.621', '485.246', '437.456', '425.813', '471.955', '451.898', '516.199', '530.646', '473.004', '547.360', '458.856', '437.959', '416.698']

Updating SF2:
  Pos[1]: 559.724 - 0.144667 Ã— ((0.349 Ã— 596.897) - 0.543) = 529.666
  Pos[2]: 559.724 - 0.144667 Ã— ((0.814 Ã— 596.897) - 0.477) = 489.504
  Pos[3]: 559.724 - 0.144667 Ã— ((0.133 Ã— 596.897) - 0.147) = 548.261
  Pos[4]: 559.724 - 0.144667 Ã— ((0.056 Ã— 596.897) - 0.480) = 554.958
  Pos[5]: 559.724 - 0.144667 Ã— ((0.156 Ã— 596.897) - 0.121) = 546.271
  Pos[6]: 559.724 - 0.144667 Ã— ((0.419 Ã— 596.897) - 0.414) = 523.603
  Pos[7]: 559.724 - 0.144667 Ã— ((0.760 Ã— 596.897) - 0.442) = 494.161
  Pos[8]: 559.724 - 0.144667 Ã— ((0.872 Ã— 596.897) - 0.205) = 484.456
  Pos[9]: 559.724 - 0.144667 Ã— ((0.588 Ã— 596.897) - 0.619) = 509.039
  Pos[10]: 559.724 - 0.144667 Ã— ((0.587 Ã— 596.897) - 0.498) = 509.108
  Pos[11]: 559.724 - 0.144667 Ã— ((0.512 Ã— 596.897) - 0.436) = 515.576
  Pos[12]: 559.724 - 0.144667 Ã— ((0.633 Ã— 596.897) - 0.819) = 505.183
  Pos[13]: 559.724 - 0.144667 Ã— ((0.553 Ã— 596.897) - 0.424) = 512.034
  Pos[14]: 559.724 - 0.144667 Ã— ((0.630 Ã— 596.897) - 0.900) = 505.453
  Pos[15]: 559.724 - 0.144667 Ã— ((0.847 Ã— 596.897) - 0.605) = 486.673
  Pos[16]: 559.724 - 0.144667 Ã— ((0.177 Ã— 596.897) - 0.335) = 544.489
  Pos[17]: 559.724 - 0.144667 Ã— ((0.189 Ã— 596.897) - 0.080) = 543.416
  Pos[18]: 559.724 - 0.144667 Ã— ((0.371 Ã— 596.897) - 0.065) = 527.698
New position: ['529.666', '489.504', '548.261', '554.958', '546.271', '523.603', '494.161', '484.456', '509.039', '509.108', '515.576', '505.183', '512.034', '505.453', '486.673', '544.489', '543.416', '527.698']

All sailfish positions updated!

FORMULA: S[i] = random Ã— (elite_sailfish_fitness - old_sardine + AP)
Elite Sailfish Fitness: 559.724
Updating ALL sardines:

Updating S1:
  Pos[1]: 0.211 Ã— (559.724 - 0.066 + 2.000000) = 118.510
  Pos[2]: 0.602 Ã— (559.724 - 0.329 + 2.000000) = 337.960
  Pos[3]: 0.215 Ã— (559.724 - 0.147 + 2.000000) = 120.739
  Pos[4]: 0.237 Ã— (559.724 - 0.777 + 2.000000) = 132.945
  Pos[5]: 0.994 Ã— (559.724 - 0.099 + 2.000000) = 558.256
  Pos[6]: 0.711 Ã— (559.724 - 0.930 + 2.000000) = 398.725
  Pos[7]: 0.984 Ã— (559.724 - 0.484 + 2.000000) = 552.261
  Pos[8]: 0.485 Ã— (559.724 - 0.445 + 2.000000) = 272.220
  Pos[9]: 0.311 Ã— (559.724 - 0.342 + 2.000000) = 174.590
  Pos[10]: 0.988 Ã— (559.724 - 0.650 + 2.000000) = 554.341
  Pos[11]: 0.735 Ã— (559.724 - 0.053 + 2.000000) = 412.828
  Pos[12]: 0.069 Ã— (559.724 - 0.630 + 2.000000) = 38.716
  Pos[13]: 0.822 Ã— (559.724 - 0.820 + 2.000000) = 461.063
  Pos[14]: 0.956 Ã— (559.724 - 0.710 + 2.000000) = 536.330
  Pos[15]: 0.945 Ã— (559.724 - 0.872 + 2.000000) = 530.005
  Pos[16]: 0.795 Ã— (559.724 - 0.027 + 2.000000) = 446.549
  Pos[17]: 0.605 Ã— (559.724 - 0.428 + 2.000000) = 339.584
  Pos[18]: 0.036 Ã— (559.724 - 0.954 + 2.000000) = 20.188
New position: ['118.510', '337.960', '120.739', '132.945', '558.256', '398.725', '552.261', '272.220', '174.590', '554.341', '412.828', '38.716', '461.063', '536.330', '530.005', '446.549', '339.584', '20.188']

All sardine positions updated!

================================================================================
ITERATION 5 - STEP 4: SAILFISH-SARDINE REPLACEMENT
================================================================================
Analysis:
- Worst sailfish fitness: 608.804
- Sardines better than worst sailfish: 0
- No replacement will occur

================================================================================
ITERATION 5 - STEP 1: GENERATING NEW ROUTES
================================================================================
SAILFISH Routes:

===== SF1 ====================================================
Random values: [0.97, 0.511, 0.438, 0.723, 0.419, 0.432, 0.651, 0.507, 0.419, 0.352, 0.943, 0.928, 0.784, 0.108, 0.19, 0.176, 0.006, 0.262]
Routes (with depot returns): Route1: 0-17-14-16-15-18-10-5-9-6-3-8-2-7-4-13-12-11-1-0  
Route1 demand: 300.0/300.0

===== SF2 ====================================================
Random values: [0.543, 0.477, 0.147, 0.48, 0.121, 0.414, 0.442, 0.205, 0.619, 0.498, 0.436, 0.819, 0.424, 0.9, 0.605, 0.335, 0.08, 0.065]
Routes (with depot returns): Route1: 0-18-17-5-3-8-16-6-13-11-7-2-4-10-1-15-9-12-14-0  
Route1 demand: 300.0/300.0

SARDINE Routes:

===== S1 ====================================================
Random values: [0.066, 0.329, 0.147, 0.777, 0.099, 0.93, 0.484, 0.445, 0.342, 0.65, 0.053, 0.63, 0.82, 0.71, 0.872, 0.027, 0.428, 0.954]
Routes (with depot returns): Route1: 0-16-11-1-5-3-2-9-17-8-7-12-10-14-4-13-15-6-18-0  
Route1 demand: 300.0/300.0

================================================================================
ITERATION 5 - STEP 3: FITNESS SUMMARY
================================================================================
SAILFISH FITNESS SCORES:
------------------------------
SF1: 559.724 â­ BEST
SF2: 608.804

SARDINE FITNESS SCORES:
-------------------------
S1: 634.069 â­ BEST

OVERALL SUMMARY:
--------------------
Best Sailfish Fitness: 559.724
Best Sardine Fitness: 634.069
Overall Best Fitness: 559.724
Best Routes: [[17, 14, 16, 15, 18, 10, 5, 9, 6, 3, 8, 2, 7, 4, 13, 12, 11, 1]]

========================================================================================================================
ITERATION 5 - COMPREHENSIVE RESULTS TABLE
========================================================================================================================
ID   Random Values                  Routes                                   Fitness   
------------------------------------------------------------------------------------------------------------------------
SF1  ['0.970', '0.511', '0.438', '0.723', '0.419', '0.432', '0.651', '0.507', '0.419', '0.352', '0.943', '0.928', '0.784', '0.108', '0.190', '0.176', '0.006', '0.262'] [[17, 14, 16, 15, 18, 10, 5, 9, 6, 3, 8, 2, 7, 4, 13, 12, 11, 1]] 559.724    ðŸŽ¯
SF2  ['0.543', '0.477', '0.147', '0.480', '0.121', '0.414', '0.442', '0.205', '0.619', '0.498', '0.436', '0.819', '0.424', '0.900', '0.605', '0.335', '0.080', '0.065'] [[18, 17, 5, 3, 8, 16, 6, 13, 11, 7, 2, 4, 10, 1, 15, 9, 12, 14]] 608.804   
S1   ['0.066', '0.329', '0.147', '0.777', '0.099', '0.930', '0.484', '0.445', '0.342', '0.650', '0.053', '0.630', '0.820', '0.710', '0.872', '0.027', '0.428', '0.954'] [[16, 11, 1, 5, 3, 2, 9, 17, 8, 7, 12, 10, 14, 4, 13, 15, 6, 18]] 634.069   

Best Solution: 559.724

====================================================================================================
FINAL VRP OPTIMIZATION RESULTS
====================================================================================================
Algorithm Parameters:
- N Sailfish: 2
- N Sardines: 3
- Max Iter: 5
- A: 4.0
- Epsilon: 0.001

VRP Parameters:
- Max Capacity: 300.0
- Max Vehicles: 1
- Problem Size: 18
- Data File: kecil.csv

Best Solution:
- Routes: [[17, 14, 16, 15, 18, 10, 5, 9, 6, 3, 8, 2, 7, 4, 13, 12, 11, 1]]
- Total Distance: 559.724


====================================================================================================
ðŸšš DETAILED ROUTE ANALYSIS - VEHICLE FLOW EXPLANATION
====================================================================================================
ðŸ“ DEPOT LOCATION: (30.0, 40.0)

ðŸš› VEHICLE 1 ROUTE ANALYSIS
------------------------------------------------------------
ðŸ“¦ Route Demand: 300.0/300.0 (100.0% capacity used)
ðŸ‘¥ Customers to visit: 18

ðŸ”„ ROUTE FLOW:
   Step 1: Vehicle starts at DEPOT (30.0, 40.0)
            Initial capacity: 300.0 units
   Step 2: Travel to Customer 17 (36.0, 21.0)
            Distance: 19.925 units
            Deliver demand: 7.0 units
            Remaining capacity: 293.0 units
   Step 3: Travel to Customer 14 (61.0, 78.0)
            Distance: 62.241 units
            Deliver demand: 26.0 units
            Remaining capacity: 267.0 units
   Step 4: Travel to Customer 16 (54.0, 53.0)
            Distance: 25.962 units
            Deliver demand: 31.0 units
            Remaining capacity: 236.0 units
   Step 5: Travel to Customer 15 (63.0, 63.0)
            Distance: 13.454 units
            Deliver demand: 32.0 units
            Remaining capacity: 204.0 units
   Step 6: Travel to Customer 18 (48.0, 37.0)
            Distance: 30.017 units
            Deliver demand: 23.0 units
            Remaining capacity: 181.0 units
   Step 7: Travel to Customer 10 (65.0, 29.0)
            Distance: 18.788 units
            Deliver demand: 7.0 units
            Remaining capacity: 174.0 units
   Step 8: Travel to Customer 5 (47.0, 24.0)
            Distance: 18.682 units
            Deliver demand: 19.0 units
            Remaining capacity: 155.0 units
   Step 9: Travel to Customer 9 (68.0, 29.0)
            Distance: 21.587 units
            Deliver demand: 24.0 units
            Remaining capacity: 131.0 units
   Step 10: Travel to Customer 6 (55.0, 70.0)
            Distance: 43.012 units
            Deliver demand: 7.0 units
            Remaining capacity: 124.0 units
   Step 11: Travel to Customer 3 (77.0, 73.0)
            Distance: 22.204 units
            Deliver demand: 23.0 units
            Remaining capacity: 101.0 units
   Step 12: Travel to Customer 8 (57.0, 29.0)
            Distance: 48.332 units
            Deliver demand: 7.0 units
            Remaining capacity: 94.0 units
   Step 13: Travel to Customer 2 (49.0, 48.0)
            Distance: 20.616 units
            Deliver demand: 10.0 units
            Remaining capacity: 84.0 units
   Step 14: Travel to Customer 7 (26.0, 41.0)
            Distance: 24.042 units
            Deliver demand: 11.0 units
            Remaining capacity: 73.0 units
   Step 15: Travel to Customer 4 (64.0, 52.0)
            Distance: 39.560 units
            Deliver demand: 16.0 units
            Remaining capacity: 57.0 units
   Step 16: Travel to Customer 13 (20.0, 68.0)
            Distance: 46.819 units
            Deliver demand: 35.0 units
            Remaining capacity: 22.0 units
   Step 17: Travel to Customer 12 (47.0, 71.0)
            Distance: 27.166 units
            Deliver demand: 6.0 units
            Remaining capacity: 16.0 units
   Step 18: Travel to Customer 11 (69.0, 76.0)
            Distance: 22.561 units
            Deliver demand: 9.0 units
            Remaining capacity: 7.0 units
   Step 19: Travel to Customer 1 (69.0, 77.0)
            Distance: 1.000 units
            Deliver demand: 7.0 units
            Remaining capacity: 0.0 units
   Step 20: Return to DEPOT (30.0, 40.0)
            Distance: 53.759 units
            Vehicle unloaded and ready for next route

ðŸ“Š VEHICLE 1 SUMMARY:
   Total distance: 559.724 units
   Customers served: 18
   Demand delivered: 300.0 units
   Route efficiency: 0.536 units/distance

====================================================================================================
ðŸŽ¯ OVERALL OPTIMIZATION SUMMARY
====================================================================================================
Total distance traveled by all vehicles: 559.724 units
Total customers served: 18
Total demand delivered: 300.0 units
Vehicles used: 1/1
Average distance per vehicle: 559.724 units
====================================================================================================

Summary:
- Total customers served: 18/18
- Total demand served: 300.0
- Number of vehicles used: 1/1

Fitness Evolution:
- Initial: 559.724
- Final: 559.724
- Improvement: 0.000
- History: ['559.724', '559.724', '559.724', '559.724', '559.724', '559.724']

Optimization Information:
- Final Sardine Count: 1
- Final Iteration: 5
- Stop Reason: Maximum iterations reached

====================================================================================================
VRP OPTIMIZATION COMPLETED!
====================================================================================================

Optimization completed at: 2025-10-02 11:44:22

================================================================================
OPTIMIZATION RESULTS SUMMARY
================================================================================
Algorithm Parameters:
  N Sailfish: 2
  N Sardines: 3
  Max Iter: 5
  A: 4.0
  Epsilon: 0.001

VRP Parameters:
  Max Capacity: 300.0
  Max Vehicles: 1
  Problem Size: 18
  Data File: kecil.csv

Best Solution:
  Total Distance: 559.724
  Routes: [[17, 14, 16, 15, 18, 10, 5, 9, 6, 3, 8, 2, 7, 4, 13, 12, 11, 1]]

Fitness Evolution:
  Initial Fitness: 559.724
  Final Fitness: 559.724
  Improvement: 0.000

Optimization Information:
  Final Sardine Count: 1
  Final Iteration: 5
  Stop Reason: Maximum iterations reached
================================================================================
Successfully loaded data from kecil.csv
Depot: ID=0, X=30.0, Y=40.0, Demand=0.0
Customers: 18 customers loaded

====================================================================================================
ðŸšš DETAILED ROUTE ANALYSIS - VEHICLE FLOW EXPLANATION
====================================================================================================
ðŸ“ DEPOT LOCATION: (30.0, 40.0)

ðŸš› VEHICLE 1 ROUTE ANALYSIS
------------------------------------------------------------
ðŸ“¦ Route Demand: 300.0/300.0 (100.0% capacity used)
ðŸ‘¥ Customers to visit: 18

ðŸ”„ ROUTE FLOW:
   Step 1: Vehicle starts at DEPOT (30.0, 40.0)
            Initial capacity: 300.0 units
   Step 2: Travel to Customer 17 (36.0, 21.0)
            Distance: 19.925 units
            Deliver demand: 7.0 units
            Remaining capacity: 293.0 units
   Step 3: Travel to Customer 14 (61.0, 78.0)
            Distance: 62.241 units
            Deliver demand: 26.0 units
            Remaining capacity: 267.0 units
   Step 4: Travel to Customer 16 (54.0, 53.0)
            Distance: 25.962 units
            Deliver demand: 31.0 units
            Remaining capacity: 236.0 units
   Step 5: Travel to Customer 15 (63.0, 63.0)
            Distance: 13.454 units
            Deliver demand: 32.0 units
            Remaining capacity: 204.0 units
   Step 6: Travel to Customer 18 (48.0, 37.0)
            Distance: 30.017 units
            Deliver demand: 23.0 units
            Remaining capacity: 181.0 units
   Step 7: Travel to Customer 10 (65.0, 29.0)
            Distance: 18.788 units
            Deliver demand: 7.0 units
            Remaining capacity: 174.0 units
   Step 8: Travel to Customer 5 (47.0, 24.0)
            Distance: 18.682 units
            Deliver demand: 19.0 units
            Remaining capacity: 155.0 units
   Step 9: Travel to Customer 9 (68.0, 29.0)
            Distance: 21.587 units
            Deliver demand: 24.0 units
            Remaining capacity: 131.0 units
   Step 10: Travel to Customer 6 (55.0, 70.0)
            Distance: 43.012 units
            Deliver demand: 7.0 units
            Remaining capacity: 124.0 units
   Step 11: Travel to Customer 3 (77.0, 73.0)
            Distance: 22.204 units
            Deliver demand: 23.0 units
            Remaining capacity: 101.0 units
   Step 12: Travel to Customer 8 (57.0, 29.0)
            Distance: 48.332 units
            Deliver demand: 7.0 units
            Remaining capacity: 94.0 units
   Step 13: Travel to Customer 2 (49.0, 48.0)
            Distance: 20.616 units
            Deliver demand: 10.0 units
            Remaining capacity: 84.0 units
   Step 14: Travel to Customer 7 (26.0, 41.0)
            Distance: 24.042 units
            Deliver demand: 11.0 units
            Remaining capacity: 73.0 units
   Step 15: Travel to Customer 4 (64.0, 52.0)
            Distance: 39.560 units
            Deliver demand: 16.0 units
            Remaining capacity: 57.0 units
   Step 16: Travel to Customer 13 (20.0, 68.0)
            Distance: 46.819 units
            Deliver demand: 35.0 units
            Remaining capacity: 22.0 units
   Step 17: Travel to Customer 12 (47.0, 71.0)
            Distance: 27.166 units
            Deliver demand: 6.0 units
            Remaining capacity: 16.0 units
   Step 18: Travel to Customer 11 (69.0, 76.0)
            Distance: 22.561 units
            Deliver demand: 9.0 units
            Remaining capacity: 7.0 units
   Step 19: Travel to Customer 1 (69.0, 77.0)
            Distance: 1.000 units
            Deliver demand: 7.0 units
            Remaining capacity: 0.0 units
   Step 20: Return to DEPOT (30.0, 40.0)
            Distance: 53.759 units
            Vehicle unloaded and ready for next route

ðŸ“Š VEHICLE 1 SUMMARY:
   Total distance: 559.724 units
   Customers served: 18
   Demand delivered: 300.0 units
   Route efficiency: 0.536 units/distance

====================================================================================================
ðŸŽ¯ OVERALL OPTIMIZATION SUMMARY
====================================================================================================
Total distance traveled by all vehicles: 559.724 units
Total customers served: 18
Total demand delivered: 300.0 units
Vehicles used: 1/1
Average distance per vehicle: 559.724 units
====================================================================================================
