Logging to file: vrp_optimization_20251002_113322.log (steps)
Output file set: sailfish_vrp_SF3_S5_20251002_113322.txt
================================================================================
SAILFISH VRP OPTIMIZATION - ITERATION 0
================================================================================

================================================================================
1. INITIAL VARIABLES AND VRP DATA
================================================================================
Initial Parameters:
- Problem size: 18 customers
- Sailfish population: 3
- Sardine population: 5
- Maximum iterations: 3
- Parameter A: 4.0
- Epsilon: 0.001

VRP Problem Data:
==================================================
Max Capacity: 300.0
Max Vehicles: 1
Number of Customers: 18

Depot: ID=0, X=30.0, Y=40.0, Demand=0.0

Customers:
ID   X      Y      Demand  
------------------------------
1    69.0   77.0   7.0     
2    49.0   48.0   10.0    
3    77.0   73.0   23.0    
4    64.0   52.0   16.0    
5    47.0   24.0   19.0    
6    55.0   70.0   7.0     
7    26.0   41.0   11.0    
8    57.0   29.0   7.0     
9    68.0   29.0   24.0    
10   65.0   29.0   7.0     
11   69.0   76.0   9.0     
12   47.0   71.0   6.0     
13   20.0   68.0   35.0    
14   61.0   78.0   26.0    
15   63.0   63.0   32.0    
16   54.0   53.0   31.0    
17   36.0   21.0   7.0     
18   48.0   37.0   23.0    

================================================================================
2. RANDOM SAILFISH AND SARDINES
================================================================================
SAILFISH Random Values:
ID      C 1   C 2   C 3   C 4   C 5   C 6   C 7   C 8   C 9   C10   C11   C12   C13   C14   C15   C16   C17   C18   
SF1     0.960 0.728 0.649 0.666 0.719 0.996 0.529 0.772 0.413 0.522 0.111 0.204 0.422 0.195 0.228 0.401 0.491 0.997 
SF2     0.843 0.330 0.203 0.919 0.962 0.183 0.392 0.544 0.533 0.597 0.264 0.982 0.648 0.850 0.054 0.169 0.458 0.559 
SF3     0.093 0.741 0.535 0.155 0.160 0.985 0.237 0.531 0.025 0.473 0.685 0.739 0.240 0.245 0.132 0.564 0.259 0.416 

SARDINE Random Values:
ID      C 1   C 2   C 3   C 4   C 5   C 6   C 7   C 8   C 9   C10   C11   C12   C13   C14   C15   C16   C17   C18   
S1      0.287 0.611 0.528 0.388 0.788 0.766 0.593 0.343 0.842 0.002 0.356 0.969 0.060 0.063 0.546 0.375 0.714 0.694 
S2      0.342 0.393 0.374 0.354 0.488 0.162 0.989 0.469 0.371 0.808 0.231 0.862 0.943 0.353 0.400 0.789 0.754 0.246 
S3      0.610 0.085 0.384 0.518 0.898 0.994 0.900 0.872 0.695 0.149 0.023 0.831 0.681 0.035 0.978 0.630 0.914 0.483 
S4      0.029 0.550 0.800 0.581 0.453 0.065 0.793 0.377 0.624 0.738 0.484 0.878 0.148 0.179 0.062 0.640 0.399 0.840 
S5      0.201 0.346 0.334 0.669 0.349 0.064 0.627 0.101 0.712 0.072 0.626 0.991 0.439 0.726 0.243 0.320 0.719 0.614 

================================================================================
3. ROUTES FOR EACH SAILFISH AND SARDINE
================================================================================
SAILFISH Routes:

===== SF1 ====================================================
Random values: [0.96, 0.728, 0.649, 0.666, 0.719, 0.996, 0.529, 0.772, 0.413, 0.522, 0.111, 0.204, 0.422, 0.195, 0.228, 0.401, 0.491, 0.997]
Routes (with depot returns): Route1: 0-11-14-12-15-16-9-13-17-10-7-3-4-5-2-8-1-6-18-0  
Route1 demand: 300.0/300.0

===== SF2 ====================================================
Random values: [0.843, 0.33, 0.203, 0.919, 0.962, 0.183, 0.392, 0.544, 0.533, 0.597, 0.264, 0.982, 0.648, 0.85, 0.054, 0.169, 0.458, 0.559]
Routes (with depot returns): Route1: 0-15-16-6-3-11-2-7-17-9-8-18-10-13-1-14-4-5-12-0  
Route1 demand: 300.0/300.0

===== SF3 ====================================================
Random values: [0.093, 0.741, 0.535, 0.155, 0.16, 0.985, 0.237, 0.531, 0.025, 0.473, 0.685, 0.739, 0.24, 0.245, 0.132, 0.564, 0.259, 0.416]
Routes (with depot returns): Route1: 0-9-1-15-4-5-7-13-14-17-18-10-8-3-16-11-12-2-6-0  
Route1 demand: 300.0/300.0

SARDINE Routes:

===== S1 ====================================================
Random values: [0.287, 0.611, 0.528, 0.388, 0.788, 0.766, 0.593, 0.343, 0.842, 0.002, 0.356, 0.969, 0.06, 0.063, 0.546, 0.375, 0.714, 0.694]
Routes (with depot returns): Route1: 0-10-13-14-1-8-11-16-4-3-15-7-2-18-17-6-5-9-12-0  
Route1 demand: 300.0/300.0

===== S2 ====================================================
Random values: [0.342, 0.393, 0.374, 0.354, 0.488, 0.162, 0.989, 0.469, 0.371, 0.808, 0.231, 0.862, 0.943, 0.353, 0.4, 0.789, 0.754, 0.246]
Routes (with depot returns): Route1: 0-6-11-18-1-14-4-9-3-2-15-8-5-17-16-10-12-13-7-0  
Route1 demand: 300.0/300.0

===== S3 ====================================================
Random values: [0.61, 0.085, 0.384, 0.518, 0.898, 0.994, 0.9, 0.872, 0.695, 0.149, 0.023, 0.831, 0.681, 0.035, 0.978, 0.63, 0.914, 0.483]
Routes (with depot returns): Route1: 0-11-14-2-10-3-18-4-1-16-13-9-12-8-5-7-17-15-6-0  
Route1 demand: 300.0/300.0

===== S4 ====================================================
Random values: [0.029, 0.55, 0.8, 0.581, 0.453, 0.065, 0.793, 0.377, 0.624, 0.738, 0.484, 0.878, 0.148, 0.179, 0.062, 0.64, 0.399, 0.84]
Routes (with depot returns): Route1: 0-1-15-6-13-14-8-17-5-11-2-4-9-16-10-7-3-18-12-0  
Route1 demand: 300.0/300.0

===== S5 ====================================================
Random values: [0.201, 0.346, 0.334, 0.669, 0.349, 0.064, 0.627, 0.101, 0.712, 0.072, 0.626, 0.991, 0.439, 0.726, 0.243, 0.32, 0.719, 0.614]
Routes (with depot returns): Route1: 0-6-10-8-1-15-16-3-2-5-13-18-11-7-4-9-17-14-12-0  
Route1 demand: 300.0/300.0

================================================================================
4. FITNESS SUMMARY
================================================================================
SAILFISH FITNESS SCORES:
------------------------------
SF1: 597.958
SF2: 515.796 â­ BEST
SF3: 566.286

SARDINE FITNESS SCORES:
-------------------------
S1: 625.176
S2: 529.167 â­ BEST
S3: 635.346
S4: 640.453
S5: 661.789

OVERALL SUMMARY:
--------------------
Best Sailfish Fitness: 515.796
Best Sardine Fitness: 529.167
Overall Best Fitness: 515.796
Best Routes: [[15, 16, 6, 3, 11, 2, 7, 17, 9, 8, 18, 10, 13, 1, 14, 4, 5, 12]]

========================================================================================================================
5. COMPREHENSIVE RESULTS TABLE
========================================================================================================================
ID   Random Values                  Routes                                   Fitness   
------------------------------------------------------------------------------------------------------------------------
SF1  ['0.960', '0.728', '0.649', '0.666', '0.719', '0.996', '0.529', '0.772', '0.413', '0.522', '0.111', '0.204', '0.422', '0.195', '0.228', '0.401', '0.491', '0.997'] [[11, 14, 12, 15, 16, 9, 13, 17, 10, 7, 3, 4, 5, 2, 8, 1, 6, 18]] 597.958   
SF2  ['0.843', '0.330', '0.203', '0.919', '0.962', '0.183', '0.392', '0.544', '0.533', '0.597', '0.264', '0.982', '0.648', '0.850', '0.054', '0.169', '0.458', '0.559'] [[15, 16, 6, 3, 11, 2, 7, 17, 9, 8, 18, 10, 13, 1, 14, 4, 5, 12]] 515.796    ðŸŽ¯
SF3  ['0.093', '0.741', '0.535', '0.155', '0.160', '0.985', '0.237', '0.531', '0.025', '0.473', '0.685', '0.739', '0.240', '0.245', '0.132', '0.564', '0.259', '0.416'] [[9, 1, 15, 4, 5, 7, 13, 14, 17, 18, 10, 8, 3, 16, 11, 12, 2, 6]] 566.286   
S1   ['0.287', '0.611', '0.528', '0.388', '0.788', '0.766', '0.593', '0.343', '0.842', '0.002', '0.356', '0.969', '0.060', '0.063', '0.546', '0.375', '0.714', '0.694'] [[10, 13, 14, 1, 8, 11, 16, 4, 3, 15, 7, 2, 18, 17, 6, 5, 9, 12]] 625.176   
S2   ['0.342', '0.393', '0.374', '0.354', '0.488', '0.162', '0.989', '0.469', '0.371', '0.808', '0.231', '0.862', '0.943', '0.353', '0.400', '0.789', '0.754', '0.246'] [[6, 11, 18, 1, 14, 4, 9, 3, 2, 15, 8, 5, 17, 16, 10, 12, 13, 7]] 529.167   
S3   ['0.610', '0.085', '0.384', '0.518', '0.898', '0.994', '0.900', '0.872', '0.695', '0.149', '0.023', '0.831', '0.681', '0.035', '0.978', '0.630', '0.914', '0.483'] [[11, 14, 2, 10, 3, 18, 4, 1, 16, 13, 9, 12, 8, 5, 7, 17, 15, 6]] 635.346   
S4   ['0.029', '0.550', '0.800', '0.581', '0.453', '0.065', '0.793', '0.377', '0.624', '0.738', '0.484', '0.878', '0.148', '0.179', '0.062', '0.640', '0.399', '0.840'] [[1, 15, 6, 13, 14, 8, 17, 5, 11, 2, 4, 9, 16, 10, 7, 3, 18, 12]] 640.453   
S5   ['0.201', '0.346', '0.334', '0.669', '0.349', '0.064', '0.627', '0.101', '0.712', '0.072', '0.626', '0.991', '0.439', '0.726', '0.243', '0.320', '0.719', '0.614'] [[6, 10, 8, 1, 15, 16, 3, 2, 5, 13, 18, 11, 7, 4, 9, 17, 14, 12]] 661.789   

Best Solution: 515.796
================================================================================
ITERATION 1
================================================================================
Population Decline (PD) = 1 - (3 / 8) = 0.625000

Lambda Calculations:
SF1: Î»_1 = (2 Ã— 0.331 Ã— 0.625000) - 0.625000 = -0.211250
SF2: Î»_2 = (2 Ã— 0.406 Ã— 0.625000) - 0.625000 = -0.117500
SF3: Î»_3 = (2 Ã— 0.282 Ã— 0.625000) - 0.625000 = -0.272500
FORMULA: SF[i] = elite_sailfish_fitness - lambda[k] Ã— ((random Ã— (elite_sailfish_fitness + injured_sardine_fitness)/2) - old_sailfish)
Elite Sailfish Fitness: 515.796
Injured Sardine Fitness: 529.167
ITERATION > 0: Using replacement-specific positions for updates...
SF1 was not replaced, using original sorted position
SF2 was not replaced, using original sorted position
SF3 was not replaced, using original sorted position

Updating SF1:
  Pos[1]: 515.796 - -0.211250 Ã— ((0.798 Ã— 522.481) - 0.843) = 603.697
  Pos[2]: 515.796 - -0.211250 Ã— ((0.353 Ã— 522.481) - 0.330) = 554.688
  Pos[3]: 515.796 - -0.211250 Ã— ((0.810 Ã— 522.481) - 0.203) = 605.156
  Pos[4]: 515.796 - -0.211250 Ã— ((0.300 Ã— 522.481) - 0.919) = 548.714
  Pos[5]: 515.796 - -0.211250 Ã— ((0.127 Ã— 522.481) - 0.962) = 529.610
  Pos[6]: 515.796 - -0.211250 Ã— ((0.400 Ã— 522.481) - 0.183) = 559.907
  Pos[7]: 515.796 - -0.211250 Ã— ((0.127 Ã— 522.481) - 0.392) = 529.731
  Pos[8]: 515.796 - -0.211250 Ã— ((0.238 Ã— 522.481) - 0.544) = 541.950
  Pos[9]: 515.796 - -0.211250 Ã— ((0.183 Ã— 522.481) - 0.533) = 535.882
  Pos[10]: 515.796 - -0.211250 Ã— ((0.788 Ã— 522.481) - 0.597) = 602.645
  Pos[11]: 515.796 - -0.211250 Ã— ((0.736 Ã— 522.481) - 0.264) = 596.976
  Pos[12]: 515.796 - -0.211250 Ã— ((0.140 Ã— 522.481) - 0.982) = 531.041
  Pos[13]: 515.796 - -0.211250 Ã— ((0.767 Ã— 522.481) - 0.648) = 600.316
  Pos[14]: 515.796 - -0.211250 Ã— ((0.417 Ã— 522.481) - 0.850) = 561.643
  Pos[15]: 515.796 - -0.211250 Ã— ((0.919 Ã— 522.481) - 0.054) = 617.219
  Pos[16]: 515.796 - -0.211250 Ã— ((0.408 Ã— 522.481) - 0.169) = 560.793
  Pos[17]: 515.796 - -0.211250 Ã— ((0.468 Ã— 522.481) - 0.458) = 567.354
  Pos[18]: 515.796 - -0.211250 Ã— ((0.305 Ã— 522.481) - 0.559) = 549.342
New position: ['603.697', '554.688', '605.156', '548.714', '529.610', '559.907', '529.731', '541.950', '535.882', '602.645', '596.976', '531.041', '600.316', '561.643', '617.219', '560.793', '567.354', '549.342']

Updating SF2:
  Pos[1]: 515.796 - -0.117500 Ã— ((0.815 Ã— 522.481) - 0.093) = 565.819
  Pos[2]: 515.796 - -0.117500 Ã— ((0.552 Ã— 522.481) - 0.741) = 549.597
  Pos[3]: 515.796 - -0.117500 Ã— ((0.365 Ã— 522.481) - 0.535) = 538.141
  Pos[4]: 515.796 - -0.117500 Ã— ((0.370 Ã— 522.481) - 0.155) = 538.493
  Pos[5]: 515.796 - -0.117500 Ã— ((0.276 Ã— 522.481) - 0.160) = 532.721
  Pos[6]: 515.796 - -0.117500 Ã— ((0.007 Ã— 522.481) - 0.985) = 516.110
  Pos[7]: 515.796 - -0.117500 Ã— ((0.893 Ã— 522.481) - 0.237) = 570.591
  Pos[8]: 515.796 - -0.117500 Ã— ((0.159 Ã— 522.481) - 0.531) = 525.495
  Pos[9]: 515.796 - -0.117500 Ã— ((0.634 Ã— 522.481) - 0.025) = 554.715
  Pos[10]: 515.796 - -0.117500 Ã— ((0.265 Ã— 522.481) - 0.473) = 532.009
  Pos[11]: 515.796 - -0.117500 Ã— ((0.654 Ã— 522.481) - 0.685) = 555.866
  Pos[12]: 515.796 - -0.117500 Ã— ((0.895 Ã— 522.481) - 0.739) = 570.655
  Pos[13]: 515.796 - -0.117500 Ã— ((0.872 Ã— 522.481) - 0.240) = 569.301
  Pos[14]: 515.796 - -0.117500 Ã— ((0.211 Ã— 522.481) - 0.245) = 528.721
  Pos[15]: 515.796 - -0.117500 Ã— ((0.797 Ã— 522.481) - 0.132) = 564.710
  Pos[16]: 515.796 - -0.117500 Ã— ((0.723 Ã— 522.481) - 0.564) = 560.116
  Pos[17]: 515.796 - -0.117500 Ã— ((0.295 Ã— 522.481) - 0.259) = 533.876
  Pos[18]: 515.796 - -0.117500 Ã— ((0.770 Ã— 522.481) - 0.416) = 563.019
New position: ['565.819', '549.597', '538.141', '538.493', '532.721', '516.110', '570.591', '525.495', '554.715', '532.009', '555.866', '570.655', '569.301', '528.721', '564.710', '560.116', '533.876', '563.019']

Updating SF3:
  Pos[1]: 515.796 - -0.272500 Ã— ((0.950 Ã— 522.481) - 0.960) = 650.792
  Pos[2]: 515.796 - -0.272500 Ã— ((0.735 Ã— 522.481) - 0.728) = 620.244
  Pos[3]: 515.796 - -0.272500 Ã— ((0.888 Ã— 522.481) - 0.649) = 642.049
  Pos[4]: 515.796 - -0.272500 Ã— ((0.926 Ã— 522.481) - 0.666) = 647.455
  Pos[5]: 515.796 - -0.272500 Ã— ((0.488 Ã— 522.481) - 0.719) = 585.080
  Pos[6]: 515.796 - -0.272500 Ã— ((0.230 Ã— 522.481) - 0.996) = 548.271
  Pos[7]: 515.796 - -0.272500 Ã— ((0.071 Ã— 522.481) - 0.529) = 525.761
  Pos[8]: 515.796 - -0.272500 Ã— ((0.858 Ã— 522.481) - 0.772) = 637.744
  Pos[9]: 515.796 - -0.272500 Ã— ((0.199 Ã— 522.481) - 0.413) = 544.016
  Pos[10]: 515.796 - -0.272500 Ã— ((0.074 Ã— 522.481) - 0.522) = 526.190
  Pos[11]: 515.796 - -0.272500 Ã— ((0.367 Ã— 522.481) - 0.111) = 568.018
  Pos[12]: 515.796 - -0.272500 Ã— ((0.394 Ã— 522.481) - 0.204) = 571.837
  Pos[13]: 515.796 - -0.272500 Ã— ((0.724 Ã— 522.481) - 0.422) = 618.761
  Pos[14]: 515.796 - -0.272500 Ã— ((0.091 Ã— 522.481) - 0.195) = 528.699
  Pos[15]: 515.796 - -0.272500 Ã— ((0.246 Ã— 522.481) - 0.228) = 550.758
  Pos[16]: 515.796 - -0.272500 Ã— ((0.336 Ã— 522.481) - 0.401) = 563.525
  Pos[17]: 515.796 - -0.272500 Ã— ((0.602 Ã— 522.481) - 0.491) = 601.373
  Pos[18]: 515.796 - -0.272500 Ã— ((0.398 Ã— 522.481) - 0.997) = 572.190
New position: ['650.792', '620.244', '642.049', '647.455', '585.080', '548.271', '525.761', '637.744', '544.016', '526.190', '568.018', '571.837', '618.761', '528.699', '550.758', '563.525', '601.373', '572.190']

All sailfish positions updated!

FORMULA: S[i] = random Ã— (elite_sailfish_fitness - old_sardine + AP)
Elite Sailfish Fitness: 515.796
Updating ALL sardines:

Updating S1:
  Pos[1]: 0.072 Ã— (515.796 - 0.342 + 2.000000) = 37.257
  Pos[2]: 0.360 Ã— (515.796 - 0.393 + 2.000000) = 186.265
  Pos[3]: 0.404 Ã— (515.796 - 0.374 + 2.000000) = 209.039
  Pos[4]: 0.574 Ã— (515.796 - 0.354 + 2.000000) = 297.012
  Pos[5]: 0.738 Ã— (515.796 - 0.488 + 2.000000) = 381.773
  Pos[6]: 0.703 Ã— (515.796 - 0.162 + 2.000000) = 363.897
  Pos[7]: 0.833 Ã— (515.796 - 0.989 + 2.000000) = 430.500
  Pos[8]: 0.464 Ã— (515.796 - 0.469 + 2.000000) = 240.040
  Pos[9]: 0.249 Ã— (515.796 - 0.371 + 2.000000) = 128.839
  Pos[10]: 0.842 Ã— (515.796 - 0.808 + 2.000000) = 435.304
  Pos[11]: 0.804 Ã— (515.796 - 0.231 + 2.000000) = 416.122
  Pos[12]: 0.131 Ã— (515.796 - 0.862 + 2.000000) = 67.718
  Pos[13]: 0.991 Ã— (515.796 - 0.943 + 2.000000) = 512.201
  Pos[14]: 0.303 Ã— (515.796 - 0.353 + 2.000000) = 156.785
  Pos[15]: 0.533 Ã— (515.796 - 0.400 + 2.000000) = 275.772
  Pos[16]: 0.473 Ã— (515.796 - 0.789 + 2.000000) = 244.544
  Pos[17]: 0.627 Ã— (515.796 - 0.754 + 2.000000) = 324.185
  Pos[18]: 0.942 Ã— (515.796 - 0.246 + 2.000000) = 487.532
New position: ['37.257', '186.265', '209.039', '297.012', '381.773', '363.897', '430.500', '240.040', '128.839', '435.304', '416.122', '67.718', '512.201', '156.785', '275.772', '244.544', '324.185', '487.532']

Updating S2:
  Pos[1]: 0.265 Ã— (515.796 - 0.287 + 2.000000) = 137.140
  Pos[2]: 0.105 Ã— (515.796 - 0.611 + 2.000000) = 54.304
  Pos[3]: 0.356 Ã— (515.796 - 0.528 + 2.000000) = 184.147
  Pos[4]: 0.890 Ã— (515.796 - 0.388 + 2.000000) = 460.493
  Pos[5]: 0.358 Ã— (515.796 - 0.788 + 2.000000) = 185.089
  Pos[6]: 0.051 Ã— (515.796 - 0.766 + 2.000000) = 26.369
  Pos[7]: 0.933 Ã— (515.796 - 0.593 + 2.000000) = 482.550
  Pos[8]: 0.919 Ã— (515.796 - 0.343 + 2.000000) = 475.539
  Pos[9]: 0.730 Ã— (515.796 - 0.842 + 2.000000) = 377.376
  Pos[10]: 0.121 Ã— (515.796 - 0.002 + 2.000000) = 62.653
  Pos[11]: 0.624 Ã— (515.796 - 0.356 + 2.000000) = 322.883
  Pos[12]: 0.798 Ã— (515.796 - 0.969 + 2.000000) = 412.428
  Pos[13]: 0.673 Ã— (515.796 - 0.060 + 2.000000) = 348.436
  Pos[14]: 0.738 Ã— (515.796 - 0.063 + 2.000000) = 382.087
  Pos[15]: 0.909 Ã— (515.796 - 0.546 + 2.000000) = 470.180
  Pos[16]: 0.683 Ã— (515.796 - 0.375 + 2.000000) = 353.399
  Pos[17]: 0.353 Ã— (515.796 - 0.714 + 2.000000) = 182.530
  Pos[18]: 0.159 Ã— (515.796 - 0.694 + 2.000000) = 82.219
New position: ['137.140', '54.304', '184.147', '460.493', '185.089', '26.369', '482.550', '475.539', '377.376', '62.653', '322.883', '412.428', '348.436', '382.087', '470.180', '353.399', '182.530', '82.219']

Updating S3:
  Pos[1]: 0.050 Ã— (515.796 - 0.610 + 2.000000) = 25.859
  Pos[2]: 0.092 Ã— (515.796 - 0.085 + 2.000000) = 47.629
  Pos[3]: 0.729 Ã— (515.796 - 0.384 + 2.000000) = 377.193
  Pos[4]: 0.017 Ã— (515.796 - 0.518 + 2.000000) = 8.794
  Pos[5]: 0.125 Ã— (515.796 - 0.898 + 2.000000) = 64.612
  Pos[6]: 0.483 Ã— (515.796 - 0.994 + 2.000000) = 249.615
  Pos[7]: 0.459 Ã— (515.796 - 0.900 + 2.000000) = 237.255
  Pos[8]: 0.942 Ã— (515.796 - 0.872 + 2.000000) = 486.942
  Pos[9]: 0.721 Ã— (515.796 - 0.695 + 2.000000) = 372.830
  Pos[10]: 0.893 Ã— (515.796 - 0.149 + 2.000000) = 462.259
  Pos[11]: 0.753 Ã— (515.796 - 0.023 + 2.000000) = 389.883
  Pos[12]: 0.137 Ã— (515.796 - 0.831 + 2.000000) = 70.824
  Pos[13]: 0.810 Ã— (515.796 - 0.681 + 2.000000) = 418.863
  Pos[14]: 0.670 Ã— (515.796 - 0.035 + 2.000000) = 346.900
  Pos[15]: 0.952 Ã— (515.796 - 0.978 + 2.000000) = 492.011
  Pos[16]: 0.783 Ã— (515.796 - 0.630 + 2.000000) = 404.941
  Pos[17]: 0.203 Ã— (515.796 - 0.914 + 2.000000) = 104.927
  Pos[18]: 0.265 Ã— (515.796 - 0.483 + 2.000000) = 137.088
New position: ['25.859', '47.629', '377.193', '8.794', '64.612', '249.615', '237.255', '486.942', '372.830', '462.259', '389.883', '70.824', '418.863', '346.900', '492.011', '404.941', '104.927', '137.088']

Updating S4:
  Pos[1]: 0.216 Ã— (515.796 - 0.029 + 2.000000) = 111.838
  Pos[2]: 0.086 Ã— (515.796 - 0.550 + 2.000000) = 44.483
  Pos[3]: 0.231 Ã— (515.796 - 0.800 + 2.000000) = 119.426
  Pos[4]: 0.039 Ã— (515.796 - 0.581 + 2.000000) = 20.171
  Pos[5]: 0.939 Ã— (515.796 - 0.453 + 2.000000) = 485.785
  Pos[6]: 0.498 Ã— (515.796 - 0.065 + 2.000000) = 257.830
  Pos[7]: 0.401 Ã— (515.796 - 0.793 + 2.000000) = 207.318
  Pos[8]: 0.856 Ã— (515.796 - 0.377 + 2.000000) = 442.911
  Pos[9]: 0.671 Ã— (515.796 - 0.624 + 2.000000) = 347.022
  Pos[10]: 0.626 Ã— (515.796 - 0.738 + 2.000000) = 323.678
  Pos[11]: 0.287 Ã— (515.796 - 0.484 + 2.000000) = 148.469
  Pos[12]: 0.127 Ã— (515.796 - 0.878 + 2.000000) = 65.649
  Pos[13]: 0.936 Ã— (515.796 - 0.148 + 2.000000) = 484.519
  Pos[14]: 0.659 Ã— (515.796 - 0.179 + 2.000000) = 341.110
  Pos[15]: 0.222 Ã— (515.796 - 0.062 + 2.000000) = 114.937
  Pos[16]: 0.202 Ã— (515.796 - 0.640 + 2.000000) = 104.466
  Pos[17]: 0.200 Ã— (515.796 - 0.399 + 2.000000) = 103.479
  Pos[18]: 0.263 Ã— (515.796 - 0.840 + 2.000000) = 135.959
New position: ['111.838', '44.483', '119.426', '20.171', '485.785', '257.830', '207.318', '442.911', '347.022', '323.678', '148.469', '65.649', '484.519', '341.110', '114.937', '104.466', '103.479', '135.959']

Updating S5:
  Pos[1]: 0.451 Ã— (515.796 - 0.201 + 2.000000) = 233.435
  Pos[2]: 0.644 Ã— (515.796 - 0.346 + 2.000000) = 333.238
  Pos[3]: 0.770 Ã— (515.796 - 0.334 + 2.000000) = 398.446
  Pos[4]: 0.229 Ã— (515.796 - 0.669 + 2.000000) = 118.422
  Pos[5]: 0.051 Ã— (515.796 - 0.349 + 2.000000) = 26.390
  Pos[6]: 0.212 Ã— (515.796 - 0.064 + 2.000000) = 109.759
  Pos[7]: 0.375 Ã— (515.796 - 0.627 + 2.000000) = 193.938
  Pos[8]: 0.092 Ã— (515.796 - 0.101 + 2.000000) = 47.628
  Pos[9]: 0.717 Ã— (515.796 - 0.712 + 2.000000) = 370.749
  Pos[10]: 0.656 Ã— (515.796 - 0.072 + 2.000000) = 339.627
  Pos[11]: 0.802 Ã— (515.796 - 0.626 + 2.000000) = 414.770
  Pos[12]: 0.269 Ã— (515.796 - 0.991 + 2.000000) = 139.021
  Pos[13]: 0.878 Ã— (515.796 - 0.439 + 2.000000) = 454.240
  Pos[14]: 0.399 Ã— (515.796 - 0.726 + 2.000000) = 206.311
  Pos[15]: 0.523 Ã— (515.796 - 0.243 + 2.000000) = 270.680
  Pos[16]: 0.120 Ã— (515.796 - 0.320 + 2.000000) = 62.097
  Pos[17]: 0.841 Ã— (515.796 - 0.719 + 2.000000) = 434.862
  Pos[18]: 0.438 Ã— (515.796 - 0.614 + 2.000000) = 226.526
New position: ['233.435', '333.238', '398.446', '118.422', '26.390', '109.759', '193.938', '47.628', '370.749', '339.627', '414.770', '139.021', '454.240', '206.311', '270.680', '62.097', '434.862', '226.526']

All sardine positions updated!

================================================================================
ITERATION 1 - STEP 4: SAILFISH-SARDINE REPLACEMENT
================================================================================
Analysis:
- Worst sailfish fitness: 597.958
- Sardines better than worst sailfish: 1

Replacement 1:
- Sardine S2 (fitness: 529.167) -> Sailfish SF1 (fitness: 597.958)

Replacement Summary: 1 replacements made

================================================================================
ITERATION 1 - STEP 1: GENERATING NEW ROUTES
================================================================================
SAILFISH Routes:

===== SF1 ====================================================
Random values: [0.342, 0.393, 0.374, 0.354, 0.488, 0.162, 0.989, 0.469, 0.371, 0.808, 0.231, 0.862, 0.943, 0.353, 0.4, 0.789, 0.754, 0.246]
Routes (with depot returns): Route1: 0-6-11-18-1-14-4-9-3-2-15-8-5-17-16-10-12-13-7-0  
Route1 demand: 300.0/300.0

===== SF2 ====================================================
Random values: [0.843, 0.33, 0.203, 0.919, 0.962, 0.183, 0.392, 0.544, 0.533, 0.597, 0.264, 0.982, 0.648, 0.85, 0.054, 0.169, 0.458, 0.559]
Routes (with depot returns): Route1: 0-15-16-6-3-11-2-7-17-9-8-18-10-13-1-14-4-5-12-0  
Route1 demand: 300.0/300.0

===== SF3 ====================================================
Random values: [0.093, 0.741, 0.535, 0.155, 0.16, 0.985, 0.237, 0.531, 0.025, 0.473, 0.685, 0.739, 0.24, 0.245, 0.132, 0.564, 0.259, 0.416]
Routes (with depot returns): Route1: 0-9-1-15-4-5-7-13-14-17-18-10-8-3-16-11-12-2-6-0  
Route1 demand: 300.0/300.0

SARDINE Routes:

===== S1 ====================================================
Random values: [0.287, 0.611, 0.528, 0.388, 0.788, 0.766, 0.593, 0.343, 0.842, 0.002, 0.356, 0.969, 0.06, 0.063, 0.546, 0.375, 0.714, 0.694]
Routes (with depot returns): Route1: 0-10-13-14-1-8-11-16-4-3-15-7-2-18-17-6-5-9-12-0  
Route1 demand: 300.0/300.0

===== S2 ====================================================
Random values: [0.61, 0.085, 0.384, 0.518, 0.898, 0.994, 0.9, 0.872, 0.695, 0.149, 0.023, 0.831, 0.681, 0.035, 0.978, 0.63, 0.914, 0.483]
Routes (with depot returns): Route1: 0-11-14-2-10-3-18-4-1-16-13-9-12-8-5-7-17-15-6-0  
Route1 demand: 300.0/300.0

===== S3 ====================================================
Random values: [0.029, 0.55, 0.8, 0.581, 0.453, 0.065, 0.793, 0.377, 0.624, 0.738, 0.484, 0.878, 0.148, 0.179, 0.062, 0.64, 0.399, 0.84]
Routes (with depot returns): Route1: 0-1-15-6-13-14-8-17-5-11-2-4-9-16-10-7-3-18-12-0  
Route1 demand: 300.0/300.0

===== S4 ====================================================
Random values: [0.201, 0.346, 0.334, 0.669, 0.349, 0.064, 0.627, 0.101, 0.712, 0.072, 0.626, 0.991, 0.439, 0.726, 0.243, 0.32, 0.719, 0.614]
Routes (with depot returns): Route1: 0-6-10-8-1-15-16-3-2-5-13-18-11-7-4-9-17-14-12-0  
Route1 demand: 300.0/300.0

================================================================================
ITERATION 1 - STEP 3: FITNESS SUMMARY
================================================================================
SAILFISH FITNESS SCORES:
------------------------------
SF1: 529.167
SF2: 515.796 â­ BEST
SF3: 566.286

SARDINE FITNESS SCORES:
-------------------------
S1: 625.176 â­ BEST
S2: 635.346
S3: 640.453
S4: 661.789

OVERALL SUMMARY:
--------------------
Best Sailfish Fitness: 515.796
Best Sardine Fitness: 625.176
Overall Best Fitness: 515.796
Best Routes: [[15, 16, 6, 3, 11, 2, 7, 17, 9, 8, 18, 10, 13, 1, 14, 4, 5, 12]]

========================================================================================================================
ITERATION 1 - COMPREHENSIVE RESULTS TABLE
========================================================================================================================
ID   Random Values                  Routes                                   Fitness   
------------------------------------------------------------------------------------------------------------------------
SF1  ['0.342', '0.393', '0.374', '0.354', '0.488', '0.162', '0.989', '0.469', '0.371', '0.808', '0.231', '0.862', '0.943', '0.353', '0.400', '0.789', '0.754', '0.246'] [[6, 11, 18, 1, 14, 4, 9, 3, 2, 15, 8, 5, 17, 16, 10, 12, 13, 7]] 529.167   
SF2  ['0.843', '0.330', '0.203', '0.919', '0.962', '0.183', '0.392', '0.544', '0.533', '0.597', '0.264', '0.982', '0.648', '0.850', '0.054', '0.169', '0.458', '0.559'] [[15, 16, 6, 3, 11, 2, 7, 17, 9, 8, 18, 10, 13, 1, 14, 4, 5, 12]] 515.796    ðŸŽ¯
SF3  ['0.093', '0.741', '0.535', '0.155', '0.160', '0.985', '0.237', '0.531', '0.025', '0.473', '0.685', '0.739', '0.240', '0.245', '0.132', '0.564', '0.259', '0.416'] [[9, 1, 15, 4, 5, 7, 13, 14, 17, 18, 10, 8, 3, 16, 11, 12, 2, 6]] 566.286   
S1   ['0.287', '0.611', '0.528', '0.388', '0.788', '0.766', '0.593', '0.343', '0.842', '0.002', '0.356', '0.969', '0.060', '0.063', '0.546', '0.375', '0.714', '0.694'] [[10, 13, 14, 1, 8, 11, 16, 4, 3, 15, 7, 2, 18, 17, 6, 5, 9, 12]] 625.176   
S2   ['0.610', '0.085', '0.384', '0.518', '0.898', '0.994', '0.900', '0.872', '0.695', '0.149', '0.023', '0.831', '0.681', '0.035', '0.978', '0.630', '0.914', '0.483'] [[11, 14, 2, 10, 3, 18, 4, 1, 16, 13, 9, 12, 8, 5, 7, 17, 15, 6]] 635.346   
S3   ['0.029', '0.550', '0.800', '0.581', '0.453', '0.065', '0.793', '0.377', '0.624', '0.738', '0.484', '0.878', '0.148', '0.179', '0.062', '0.640', '0.399', '0.840'] [[1, 15, 6, 13, 14, 8, 17, 5, 11, 2, 4, 9, 16, 10, 7, 3, 18, 12]] 640.453   
S4   ['0.201', '0.346', '0.334', '0.669', '0.349', '0.064', '0.627', '0.101', '0.712', '0.072', '0.626', '0.991', '0.439', '0.726', '0.243', '0.320', '0.719', '0.614'] [[6, 10, 8, 1, 15, 16, 3, 2, 5, 13, 18, 11, 7, 4, 9, 17, 14, 12]] 661.789   

Best Solution: 515.796
================================================================================
ITERATION 2
================================================================================
Population Decline (PD) = 1 - (3 / 7) = 0.571429

Lambda Calculations:
SF1: Î»_1 = (2 Ã— 0.666 Ã— 0.571429) - 0.571429 = 0.189714
SF2: Î»_2 = (2 Ã— 0.234 Ã— 0.571429) - 0.571429 = -0.304000
SF3: Î»_3 = (2 Ã— 0.272 Ã— 0.571429) - 0.571429 = -0.260571
FORMULA: SF[i] = elite_sailfish_fitness - lambda[k] Ã— ((random Ã— (elite_sailfish_fitness + injured_sardine_fitness)/2) - old_sailfish)
Elite Sailfish Fitness: 515.796
Injured Sardine Fitness: 625.176
ITERATION > 0: Using replacement-specific positions for updates...
SF1 was replaced by S2, using S2 position
SF2 was not replaced, using original sorted position
SF3 was not replaced, using original sorted position

Updating SF1:
  Pos[1]: 515.796 - 0.189714 Ã— ((0.031 Ã— 570.486) - 0.342) = 512.506
  Pos[2]: 515.796 - 0.189714 Ã— ((0.007 Ã— 570.486) - 0.393) = 515.113
  Pos[3]: 515.796 - 0.189714 Ã— ((0.829 Ã— 570.486) - 0.374) = 426.145
  Pos[4]: 515.796 - 0.189714 Ã— ((0.212 Ã— 570.486) - 0.354) = 492.919
  Pos[5]: 515.796 - 0.189714 Ã— ((0.787 Ã— 570.486) - 0.488) = 430.712
  Pos[6]: 515.796 - 0.189714 Ã— ((0.445 Ã— 570.486) - 0.162) = 467.665
  Pos[7]: 515.796 - 0.189714 Ã— ((0.313 Ã— 570.486) - 0.989) = 482.108
  Pos[8]: 515.796 - 0.189714 Ã— ((0.823 Ã— 570.486) - 0.469) = 426.812
  Pos[9]: 515.796 - 0.189714 Ã— ((0.661 Ã— 570.486) - 0.371) = 444.327
  Pos[10]: 515.796 - 0.189714 Ã— ((0.693 Ã— 570.486) - 0.808) = 440.946
  Pos[11]: 515.796 - 0.189714 Ã— ((0.158 Ã— 570.486) - 0.231) = 498.740
  Pos[12]: 515.796 - 0.189714 Ã— ((0.656 Ã— 570.486) - 0.862) = 444.961
  Pos[13]: 515.796 - 0.189714 Ã— ((0.573 Ã— 570.486) - 0.943) = 453.960
  Pos[14]: 515.796 - 0.189714 Ã— ((0.694 Ã— 570.486) - 0.353) = 440.752
  Pos[15]: 515.796 - 0.189714 Ã— ((0.456 Ã— 570.486) - 0.400) = 466.519
  Pos[16]: 515.796 - 0.189714 Ã— ((0.505 Ã— 570.486) - 0.789) = 461.290
  Pos[17]: 515.796 - 0.189714 Ã— ((0.644 Ã— 570.486) - 0.754) = 446.239
  Pos[18]: 515.796 - 0.189714 Ã— ((0.331 Ã— 570.486) - 0.246) = 480.019
New position: ['512.506', '515.113', '426.145', '492.919', '430.712', '467.665', '482.108', '426.812', '444.327', '440.946', '498.740', '444.961', '453.960', '440.752', '466.519', '461.290', '446.239', '480.019']

Updating SF2:
  Pos[1]: 515.796 - -0.304000 Ã— ((0.309 Ã— 570.486) - 0.342) = 569.281
  Pos[2]: 515.796 - -0.304000 Ã— ((0.580 Ã— 570.486) - 0.393) = 616.265
  Pos[3]: 515.796 - -0.304000 Ã— ((0.815 Ã— 570.486) - 0.374) = 657.026
  Pos[4]: 515.796 - -0.304000 Ã— ((0.506 Ã— 570.486) - 0.354) = 603.443
  Pos[5]: 515.796 - -0.304000 Ã— ((0.900 Ã— 570.486) - 0.488) = 671.733
  Pos[6]: 515.796 - -0.304000 Ã— ((0.883 Ã— 570.486) - 0.162) = 668.883
  Pos[7]: 515.796 - -0.304000 Ã— ((0.274 Ã— 570.486) - 0.989) = 563.015
  Pos[8]: 515.796 - -0.304000 Ã— ((0.495 Ã— 570.486) - 0.469) = 601.500
  Pos[9]: 515.796 - -0.304000 Ã— ((0.218 Ã— 570.486) - 0.371) = 553.491
  Pos[10]: 515.796 - -0.304000 Ã— ((0.317 Ã— 570.486) - 0.808) = 570.527
  Pos[11]: 515.796 - -0.304000 Ã— ((0.657 Ã— 570.486) - 0.231) = 629.668
  Pos[12]: 515.796 - -0.304000 Ã— ((0.660 Ã— 570.486) - 0.862) = 629.996
  Pos[13]: 515.796 - -0.304000 Ã— ((0.154 Ã— 570.486) - 0.943) = 542.217
  Pos[14]: 515.796 - -0.304000 Ã— ((0.069 Ã— 570.486) - 0.353) = 527.655
  Pos[15]: 515.796 - -0.304000 Ã— ((0.582 Ã— 570.486) - 0.400) = 616.609
  Pos[16]: 515.796 - -0.304000 Ã— ((0.057 Ã— 570.486) - 0.789) = 525.442
  Pos[17]: 515.796 - -0.304000 Ã— ((0.640 Ã— 570.486) - 0.754) = 626.561
  Pos[18]: 515.796 - -0.304000 Ã— ((0.517 Ã— 570.486) - 0.246) = 605.383
New position: ['569.281', '616.265', '657.026', '603.443', '671.733', '668.883', '563.015', '601.500', '553.491', '570.527', '629.668', '629.996', '542.217', '527.655', '616.609', '525.442', '626.561', '605.383']

Updating SF3:
  Pos[1]: 515.796 - -0.260571 Ã— ((0.608 Ã— 570.486) - 0.093) = 606.152
  Pos[2]: 515.796 - -0.260571 Ã— ((0.974 Ã— 570.486) - 0.741) = 660.390
  Pos[3]: 515.796 - -0.260571 Ã— ((0.772 Ã— 570.486) - 0.535) = 630.416
  Pos[4]: 515.796 - -0.260571 Ã— ((0.069 Ã— 570.486) - 0.155) = 526.013
  Pos[5]: 515.796 - -0.260571 Ã— ((0.560 Ã— 570.486) - 0.160) = 599.000
  Pos[6]: 515.796 - -0.260571 Ã— ((0.346 Ã— 570.486) - 0.985) = 566.973
  Pos[7]: 515.796 - -0.260571 Ã— ((0.806 Ã— 570.486) - 0.237) = 635.548
  Pos[8]: 515.796 - -0.260571 Ã— ((0.206 Ã— 570.486) - 0.531) = 546.280
  Pos[9]: 515.796 - -0.260571 Ã— ((0.320 Ã— 570.486) - 0.025) = 563.358
  Pos[10]: 515.796 - -0.260571 Ã— ((0.244 Ã— 570.486) - 0.473) = 551.944
  Pos[11]: 515.796 - -0.260571 Ã— ((0.090 Ã— 570.486) - 0.685) = 528.996
  Pos[12]: 515.796 - -0.260571 Ã— ((0.860 Ã— 570.486) - 0.739) = 643.445
  Pos[13]: 515.796 - -0.260571 Ã— ((0.329 Ã— 570.486) - 0.240) = 564.640
  Pos[14]: 515.796 - -0.260571 Ã— ((0.180 Ã— 570.486) - 0.245) = 542.490
  Pos[15]: 515.796 - -0.260571 Ã— ((0.673 Ã— 570.486) - 0.132) = 615.805
  Pos[16]: 515.796 - -0.260571 Ã— ((0.635 Ã— 570.486) - 0.564) = 610.043
  Pos[17]: 515.796 - -0.260571 Ã— ((0.236 Ã— 570.486) - 0.259) = 550.811
  Pos[18]: 515.796 - -0.260571 Ã— ((0.740 Ã— 570.486) - 0.416) = 625.690
New position: ['606.152', '660.390', '630.416', '526.013', '599.000', '566.973', '635.548', '546.280', '563.358', '551.944', '528.996', '643.445', '564.640', '542.490', '615.805', '610.043', '550.811', '625.690']

All sailfish positions updated!

FORMULA: S[i] = random Ã— (elite_sailfish_fitness - old_sardine + AP)
Elite Sailfish Fitness: 515.796
Updating ALL sardines:

Updating S1:
  Pos[1]: 0.374 Ã— (515.796 - 0.287 + 2.000000) = 193.548
  Pos[2]: 0.148 Ã— (515.796 - 0.611 + 2.000000) = 76.543
  Pos[3]: 0.195 Ã— (515.796 - 0.528 + 2.000000) = 100.867
  Pos[4]: 0.306 Ã— (515.796 - 0.388 + 2.000000) = 158.327
  Pos[5]: 0.993 Ã— (515.796 - 0.788 + 2.000000) = 513.389
  Pos[6]: 0.182 Ã— (515.796 - 0.766 + 2.000000) = 94.099
  Pos[7]: 0.126 Ã— (515.796 - 0.593 + 2.000000) = 65.168
  Pos[8]: 0.671 Ã— (515.796 - 0.343 + 2.000000) = 347.211
  Pos[9]: 0.716 Ã— (515.796 - 0.842 + 2.000000) = 370.139
  Pos[10]: 0.624 Ã— (515.796 - 0.002 + 2.000000) = 323.104
  Pos[11]: 0.249 Ã— (515.796 - 0.356 + 2.000000) = 128.843
  Pos[12]: 0.504 Ã— (515.796 - 0.969 + 2.000000) = 260.481
  Pos[13]: 0.529 Ã— (515.796 - 0.060 + 2.000000) = 273.882
  Pos[14]: 0.128 Ã— (515.796 - 0.063 + 2.000000) = 66.270
  Pos[15]: 0.699 Ã— (515.796 - 0.546 + 2.000000) = 361.558
  Pos[16]: 0.792 Ã— (515.796 - 0.375 + 2.000000) = 409.798
  Pos[17]: 0.851 Ã— (515.796 - 0.714 + 2.000000) = 440.037
  Pos[18]: 0.329 Ã— (515.796 - 0.694 + 2.000000) = 170.127
New position: ['193.548', '76.543', '100.867', '158.327', '513.389', '94.099', '65.168', '347.211', '370.139', '323.104', '128.843', '260.481', '273.882', '66.270', '361.558', '409.798', '440.037', '170.127']

Updating S2:
  Pos[1]: 0.736 Ã— (515.796 - 0.610 + 2.000000) = 380.649
  Pos[2]: 0.165 Ã— (515.796 - 0.085 + 2.000000) = 85.422
  Pos[3]: 0.509 Ã— (515.796 - 0.384 + 2.000000) = 263.363
  Pos[4]: 0.136 Ã— (515.796 - 0.518 + 2.000000) = 70.350
  Pos[5]: 0.947 Ã— (515.796 - 0.898 + 2.000000) = 489.502
  Pos[6]: 0.551 Ã— (515.796 - 0.994 + 2.000000) = 284.758
  Pos[7]: 0.477 Ã— (515.796 - 0.900 + 2.000000) = 246.559
  Pos[8]: 0.864 Ã— (515.796 - 0.872 + 2.000000) = 446.622
  Pos[9]: 0.485 Ã— (515.796 - 0.695 + 2.000000) = 250.794
  Pos[10]: 0.178 Ã— (515.796 - 0.149 + 2.000000) = 92.141
  Pos[11]: 0.648 Ã— (515.796 - 0.023 + 2.000000) = 335.517
  Pos[12]: 0.868 Ã— (515.796 - 0.831 + 2.000000) = 448.726
  Pos[13]: 0.990 Ã— (515.796 - 0.681 + 2.000000) = 511.944
  Pos[14]: 0.561 Ã— (515.796 - 0.035 + 2.000000) = 290.464
  Pos[15]: 0.956 Ã— (515.796 - 0.978 + 2.000000) = 494.078
  Pos[16]: 0.020 Ã— (515.796 - 0.630 + 2.000000) = 10.343
  Pos[17]: 0.575 Ã— (515.796 - 0.914 + 2.000000) = 297.207
  Pos[18]: 0.428 Ã— (515.796 - 0.483 + 2.000000) = 221.410
New position: ['380.649', '85.422', '263.363', '70.350', '489.502', '284.758', '246.559', '446.622', '250.794', '92.141', '335.517', '448.726', '511.944', '290.464', '494.078', '10.343', '297.207', '221.410']

Updating S3:
  Pos[1]: 0.182 Ã— (515.796 - 0.029 + 2.000000) = 94.234
  Pos[2]: 0.033 Ã— (515.796 - 0.550 + 2.000000) = 17.069
  Pos[3]: 0.531 Ã— (515.796 - 0.800 + 2.000000) = 274.525
  Pos[4]: 0.541 Ã— (515.796 - 0.581 + 2.000000) = 279.813
  Pos[5]: 0.403 Ã— (515.796 - 0.453 + 2.000000) = 208.489
  Pos[6]: 0.418 Ã— (515.796 - 0.065 + 2.000000) = 216.412
  Pos[7]: 0.727 Ã— (515.796 - 0.793 + 2.000000) = 375.861
  Pos[8]: 0.222 Ã— (515.796 - 0.377 + 2.000000) = 114.867
  Pos[9]: 0.104 Ã— (515.796 - 0.624 + 2.000000) = 53.786
  Pos[10]: 0.990 Ã— (515.796 - 0.738 + 2.000000) = 511.888
  Pos[11]: 0.703 Ã— (515.796 - 0.484 + 2.000000) = 363.670
  Pos[12]: 0.901 Ã— (515.796 - 0.878 + 2.000000) = 465.743
  Pos[13]: 0.004 Ã— (515.796 - 0.148 + 2.000000) = 2.071
  Pos[14]: 0.299 Ã— (515.796 - 0.179 + 2.000000) = 154.768
  Pos[15]: 0.769 Ã— (515.796 - 0.062 + 2.000000) = 398.138
  Pos[16]: 0.234 Ã— (515.796 - 0.640 + 2.000000) = 121.015
  Pos[17]: 0.038 Ã— (515.796 - 0.399 + 2.000000) = 19.661
  Pos[18]: 0.220 Ã— (515.796 - 0.840 + 2.000000) = 113.730
New position: ['94.234', '17.069', '274.525', '279.813', '208.489', '216.412', '375.861', '114.867', '53.786', '511.888', '363.670', '465.743', '2.071', '154.768', '398.138', '121.015', '19.661', '113.730']

Updating S4:
  Pos[1]: 0.073 Ã— (515.796 - 0.201 + 2.000000) = 37.784
  Pos[2]: 0.014 Ã— (515.796 - 0.346 + 2.000000) = 7.244
  Pos[3]: 0.574 Ã— (515.796 - 0.334 + 2.000000) = 297.023
  Pos[4]: 0.705 Ã— (515.796 - 0.669 + 2.000000) = 364.575
  Pos[5]: 0.371 Ã— (515.796 - 0.349 + 2.000000) = 191.973
  Pos[6]: 0.715 Ã— (515.796 - 0.064 + 2.000000) = 370.178
  Pos[7]: 0.327 Ã— (515.796 - 0.627 + 2.000000) = 169.114
  Pos[8]: 0.231 Ã— (515.796 - 0.101 + 2.000000) = 119.588
  Pos[9]: 0.143 Ã— (515.796 - 0.712 + 2.000000) = 73.943
  Pos[10]: 0.011 Ã— (515.796 - 0.072 + 2.000000) = 5.695
  Pos[11]: 0.620 Ã— (515.796 - 0.626 + 2.000000) = 320.645
  Pos[12]: 0.382 Ã— (515.796 - 0.991 + 2.000000) = 197.420
  Pos[13]: 0.833 Ã— (515.796 - 0.439 + 2.000000) = 430.958
  Pos[14]: 0.300 Ã— (515.796 - 0.726 + 2.000000) = 155.121
  Pos[15]: 0.861 Ã— (515.796 - 0.243 + 2.000000) = 445.613
  Pos[16]: 0.207 Ã— (515.796 - 0.320 + 2.000000) = 107.118
  Pos[17]: 0.259 Ã— (515.796 - 0.719 + 2.000000) = 133.923
  Pos[18]: 0.381 Ã— (515.796 - 0.614 + 2.000000) = 197.046
New position: ['37.784', '7.244', '297.023', '364.575', '191.973', '370.178', '169.114', '119.588', '73.943', '5.695', '320.645', '197.420', '430.958', '155.121', '445.613', '107.118', '133.923', '197.046']

All sardine positions updated!

================================================================================
ITERATION 2 - STEP 4: SAILFISH-SARDINE REPLACEMENT
================================================================================
Analysis:
- Worst sailfish fitness: 566.286
- Sardines better than worst sailfish: 0
- No replacement will occur

================================================================================
ITERATION 2 - STEP 1: GENERATING NEW ROUTES
================================================================================
SAILFISH Routes:

===== SF1 ====================================================
Random values: [0.342, 0.393, 0.374, 0.354, 0.488, 0.162, 0.989, 0.469, 0.371, 0.808, 0.231, 0.862, 0.943, 0.353, 0.4, 0.789, 0.754, 0.246]
Routes (with depot returns): Route1: 0-6-11-18-1-14-4-9-3-2-15-8-5-17-16-10-12-13-7-0  
Route1 demand: 300.0/300.0

===== SF2 ====================================================
Random values: [0.843, 0.33, 0.203, 0.919, 0.962, 0.183, 0.392, 0.544, 0.533, 0.597, 0.264, 0.982, 0.648, 0.85, 0.054, 0.169, 0.458, 0.559]
Routes (with depot returns): Route1: 0-15-16-6-3-11-2-7-17-9-8-18-10-13-1-14-4-5-12-0  
Route1 demand: 300.0/300.0

===== SF3 ====================================================
Random values: [0.093, 0.741, 0.535, 0.155, 0.16, 0.985, 0.237, 0.531, 0.025, 0.473, 0.685, 0.739, 0.24, 0.245, 0.132, 0.564, 0.259, 0.416]
Routes (with depot returns): Route1: 0-9-1-15-4-5-7-13-14-17-18-10-8-3-16-11-12-2-6-0  
Route1 demand: 300.0/300.0

SARDINE Routes:

===== S1 ====================================================
Random values: [0.287, 0.611, 0.528, 0.388, 0.788, 0.766, 0.593, 0.343, 0.842, 0.002, 0.356, 0.969, 0.06, 0.063, 0.546, 0.375, 0.714, 0.694]
Routes (with depot returns): Route1: 0-10-13-14-1-8-11-16-4-3-15-7-2-18-17-6-5-9-12-0  
Route1 demand: 300.0/300.0

===== S2 ====================================================
Random values: [0.61, 0.085, 0.384, 0.518, 0.898, 0.994, 0.9, 0.872, 0.695, 0.149, 0.023, 0.831, 0.681, 0.035, 0.978, 0.63, 0.914, 0.483]
Routes (with depot returns): Route1: 0-11-14-2-10-3-18-4-1-16-13-9-12-8-5-7-17-15-6-0  
Route1 demand: 300.0/300.0

===== S3 ====================================================
Random values: [0.029, 0.55, 0.8, 0.581, 0.453, 0.065, 0.793, 0.377, 0.624, 0.738, 0.484, 0.878, 0.148, 0.179, 0.062, 0.64, 0.399, 0.84]
Routes (with depot returns): Route1: 0-1-15-6-13-14-8-17-5-11-2-4-9-16-10-7-3-18-12-0  
Route1 demand: 300.0/300.0

===== S4 ====================================================
Random values: [0.201, 0.346, 0.334, 0.669, 0.349, 0.064, 0.627, 0.101, 0.712, 0.072, 0.626, 0.991, 0.439, 0.726, 0.243, 0.32, 0.719, 0.614]
Routes (with depot returns): Route1: 0-6-10-8-1-15-16-3-2-5-13-18-11-7-4-9-17-14-12-0  
Route1 demand: 300.0/300.0

================================================================================
ITERATION 2 - STEP 3: FITNESS SUMMARY
================================================================================
SAILFISH FITNESS SCORES:
------------------------------
SF1: 529.167
SF2: 515.796 â­ BEST
SF3: 566.286

SARDINE FITNESS SCORES:
-------------------------
S1: 625.176 â­ BEST
S2: 635.346
S3: 640.453
S4: 661.789

OVERALL SUMMARY:
--------------------
Best Sailfish Fitness: 515.796
Best Sardine Fitness: 625.176
Overall Best Fitness: 515.796
Best Routes: [[15, 16, 6, 3, 11, 2, 7, 17, 9, 8, 18, 10, 13, 1, 14, 4, 5, 12]]

========================================================================================================================
ITERATION 2 - COMPREHENSIVE RESULTS TABLE
========================================================================================================================
ID   Random Values                  Routes                                   Fitness   
------------------------------------------------------------------------------------------------------------------------
SF1  ['0.342', '0.393', '0.374', '0.354', '0.488', '0.162', '0.989', '0.469', '0.371', '0.808', '0.231', '0.862', '0.943', '0.353', '0.400', '0.789', '0.754', '0.246'] [[6, 11, 18, 1, 14, 4, 9, 3, 2, 15, 8, 5, 17, 16, 10, 12, 13, 7]] 529.167   
SF2  ['0.843', '0.330', '0.203', '0.919', '0.962', '0.183', '0.392', '0.544', '0.533', '0.597', '0.264', '0.982', '0.648', '0.850', '0.054', '0.169', '0.458', '0.559'] [[15, 16, 6, 3, 11, 2, 7, 17, 9, 8, 18, 10, 13, 1, 14, 4, 5, 12]] 515.796    ðŸŽ¯
SF3  ['0.093', '0.741', '0.535', '0.155', '0.160', '0.985', '0.237', '0.531', '0.025', '0.473', '0.685', '0.739', '0.240', '0.245', '0.132', '0.564', '0.259', '0.416'] [[9, 1, 15, 4, 5, 7, 13, 14, 17, 18, 10, 8, 3, 16, 11, 12, 2, 6]] 566.286   
S1   ['0.287', '0.611', '0.528', '0.388', '0.788', '0.766', '0.593', '0.343', '0.842', '0.002', '0.356', '0.969', '0.060', '0.063', '0.546', '0.375', '0.714', '0.694'] [[10, 13, 14, 1, 8, 11, 16, 4, 3, 15, 7, 2, 18, 17, 6, 5, 9, 12]] 625.176   
S2   ['0.610', '0.085', '0.384', '0.518', '0.898', '0.994', '0.900', '0.872', '0.695', '0.149', '0.023', '0.831', '0.681', '0.035', '0.978', '0.630', '0.914', '0.483'] [[11, 14, 2, 10, 3, 18, 4, 1, 16, 13, 9, 12, 8, 5, 7, 17, 15, 6]] 635.346   
S3   ['0.029', '0.550', '0.800', '0.581', '0.453', '0.065', '0.793', '0.377', '0.624', '0.738', '0.484', '0.878', '0.148', '0.179', '0.062', '0.640', '0.399', '0.840'] [[1, 15, 6, 13, 14, 8, 17, 5, 11, 2, 4, 9, 16, 10, 7, 3, 18, 12]] 640.453   
S4   ['0.201', '0.346', '0.334', '0.669', '0.349', '0.064', '0.627', '0.101', '0.712', '0.072', '0.626', '0.991', '0.439', '0.726', '0.243', '0.320', '0.719', '0.614'] [[6, 10, 8, 1, 15, 16, 3, 2, 5, 13, 18, 11, 7, 4, 9, 17, 14, 12]] 661.789   

Best Solution: 515.796
================================================================================
ITERATION 3
================================================================================
Population Decline (PD) = 1 - (3 / 7) = 0.571429

Lambda Calculations:
SF1: Î»_1 = (2 Ã— 0.198 Ã— 0.571429) - 0.571429 = -0.345143
SF2: Î»_2 = (2 Ã— 0.793 Ã— 0.571429) - 0.571429 = 0.334857
SF3: Î»_3 = (2 Ã— 0.668 Ã— 0.571429) - 0.571429 = 0.192000
FORMULA: SF[i] = elite_sailfish_fitness - lambda[k] Ã— ((random Ã— (elite_sailfish_fitness + injured_sardine_fitness)/2) - old_sailfish)
Elite Sailfish Fitness: 515.796
Injured Sardine Fitness: 625.176
ITERATION > 0: Using replacement-specific positions for updates...
SF1 was replaced by S2, using S2 position
SF2 was not replaced, using original sorted position
SF3 was not replaced, using original sorted position

Updating SF1:
  Pos[1]: 515.796 - -0.345143 Ã— ((0.712 Ã— 570.486) - 0.342) = 655.870
  Pos[2]: 515.796 - -0.345143 Ã— ((0.155 Ã— 570.486) - 0.393) = 546.180
  Pos[3]: 515.796 - -0.345143 Ã— ((0.178 Ã— 570.486) - 0.374) = 550.715
  Pos[4]: 515.796 - -0.345143 Ã— ((0.150 Ã— 570.486) - 0.354) = 545.209
  Pos[5]: 515.796 - -0.345143 Ã— ((0.725 Ã— 570.486) - 0.488) = 658.380
  Pos[6]: 515.796 - -0.345143 Ã— ((0.194 Ã— 570.486) - 0.162) = 553.939
  Pos[7]: 515.796 - -0.345143 Ã— ((0.808 Ã— 570.486) - 0.989) = 674.549
  Pos[8]: 515.796 - -0.345143 Ã— ((0.573 Ã— 570.486) - 0.469) = 628.457
  Pos[9]: 515.796 - -0.345143 Ã— ((0.215 Ã— 570.486) - 0.371) = 558.001
  Pos[10]: 515.796 - -0.345143 Ã— ((0.244 Ã— 570.486) - 0.808) = 563.561
  Pos[11]: 515.796 - -0.345143 Ã— ((0.954 Ã— 570.486) - 0.231) = 703.558
  Pos[12]: 515.796 - -0.345143 Ã— ((0.002 Ã— 570.486) - 0.862) = 515.892
  Pos[13]: 515.796 - -0.345143 Ã— ((0.417 Ã— 570.486) - 0.943) = 597.578
  Pos[14]: 515.796 - -0.345143 Ã— ((0.745 Ã— 570.486) - 0.353) = 662.364
  Pos[15]: 515.796 - -0.345143 Ã— ((0.023 Ã— 570.486) - 0.400) = 520.187
  Pos[16]: 515.796 - -0.345143 Ã— ((0.353 Ã— 570.486) - 0.789) = 585.029
  Pos[17]: 515.796 - -0.345143 Ã— ((0.853 Ã— 570.486) - 0.754) = 683.491
  Pos[18]: 515.796 - -0.345143 Ã— ((0.424 Ã— 570.486) - 0.246) = 599.196
New position: ['655.870', '546.180', '550.715', '545.209', '658.380', '553.939', '674.549', '628.457', '558.001', '563.561', '703.558', '515.892', '597.578', '662.364', '520.187', '585.029', '683.491', '599.196']

Updating SF2:
  Pos[1]: 515.796 - 0.334857 Ã— ((0.621 Ã— 570.486) - 0.342) = 397.280
  Pos[2]: 515.796 - 0.334857 Ã— ((0.187 Ã— 570.486) - 0.393) = 480.205
  Pos[3]: 515.796 - 0.334857 Ã— ((0.572 Ã— 570.486) - 0.374) = 406.651
  Pos[4]: 515.796 - 0.334857 Ã— ((0.714 Ã— 570.486) - 0.354) = 379.518
  Pos[5]: 515.796 - 0.334857 Ã— ((0.784 Ã— 570.486) - 0.488) = 366.191
  Pos[6]: 515.796 - 0.334857 Ã— ((0.780 Ã— 570.486) - 0.162) = 366.846
  Pos[7]: 515.796 - 0.334857 Ã— ((0.475 Ã— 570.486) - 0.989) = 425.387
  Pos[8]: 515.796 - 0.334857 Ã— ((0.638 Ã— 570.486) - 0.469) = 394.075
  Pos[9]: 515.796 - 0.334857 Ã— ((0.348 Ã— 570.486) - 0.371) = 449.441
  Pos[10]: 515.796 - 0.334857 Ã— ((0.114 Ã— 570.486) - 0.808) = 494.289
  Pos[11]: 515.796 - 0.334857 Ã— ((0.232 Ã— 570.486) - 0.231) = 471.554
  Pos[12]: 515.796 - 0.334857 Ã— ((0.970 Ã— 570.486) - 0.862) = 330.784
  Pos[13]: 515.796 - 0.334857 Ã— ((0.534 Ã— 570.486) - 0.943) = 414.101
  Pos[14]: 515.796 - 0.334857 Ã— ((0.844 Ã— 570.486) - 0.353) = 354.684
  Pos[15]: 515.796 - 0.334857 Ã— ((0.676 Ã— 570.486) - 0.400) = 386.793
  Pos[16]: 515.796 - 0.334857 Ã— ((0.675 Ã— 570.486) - 0.789) = 387.114
  Pos[17]: 515.796 - 0.334857 Ã— ((0.684 Ã— 570.486) - 0.754) = 385.383
  Pos[18]: 515.796 - 0.334857 Ã— ((0.613 Ã— 570.486) - 0.246) = 398.776
New position: ['397.280', '480.205', '406.651', '379.518', '366.191', '366.846', '425.387', '394.075', '449.441', '494.289', '471.554', '330.784', '414.101', '354.684', '386.793', '387.114', '385.383', '398.776']

Updating SF3:
  Pos[1]: 515.796 - 0.192000 Ã— ((0.967 Ã— 570.486) - 0.093) = 409.895
  Pos[2]: 515.796 - 0.192000 Ã— ((0.348 Ã— 570.486) - 0.741) = 477.821
  Pos[3]: 515.796 - 0.192000 Ã— ((0.917 Ã— 570.486) - 0.535) = 415.457
  Pos[4]: 515.796 - 0.192000 Ã— ((0.617 Ã— 570.486) - 0.155) = 448.244
  Pos[5]: 515.796 - 0.192000 Ã— ((0.316 Ã— 570.486) - 0.160) = 481.214
  Pos[6]: 515.796 - 0.192000 Ã— ((0.022 Ã— 570.486) - 0.985) = 513.575
  Pos[7]: 515.796 - 0.192000 Ã— ((0.495 Ã— 570.486) - 0.237) = 461.623
  Pos[8]: 515.796 - 0.192000 Ã— ((0.565 Ã— 570.486) - 0.531) = 454.012
  Pos[9]: 515.796 - 0.192000 Ã— ((0.346 Ã— 570.486) - 0.025) = 477.902
  Pos[10]: 515.796 - 0.192000 Ã— ((0.804 Ã— 570.486) - 0.473) = 427.822
  Pos[11]: 515.796 - 0.192000 Ã— ((0.836 Ã— 570.486) - 0.685) = 424.358
  Pos[12]: 515.796 - 0.192000 Ã— ((0.301 Ã— 570.486) - 0.739) = 482.968
  Pos[13]: 515.796 - 0.192000 Ã— ((0.006 Ã— 570.486) - 0.240) = 515.185
  Pos[14]: 515.796 - 0.192000 Ã— ((0.535 Ã— 570.486) - 0.245) = 457.243
  Pos[15]: 515.796 - 0.192000 Ã— ((0.976 Ã— 570.486) - 0.132) = 408.917
  Pos[16]: 515.796 - 0.192000 Ã— ((0.593 Ã— 570.486) - 0.564) = 450.951
  Pos[17]: 515.796 - 0.192000 Ã— ((0.286 Ã— 570.486) - 0.259) = 484.519
  Pos[18]: 515.796 - 0.192000 Ã— ((0.823 Ã— 570.486) - 0.416) = 425.730
New position: ['409.895', '477.821', '415.457', '448.244', '481.214', '513.575', '461.623', '454.012', '477.902', '427.822', '424.358', '482.968', '515.185', '457.243', '408.917', '450.951', '484.519', '425.730']

All sailfish positions updated!

FORMULA: S[i] = random Ã— (elite_sailfish_fitness - old_sardine + AP)
Elite Sailfish Fitness: 515.796
Updating ALL sardines:

Updating S1:
  Pos[1]: 0.348 Ã— (515.796 - 0.287 + 2.000000) = 180.093
  Pos[2]: 0.549 Ã— (515.796 - 0.611 + 2.000000) = 283.935
  Pos[3]: 0.658 Ã— (515.796 - 0.528 + 2.000000) = 340.362
  Pos[4]: 0.117 Ã— (515.796 - 0.388 + 2.000000) = 60.537
  Pos[5]: 0.953 Ã— (515.796 - 0.788 + 2.000000) = 492.709
  Pos[6]: 0.928 Ã— (515.796 - 0.766 + 2.000000) = 479.804
  Pos[7]: 0.604 Ã— (515.796 - 0.593 + 2.000000) = 312.391
  Pos[8]: 0.667 Ã— (515.796 - 0.343 + 2.000000) = 345.141
  Pos[9]: 0.605 Ã— (515.796 - 0.842 + 2.000000) = 312.757
  Pos[10]: 0.329 Ã— (515.796 - 0.002 + 2.000000) = 170.354
  Pos[11]: 0.984 Ã— (515.796 - 0.356 + 2.000000) = 509.161
  Pos[12]: 0.523 Ã— (515.796 - 0.969 + 2.000000) = 270.301
  Pos[13]: 0.189 Ã— (515.796 - 0.060 + 2.000000) = 97.852
  Pos[14]: 0.626 Ã— (515.796 - 0.063 + 2.000000) = 324.101
  Pos[15]: 0.192 Ã— (515.796 - 0.546 + 2.000000) = 99.312
  Pos[16]: 0.161 Ã— (515.796 - 0.375 + 2.000000) = 83.305
  Pos[17]: 0.535 Ã— (515.796 - 0.714 + 2.000000) = 276.639
  Pos[18]: 0.332 Ã— (515.796 - 0.694 + 2.000000) = 171.678
New position: ['180.093', '283.935', '340.362', '60.537', '492.709', '479.804', '312.391', '345.141', '312.757', '170.354', '509.161', '270.301', '97.852', '324.101', '99.312', '83.305', '276.639', '171.678']

Updating S2:
  Pos[1]: 0.611 Ã— (515.796 - 0.610 + 2.000000) = 316.001
  Pos[2]: 0.722 Ã— (515.796 - 0.085 + 2.000000) = 373.787
  Pos[3]: 0.373 Ã— (515.796 - 0.384 + 2.000000) = 192.995
  Pos[4]: 0.391 Ã— (515.796 - 0.518 + 2.000000) = 202.256
  Pos[5]: 0.025 Ã— (515.796 - 0.898 + 2.000000) = 12.922
  Pos[6]: 0.564 Ã— (515.796 - 0.994 + 2.000000) = 291.476
  Pos[7]: 0.030 Ã— (515.796 - 0.900 + 2.000000) = 15.507
  Pos[8]: 0.085 Ã— (515.796 - 0.872 + 2.000000) = 43.939
  Pos[9]: 0.348 Ã— (515.796 - 0.695 + 2.000000) = 179.951
  Pos[10]: 0.697 Ã— (515.796 - 0.149 + 2.000000) = 360.800
  Pos[11]: 0.085 Ã— (515.796 - 0.023 + 2.000000) = 44.011
  Pos[12]: 0.291 Ã— (515.796 - 0.831 + 2.000000) = 150.437
  Pos[13]: 0.032 Ã— (515.796 - 0.681 + 2.000000) = 16.548
  Pos[14]: 0.140 Ã— (515.796 - 0.035 + 2.000000) = 72.487
  Pos[15]: 0.365 Ã— (515.796 - 0.978 + 2.000000) = 188.639
  Pos[16]: 0.650 Ã— (515.796 - 0.630 + 2.000000) = 336.158
  Pos[17]: 0.332 Ã— (515.796 - 0.914 + 2.000000) = 171.605
  Pos[18]: 0.892 Ã— (515.796 - 0.483 + 2.000000) = 461.443
New position: ['316.001', '373.787', '192.995', '202.256', '12.922', '291.476', '15.507', '43.939', '179.951', '360.800', '44.011', '150.437', '16.548', '72.487', '188.639', '336.158', '171.605', '461.443']

Updating S3:
  Pos[1]: 0.946 Ã— (515.796 - 0.029 + 2.000000) = 489.808
  Pos[2]: 0.949 Ã— (515.796 - 0.550 + 2.000000) = 490.867
  Pos[3]: 0.613 Ã— (515.796 - 0.800 + 2.000000) = 316.919
  Pos[4]: 0.804 Ã— (515.796 - 0.581 + 2.000000) = 415.841
  Pos[5]: 0.375 Ã— (515.796 - 0.453 + 2.000000) = 194.004
  Pos[6]: 0.060 Ã— (515.796 - 0.065 + 2.000000) = 31.064
  Pos[7]: 0.597 Ã— (515.796 - 0.793 + 2.000000) = 308.651
  Pos[8]: 0.674 Ã— (515.796 - 0.377 + 2.000000) = 348.740
  Pos[9]: 0.887 Ã— (515.796 - 0.624 + 2.000000) = 458.732
  Pos[10]: 0.695 Ã— (515.796 - 0.738 + 2.000000) = 359.355
  Pos[11]: 0.640 Ã— (515.796 - 0.484 + 2.000000) = 331.080
  Pos[12]: 0.422 Ã— (515.796 - 0.878 + 2.000000) = 218.139
  Pos[13]: 0.022 Ã— (515.796 - 0.148 + 2.000000) = 11.388
  Pos[14]: 0.858 Ã— (515.796 - 0.179 + 2.000000) = 444.115
  Pos[15]: 0.570 Ã— (515.796 - 0.062 + 2.000000) = 295.108
  Pos[16]: 0.354 Ã— (515.796 - 0.640 + 2.000000) = 183.073
  Pos[17]: 0.855 Ã— (515.796 - 0.399 + 2.000000) = 442.375
  Pos[18]: 0.285 Ã— (515.796 - 0.840 + 2.000000) = 147.332
New position: ['489.808', '490.867', '316.919', '415.841', '194.004', '31.064', '308.651', '348.740', '458.732', '359.355', '331.080', '218.139', '11.388', '444.115', '295.108', '183.073', '442.375', '147.332']

Updating S4:
  Pos[1]: 0.883 Ã— (515.796 - 0.201 + 2.000000) = 457.036
  Pos[2]: 0.227 Ã— (515.796 - 0.346 + 2.000000) = 117.461
  Pos[3]: 0.671 Ã— (515.796 - 0.334 + 2.000000) = 347.217
  Pos[4]: 0.151 Ã— (515.796 - 0.669 + 2.000000) = 78.086
  Pos[5]: 0.421 Ã— (515.796 - 0.349 + 2.000000) = 217.845
  Pos[6]: 0.307 Ã— (515.796 - 0.064 + 2.000000) = 158.944
  Pos[7]: 0.058 Ã— (515.796 - 0.627 + 2.000000) = 29.996
  Pos[8]: 0.582 Ã— (515.796 - 0.101 + 2.000000) = 301.299
  Pos[9]: 0.601 Ã— (515.796 - 0.712 + 2.000000) = 310.768
  Pos[10]: 0.446 Ã— (515.796 - 0.072 + 2.000000) = 230.905
  Pos[11]: 0.656 Ã— (515.796 - 0.626 + 2.000000) = 339.264
  Pos[12]: 0.551 Ã— (515.796 - 0.991 + 2.000000) = 284.760
  Pos[13]: 0.524 Ã— (515.796 - 0.439 + 2.000000) = 271.095
  Pos[14]: 0.511 Ã— (515.796 - 0.726 + 2.000000) = 264.223
  Pos[15]: 0.294 Ã— (515.796 - 0.243 + 2.000000) = 152.161
  Pos[16]: 0.626 Ã— (515.796 - 0.320 + 2.000000) = 323.940
  Pos[17]: 0.011 Ã— (515.796 - 0.719 + 2.000000) = 5.688
  Pos[18]: 0.775 Ã— (515.796 - 0.614 + 2.000000) = 400.816
New position: ['457.036', '117.461', '347.217', '78.086', '217.845', '158.944', '29.996', '301.299', '310.768', '230.905', '339.264', '284.760', '271.095', '264.223', '152.161', '323.940', '5.688', '400.816']

All sardine positions updated!

================================================================================
ITERATION 3 - STEP 4: SAILFISH-SARDINE REPLACEMENT
================================================================================
Analysis:
- Worst sailfish fitness: 566.286
- Sardines better than worst sailfish: 0
- No replacement will occur

================================================================================
ITERATION 3 - STEP 1: GENERATING NEW ROUTES
================================================================================
SAILFISH Routes:

===== SF1 ====================================================
Random values: [0.342, 0.393, 0.374, 0.354, 0.488, 0.162, 0.989, 0.469, 0.371, 0.808, 0.231, 0.862, 0.943, 0.353, 0.4, 0.789, 0.754, 0.246]
Routes (with depot returns): Route1: 0-6-11-18-1-14-4-9-3-2-15-8-5-17-16-10-12-13-7-0  
Route1 demand: 300.0/300.0

===== SF2 ====================================================
Random values: [0.843, 0.33, 0.203, 0.919, 0.962, 0.183, 0.392, 0.544, 0.533, 0.597, 0.264, 0.982, 0.648, 0.85, 0.054, 0.169, 0.458, 0.559]
Routes (with depot returns): Route1: 0-15-16-6-3-11-2-7-17-9-8-18-10-13-1-14-4-5-12-0  
Route1 demand: 300.0/300.0

===== SF3 ====================================================
Random values: [0.093, 0.741, 0.535, 0.155, 0.16, 0.985, 0.237, 0.531, 0.025, 0.473, 0.685, 0.739, 0.24, 0.245, 0.132, 0.564, 0.259, 0.416]
Routes (with depot returns): Route1: 0-9-1-15-4-5-7-13-14-17-18-10-8-3-16-11-12-2-6-0  
Route1 demand: 300.0/300.0

SARDINE Routes:

===== S1 ====================================================
Random values: [0.287, 0.611, 0.528, 0.388, 0.788, 0.766, 0.593, 0.343, 0.842, 0.002, 0.356, 0.969, 0.06, 0.063, 0.546, 0.375, 0.714, 0.694]
Routes (with depot returns): Route1: 0-10-13-14-1-8-11-16-4-3-15-7-2-18-17-6-5-9-12-0  
Route1 demand: 300.0/300.0

===== S2 ====================================================
Random values: [0.61, 0.085, 0.384, 0.518, 0.898, 0.994, 0.9, 0.872, 0.695, 0.149, 0.023, 0.831, 0.681, 0.035, 0.978, 0.63, 0.914, 0.483]
Routes (with depot returns): Route1: 0-11-14-2-10-3-18-4-1-16-13-9-12-8-5-7-17-15-6-0  
Route1 demand: 300.0/300.0

===== S3 ====================================================
Random values: [0.029, 0.55, 0.8, 0.581, 0.453, 0.065, 0.793, 0.377, 0.624, 0.738, 0.484, 0.878, 0.148, 0.179, 0.062, 0.64, 0.399, 0.84]
Routes (with depot returns): Route1: 0-1-15-6-13-14-8-17-5-11-2-4-9-16-10-7-3-18-12-0  
Route1 demand: 300.0/300.0

===== S4 ====================================================
Random values: [0.201, 0.346, 0.334, 0.669, 0.349, 0.064, 0.627, 0.101, 0.712, 0.072, 0.626, 0.991, 0.439, 0.726, 0.243, 0.32, 0.719, 0.614]
Routes (with depot returns): Route1: 0-6-10-8-1-15-16-3-2-5-13-18-11-7-4-9-17-14-12-0  
Route1 demand: 300.0/300.0

================================================================================
ITERATION 3 - STEP 3: FITNESS SUMMARY
================================================================================
SAILFISH FITNESS SCORES:
------------------------------
SF1: 529.167
SF2: 515.796 â­ BEST
SF3: 566.286

SARDINE FITNESS SCORES:
-------------------------
S1: 625.176 â­ BEST
S2: 635.346
S3: 640.453
S4: 661.789

OVERALL SUMMARY:
--------------------
Best Sailfish Fitness: 515.796
Best Sardine Fitness: 625.176
Overall Best Fitness: 515.796
Best Routes: [[15, 16, 6, 3, 11, 2, 7, 17, 9, 8, 18, 10, 13, 1, 14, 4, 5, 12]]

========================================================================================================================
ITERATION 3 - COMPREHENSIVE RESULTS TABLE
========================================================================================================================
ID   Random Values                  Routes                                   Fitness   
------------------------------------------------------------------------------------------------------------------------
SF1  ['0.342', '0.393', '0.374', '0.354', '0.488', '0.162', '0.989', '0.469', '0.371', '0.808', '0.231', '0.862', '0.943', '0.353', '0.400', '0.789', '0.754', '0.246'] [[6, 11, 18, 1, 14, 4, 9, 3, 2, 15, 8, 5, 17, 16, 10, 12, 13, 7]] 529.167   
SF2  ['0.843', '0.330', '0.203', '0.919', '0.962', '0.183', '0.392', '0.544', '0.533', '0.597', '0.264', '0.982', '0.648', '0.850', '0.054', '0.169', '0.458', '0.559'] [[15, 16, 6, 3, 11, 2, 7, 17, 9, 8, 18, 10, 13, 1, 14, 4, 5, 12]] 515.796    ðŸŽ¯
SF3  ['0.093', '0.741', '0.535', '0.155', '0.160', '0.985', '0.237', '0.531', '0.025', '0.473', '0.685', '0.739', '0.240', '0.245', '0.132', '0.564', '0.259', '0.416'] [[9, 1, 15, 4, 5, 7, 13, 14, 17, 18, 10, 8, 3, 16, 11, 12, 2, 6]] 566.286   
S1   ['0.287', '0.611', '0.528', '0.388', '0.788', '0.766', '0.593', '0.343', '0.842', '0.002', '0.356', '0.969', '0.060', '0.063', '0.546', '0.375', '0.714', '0.694'] [[10, 13, 14, 1, 8, 11, 16, 4, 3, 15, 7, 2, 18, 17, 6, 5, 9, 12]] 625.176   
S2   ['0.610', '0.085', '0.384', '0.518', '0.898', '0.994', '0.900', '0.872', '0.695', '0.149', '0.023', '0.831', '0.681', '0.035', '0.978', '0.630', '0.914', '0.483'] [[11, 14, 2, 10, 3, 18, 4, 1, 16, 13, 9, 12, 8, 5, 7, 17, 15, 6]] 635.346   
S3   ['0.029', '0.550', '0.800', '0.581', '0.453', '0.065', '0.793', '0.377', '0.624', '0.738', '0.484', '0.878', '0.148', '0.179', '0.062', '0.640', '0.399', '0.840'] [[1, 15, 6, 13, 14, 8, 17, 5, 11, 2, 4, 9, 16, 10, 7, 3, 18, 12]] 640.453   
S4   ['0.201', '0.346', '0.334', '0.669', '0.349', '0.064', '0.627', '0.101', '0.712', '0.072', '0.626', '0.991', '0.439', '0.726', '0.243', '0.320', '0.719', '0.614'] [[6, 10, 8, 1, 15, 16, 3, 2, 5, 13, 18, 11, 7, 4, 9, 17, 14, 12]] 661.789   

Best Solution: 515.796

====================================================================================================
FINAL VRP OPTIMIZATION RESULTS
====================================================================================================
Algorithm Parameters:
- N Sailfish: 3
- N Sardines: 5
- Max Iter: 3
- A: 4.0
- Epsilon: 0.001

VRP Parameters:
- Max Capacity: 300.0
- Max Vehicles: 1
- Problem Size: 18
- Data File: kecil.csv

Best Solution:
- Routes: [[15, 16, 6, 3, 11, 2, 7, 17, 9, 8, 18, 10, 13, 1, 14, 4, 5, 12]]
- Total Distance: 515.796


====================================================================================================
ðŸšš DETAILED ROUTE ANALYSIS - VEHICLE FLOW EXPLANATION
====================================================================================================
ðŸ“ DEPOT LOCATION: (30.0, 40.0)

ðŸš› VEHICLE 1 ROUTE ANALYSIS
------------------------------------------------------------
ðŸ“¦ Route Demand: 300.0/300.0 (100.0% capacity used)
ðŸ‘¥ Customers to visit: 18

ðŸ”„ ROUTE FLOW:
   Step 1: Vehicle starts at DEPOT (30.0, 40.0)
            Initial capacity: 300.0 units
   Step 2: Travel to Customer 15 (63.0, 63.0)
            Distance: 40.224 units
            Deliver demand: 32.0 units
            Remaining capacity: 268.0 units
   Step 3: Travel to Customer 16 (54.0, 53.0)
            Distance: 13.454 units
            Deliver demand: 31.0 units
            Remaining capacity: 237.0 units
   Step 4: Travel to Customer 6 (55.0, 70.0)
            Distance: 17.029 units
            Deliver demand: 7.0 units
            Remaining capacity: 230.0 units
   Step 5: Travel to Customer 3 (77.0, 73.0)
            Distance: 22.204 units
            Deliver demand: 23.0 units
            Remaining capacity: 207.0 units
   Step 6: Travel to Customer 11 (69.0, 76.0)
            Distance: 8.544 units
            Deliver demand: 9.0 units
            Remaining capacity: 198.0 units
   Step 7: Travel to Customer 2 (49.0, 48.0)
            Distance: 34.409 units
            Deliver demand: 10.0 units
            Remaining capacity: 188.0 units
   Step 8: Travel to Customer 7 (26.0, 41.0)
            Distance: 24.042 units
            Deliver demand: 11.0 units
            Remaining capacity: 177.0 units
   Step 9: Travel to Customer 17 (36.0, 21.0)
            Distance: 22.361 units
            Deliver demand: 7.0 units
            Remaining capacity: 170.0 units
   Step 10: Travel to Customer 9 (68.0, 29.0)
            Distance: 32.985 units
            Deliver demand: 24.0 units
            Remaining capacity: 146.0 units
   Step 11: Travel to Customer 8 (57.0, 29.0)
            Distance: 11.000 units
            Deliver demand: 7.0 units
            Remaining capacity: 139.0 units
   Step 12: Travel to Customer 18 (48.0, 37.0)
            Distance: 12.042 units
            Deliver demand: 23.0 units
            Remaining capacity: 116.0 units
   Step 13: Travel to Customer 10 (65.0, 29.0)
            Distance: 18.788 units
            Deliver demand: 7.0 units
            Remaining capacity: 109.0 units
   Step 14: Travel to Customer 13 (20.0, 68.0)
            Distance: 59.548 units
            Deliver demand: 35.0 units
            Remaining capacity: 74.0 units
   Step 15: Travel to Customer 1 (69.0, 77.0)
            Distance: 49.820 units
            Deliver demand: 7.0 units
            Remaining capacity: 67.0 units
   Step 16: Travel to Customer 14 (61.0, 78.0)
            Distance: 8.062 units
            Deliver demand: 26.0 units
            Remaining capacity: 41.0 units
   Step 17: Travel to Customer 4 (64.0, 52.0)
            Distance: 26.173 units
            Deliver demand: 16.0 units
            Remaining capacity: 25.0 units
   Step 18: Travel to Customer 5 (47.0, 24.0)
            Distance: 32.757 units
            Deliver demand: 19.0 units
            Remaining capacity: 6.0 units
   Step 19: Travel to Customer 12 (47.0, 71.0)
            Distance: 47.000 units
            Deliver demand: 6.0 units
            Remaining capacity: 0.0 units
   Step 20: Return to DEPOT (30.0, 40.0)
            Distance: 35.355 units
            Vehicle unloaded and ready for next route

ðŸ“Š VEHICLE 1 SUMMARY:
   Total distance: 515.796 units
   Customers served: 18
   Demand delivered: 300.0 units
   Route efficiency: 0.582 units/distance

====================================================================================================
ðŸŽ¯ OVERALL OPTIMIZATION SUMMARY
====================================================================================================
Total distance traveled by all vehicles: 515.796 units
Total customers served: 18
Total demand delivered: 300.0 units
Vehicles used: 1/1
Average distance per vehicle: 515.796 units
====================================================================================================

Summary:
- Total customers served: 18/18
- Total demand served: 300.0
- Number of vehicles used: 1/1

Fitness Evolution:
- Initial: 515.796
- Final: 515.796
- Improvement: 0.000
- History: ['515.796', '515.796', '515.796', '515.796']

====================================================================================================
VRP OPTIMIZATION COMPLETED!
====================================================================================================

Optimization completed at: 2025-10-02 11:33:22

================================================================================
OPTIMIZATION RESULTS SUMMARY
================================================================================
Algorithm Parameters:
  N Sailfish: 3
  N Sardines: 5
  Max Iter: 3
  A: 4.0
  Epsilon: 0.001

VRP Parameters:
  Max Capacity: 300.0
  Max Vehicles: 1
  Problem Size: 18
  Data File: kecil.csv

Best Solution:
  Total Distance: 515.796
  Routes: [[15, 16, 6, 3, 11, 2, 7, 17, 9, 8, 18, 10, 13, 1, 14, 4, 5, 12]]

Fitness Evolution:
  Initial Fitness: 515.796
  Final Fitness: 515.796
  Improvement: 0.000
================================================================================
Successfully loaded data from kecil.csv
Depot: ID=0, X=30.0, Y=40.0, Demand=0.0
Customers: 18 customers loaded

====================================================================================================
ðŸšš DETAILED ROUTE ANALYSIS - VEHICLE FLOW EXPLANATION
====================================================================================================
ðŸ“ DEPOT LOCATION: (30.0, 40.0)

ðŸš› VEHICLE 1 ROUTE ANALYSIS
------------------------------------------------------------
ðŸ“¦ Route Demand: 300.0/300.0 (100.0% capacity used)
ðŸ‘¥ Customers to visit: 18

ðŸ”„ ROUTE FLOW:
   Step 1: Vehicle starts at DEPOT (30.0, 40.0)
            Initial capacity: 300.0 units
   Step 2: Travel to Customer 15 (63.0, 63.0)
            Distance: 40.224 units
            Deliver demand: 32.0 units
            Remaining capacity: 268.0 units
   Step 3: Travel to Customer 16 (54.0, 53.0)
            Distance: 13.454 units
            Deliver demand: 31.0 units
            Remaining capacity: 237.0 units
   Step 4: Travel to Customer 6 (55.0, 70.0)
            Distance: 17.029 units
            Deliver demand: 7.0 units
            Remaining capacity: 230.0 units
   Step 5: Travel to Customer 3 (77.0, 73.0)
            Distance: 22.204 units
            Deliver demand: 23.0 units
            Remaining capacity: 207.0 units
   Step 6: Travel to Customer 11 (69.0, 76.0)
            Distance: 8.544 units
            Deliver demand: 9.0 units
            Remaining capacity: 198.0 units
   Step 7: Travel to Customer 2 (49.0, 48.0)
            Distance: 34.409 units
            Deliver demand: 10.0 units
            Remaining capacity: 188.0 units
   Step 8: Travel to Customer 7 (26.0, 41.0)
            Distance: 24.042 units
            Deliver demand: 11.0 units
            Remaining capacity: 177.0 units
   Step 9: Travel to Customer 17 (36.0, 21.0)
            Distance: 22.361 units
            Deliver demand: 7.0 units
            Remaining capacity: 170.0 units
   Step 10: Travel to Customer 9 (68.0, 29.0)
            Distance: 32.985 units
            Deliver demand: 24.0 units
            Remaining capacity: 146.0 units
   Step 11: Travel to Customer 8 (57.0, 29.0)
            Distance: 11.000 units
            Deliver demand: 7.0 units
            Remaining capacity: 139.0 units
   Step 12: Travel to Customer 18 (48.0, 37.0)
            Distance: 12.042 units
            Deliver demand: 23.0 units
            Remaining capacity: 116.0 units
   Step 13: Travel to Customer 10 (65.0, 29.0)
            Distance: 18.788 units
            Deliver demand: 7.0 units
            Remaining capacity: 109.0 units
   Step 14: Travel to Customer 13 (20.0, 68.0)
            Distance: 59.548 units
            Deliver demand: 35.0 units
            Remaining capacity: 74.0 units
   Step 15: Travel to Customer 1 (69.0, 77.0)
            Distance: 49.820 units
            Deliver demand: 7.0 units
            Remaining capacity: 67.0 units
   Step 16: Travel to Customer 14 (61.0, 78.0)
            Distance: 8.062 units
            Deliver demand: 26.0 units
            Remaining capacity: 41.0 units
   Step 17: Travel to Customer 4 (64.0, 52.0)
            Distance: 26.173 units
            Deliver demand: 16.0 units
            Remaining capacity: 25.0 units
   Step 18: Travel to Customer 5 (47.0, 24.0)
            Distance: 32.757 units
            Deliver demand: 19.0 units
            Remaining capacity: 6.0 units
   Step 19: Travel to Customer 12 (47.0, 71.0)
            Distance: 47.000 units
            Deliver demand: 6.0 units
            Remaining capacity: 0.0 units
   Step 20: Return to DEPOT (30.0, 40.0)
            Distance: 35.355 units
            Vehicle unloaded and ready for next route

ðŸ“Š VEHICLE 1 SUMMARY:
   Total distance: 515.796 units
   Customers served: 18
   Demand delivered: 300.0 units
   Route efficiency: 0.582 units/distance

====================================================================================================
ðŸŽ¯ OVERALL OPTIMIZATION SUMMARY
====================================================================================================
Total distance traveled by all vehicles: 515.796 units
Total customers served: 18
Total demand delivered: 300.0 units
Vehicles used: 1/1
Average distance per vehicle: 515.796 units
====================================================================================================
